aclocal.m4:17: warning: this file was generated for autoconf 2.69.
You have another version of autoconf.  It may work, but is not guaranteed to.
If you have problems, you may need to regenerate the build system entirely.
To do so, use the procedure documented by the package, typically 'autoreconf'.
configure.ac:7: error: version mismatch.  This is Automake 1.16.5,
configure.ac:7: but the definition used by this AM_INIT_AUTOMAKE
configure.ac:7: comes from Automake 1.15.1.  You should recreate
configure.ac:7: aclocal.m4 with aclocal and run automake again.
configure.ac:7: error: version mismatch.  This is Automake 1.16.5,
configure.ac:7: but the definition used by this AM_INIT_AUTOMAKE
configure.ac:7: comes from Automake 1.15.1.  You should recreate
configure.ac:7: aclocal.m4 with aclocal and run automake again.
configure.ac:6: warning: The macro `AC_CONFIG_HEADER' is obsolete.
configure.ac:6: You should run autoupdate.
./lib/autoconf/status.m4:719: AC_CONFIG_HEADER is expanded from...
configure.ac:6: the top level
configure.ac:16: warning: The macro `AC_ISC_POSIX' is obsolete.
configure.ac:16: You should run autoupdate.
./lib/autoconf/specific.m4:550: AC_ISC_POSIX is expanded from...
configure.ac:16: the top level
configure.ac:31: warning: The macro `AC_HELP_STRING' is obsolete.
configure.ac:31: You should run autoupdate.
./lib/autoconf/general.m4:204: AC_HELP_STRING is expanded from...
configure.ac:31: the top level
configure.ac:44: warning: The macro `AC_HELP_STRING' is obsolete.
configure.ac:44: You should run autoupdate.
./lib/autoconf/general.m4:204: AC_HELP_STRING is expanded from...
configure.ac:44: the top level
configure.ac:50: warning: The macro `AC_HELP_STRING' is obsolete.
configure.ac:50: You should run autoupdate.
./lib/autoconf/general.m4:204: AC_HELP_STRING is expanded from...
configure.ac:50: the top level
configure.ac:56: warning: The macro `AC_HELP_STRING' is obsolete.
configure.ac:56: You should run autoupdate.
./lib/autoconf/general.m4:204: AC_HELP_STRING is expanded from...
configure.ac:56: the top level
configure.ac:68: warning: The macro `AC_LANG_C' is obsolete.
configure.ac:68: You should run autoupdate.
./lib/autoconf/c.m4:72: AC_LANG_C is expanded from...
acinclude.m4:18: PAC_MPI_LINK_CC_FUNC is expanded from...
configure.ac:68: the top level
configure.ac:68: warning: The macro `AC_TRY_LINK' is obsolete.
configure.ac:68: You should run autoupdate.
./lib/autoconf/general.m4:2920: AC_TRY_LINK is expanded from...
acinclude.m4:18: PAC_MPI_LINK_CC_FUNC is expanded from...
configure.ac:68: the top level
configure.ac:85: warning: The macro `AC_HELP_STRING' is obsolete.
configure.ac:85: You should run autoupdate.
./lib/autoconf/general.m4:204: AC_HELP_STRING is expanded from...
configure.ac:85: the top level
configure.ac:101: warning: The macro `AC_HELP_STRING' is obsolete.
configure.ac:101: You should run autoupdate.
./lib/autoconf/general.m4:204: AC_HELP_STRING is expanded from...
configure.ac:101: the top level
configure.ac:111: warning: The macro `AC_HELP_STRING' is obsolete.
configure.ac:111: You should run autoupdate.
./lib/autoconf/general.m4:204: AC_HELP_STRING is expanded from...
configure.ac:111: the top level
configure.ac:121: warning: The macro `AC_HELP_STRING' is obsolete.
configure.ac:121: You should run autoupdate.
./lib/autoconf/general.m4:204: AC_HELP_STRING is expanded from...
configure.ac:121: the top level
configure.ac:132: warning: The macro `AC_HELP_STRING' is obsolete.
configure.ac:132: You should run autoupdate.
./lib/autoconf/general.m4:204: AC_HELP_STRING is expanded from...
configure.ac:132: the top level
configure.ac:144: warning: The macro `AC_HELP_STRING' is obsolete.
configure.ac:144: You should run autoupdate.
./lib/autoconf/general.m4:204: AC_HELP_STRING is expanded from...
configure.ac:144: the top level
configure.ac:156: warning: The macro `AC_HELP_STRING' is obsolete.
configure.ac:156: You should run autoupdate.
./lib/autoconf/general.m4:204: AC_HELP_STRING is expanded from...
configure.ac:156: the top level
configure.ac:6: warning: The macro `AC_CONFIG_HEADER' is obsolete.
configure.ac:6: You should run autoupdate.
./lib/autoconf/status.m4:719: AC_CONFIG_HEADER is expanded from...
configure.ac:6: the top level
configure.ac:16: warning: The macro `AC_ISC_POSIX' is obsolete.
configure.ac:16: You should run autoupdate.
./lib/autoconf/specific.m4:550: AC_ISC_POSIX is expanded from...
configure.ac:16: the top level
configure.ac:31: warning: The macro `AC_HELP_STRING' is obsolete.
configure.ac:31: You should run autoupdate.
./lib/autoconf/general.m4:204: AC_HELP_STRING is expanded from...
configure.ac:31: the top level
configure.ac:44: warning: The macro `AC_HELP_STRING' is obsolete.
configure.ac:44: You should run autoupdate.
./lib/autoconf/general.m4:204: AC_HELP_STRING is expanded from...
configure.ac:44: the top level
configure.ac:50: warning: The macro `AC_HELP_STRING' is obsolete.
configure.ac:50: You should run autoupdate.
./lib/autoconf/general.m4:204: AC_HELP_STRING is expanded from...
configure.ac:50: the top level
configure.ac:56: warning: The macro `AC_HELP_STRING' is obsolete.
configure.ac:56: You should run autoupdate.
./lib/autoconf/general.m4:204: AC_HELP_STRING is expanded from...
configure.ac:56: the top level
configure.ac:68: warning: The macro `AC_LANG_C' is obsolete.
configure.ac:68: You should run autoupdate.
./lib/autoconf/c.m4:72: AC_LANG_C is expanded from...
acinclude.m4:18: PAC_MPI_LINK_CC_FUNC is expanded from...
configure.ac:68: the top level
configure.ac:68: warning: The macro `AC_TRY_LINK' is obsolete.
configure.ac:68: You should run autoupdate.
./lib/autoconf/general.m4:2920: AC_TRY_LINK is expanded from...
acinclude.m4:18: PAC_MPI_LINK_CC_FUNC is expanded from...
configure.ac:68: the top level
configure.ac:85: warning: The macro `AC_HELP_STRING' is obsolete.
configure.ac:85: You should run autoupdate.
./lib/autoconf/general.m4:204: AC_HELP_STRING is expanded from...
configure.ac:85: the top level
configure.ac:101: warning: The macro `AC_HELP_STRING' is obsolete.
configure.ac:101: You should run autoupdate.
./lib/autoconf/general.m4:204: AC_HELP_STRING is expanded from...
configure.ac:101: the top level
configure.ac:111: warning: The macro `AC_HELP_STRING' is obsolete.
configure.ac:111: You should run autoupdate.
./lib/autoconf/general.m4:204: AC_HELP_STRING is expanded from...
configure.ac:111: the top level
configure.ac:121: warning: The macro `AC_HELP_STRING' is obsolete.
configure.ac:121: You should run autoupdate.
./lib/autoconf/general.m4:204: AC_HELP_STRING is expanded from...
configure.ac:121: the top level
configure.ac:132: warning: The macro `AC_HELP_STRING' is obsolete.
configure.ac:132: You should run autoupdate.
./lib/autoconf/general.m4:204: AC_HELP_STRING is expanded from...
configure.ac:132: the top level
configure.ac:144: warning: The macro `AC_HELP_STRING' is obsolete.
configure.ac:144: You should run autoupdate.
./lib/autoconf/general.m4:204: AC_HELP_STRING is expanded from...
configure.ac:144: the top level
configure.ac:156: warning: The macro `AC_HELP_STRING' is obsolete.
configure.ac:156: You should run autoupdate.
./lib/autoconf/general.m4:204: AC_HELP_STRING is expanded from...
configure.ac:156: the top level
configure.ac:6: warning: The macro `AC_CONFIG_HEADER' is obsolete.
configure.ac:6: You should run autoupdate.
./lib/autoconf/status.m4:719: AC_CONFIG_HEADER is expanded from...
configure.ac:6: the top level
configure.ac:16: warning: The macro `AC_ISC_POSIX' is obsolete.
configure.ac:16: You should run autoupdate.
./lib/autoconf/specific.m4:550: AC_ISC_POSIX is expanded from...
configure.ac:16: the top level
configure.ac:31: warning: The macro `AC_HELP_STRING' is obsolete.
configure.ac:31: You should run autoupdate.
./lib/autoconf/general.m4:204: AC_HELP_STRING is expanded from...
configure.ac:31: the top level
configure.ac:44: warning: The macro `AC_HELP_STRING' is obsolete.
configure.ac:44: You should run autoupdate.
./lib/autoconf/general.m4:204: AC_HELP_STRING is expanded from...
configure.ac:44: the top level
configure.ac:50: warning: The macro `AC_HELP_STRING' is obsolete.
configure.ac:50: You should run autoupdate.
./lib/autoconf/general.m4:204: AC_HELP_STRING is expanded from...
configure.ac:50: the top level
configure.ac:56: warning: The macro `AC_HELP_STRING' is obsolete.
configure.ac:56: You should run autoupdate.
./lib/autoconf/general.m4:204: AC_HELP_STRING is expanded from...
configure.ac:56: the top level
configure.ac:68: warning: The macro `AC_LANG_C' is obsolete.
configure.ac:68: You should run autoupdate.
./lib/autoconf/c.m4:72: AC_LANG_C is expanded from...
acinclude.m4:18: PAC_MPI_LINK_CC_FUNC is expanded from...
configure.ac:68: the top level
configure.ac:68: warning: The macro `AC_TRY_LINK' is obsolete.
configure.ac:68: You should run autoupdate.
./lib/autoconf/general.m4:2920: AC_TRY_LINK is expanded from...
acinclude.m4:18: PAC_MPI_LINK_CC_FUNC is expanded from...
configure.ac:68: the top level
configure.ac:85: warning: The macro `AC_HELP_STRING' is obsolete.
configure.ac:85: You should run autoupdate.
./lib/autoconf/general.m4:204: AC_HELP_STRING is expanded from...
configure.ac:85: the top level
configure.ac:101: warning: The macro `AC_HELP_STRING' is obsolete.
configure.ac:101: You should run autoupdate.
./lib/autoconf/general.m4:204: AC_HELP_STRING is expanded from...
configure.ac:101: the top level
configure.ac:111: warning: The macro `AC_HELP_STRING' is obsolete.
configure.ac:111: You should run autoupdate.
./lib/autoconf/general.m4:204: AC_HELP_STRING is expanded from...
configure.ac:111: the top level
configure.ac:121: warning: The macro `AC_HELP_STRING' is obsolete.
configure.ac:121: You should run autoupdate.
./lib/autoconf/general.m4:204: AC_HELP_STRING is expanded from...
configure.ac:121: the top level
configure.ac:132: warning: The macro `AC_HELP_STRING' is obsolete.
configure.ac:132: You should run autoupdate.
./lib/autoconf/general.m4:204: AC_HELP_STRING is expanded from...
configure.ac:132: the top level
configure.ac:144: warning: The macro `AC_HELP_STRING' is obsolete.
configure.ac:144: You should run autoupdate.
./lib/autoconf/general.m4:204: AC_HELP_STRING is expanded from...
configure.ac:144: the top level
configure.ac:156: warning: The macro `AC_HELP_STRING' is obsolete.
configure.ac:156: You should run autoupdate.
./lib/autoconf/general.m4:204: AC_HELP_STRING is expanded from...
configure.ac:156: the top level
configure.ac:6: warning: The macro `AC_CONFIG_HEADER' is obsolete.
configure.ac:6: You should run autoupdate.
./lib/autoconf/status.m4:719: AC_CONFIG_HEADER is expanded from...
configure.ac:6: the top level
configure.ac:16: warning: The macro `AC_ISC_POSIX' is obsolete.
configure.ac:16: You should run autoupdate.
./lib/autoconf/specific.m4:550: AC_ISC_POSIX is expanded from...
configure.ac:16: the top level
configure.ac:31: warning: The macro `AC_HELP_STRING' is obsolete.
configure.ac:31: You should run autoupdate.
./lib/autoconf/general.m4:204: AC_HELP_STRING is expanded from...
configure.ac:31: the top level
configure.ac:44: warning: The macro `AC_HELP_STRING' is obsolete.
configure.ac:44: You should run autoupdate.
./lib/autoconf/general.m4:204: AC_HELP_STRING is expanded from...
configure.ac:44: the top level
configure.ac:50: warning: The macro `AC_HELP_STRING' is obsolete.
configure.ac:50: You should run autoupdate.
./lib/autoconf/general.m4:204: AC_HELP_STRING is expanded from...
configure.ac:50: the top level
configure.ac:56: warning: The macro `AC_HELP_STRING' is obsolete.
configure.ac:56: You should run autoupdate.
./lib/autoconf/general.m4:204: AC_HELP_STRING is expanded from...
configure.ac:56: the top level
configure.ac:68: warning: The macro `AC_LANG_C' is obsolete.
configure.ac:68: You should run autoupdate.
./lib/autoconf/c.m4:72: AC_LANG_C is expanded from...
acinclude.m4:18: PAC_MPI_LINK_CC_FUNC is expanded from...
configure.ac:68: the top level
configure.ac:68: warning: The macro `AC_TRY_LINK' is obsolete.
configure.ac:68: You should run autoupdate.
./lib/autoconf/general.m4:2920: AC_TRY_LINK is expanded from...
acinclude.m4:18: PAC_MPI_LINK_CC_FUNC is expanded from...
configure.ac:68: the top level
configure.ac:85: warning: The macro `AC_HELP_STRING' is obsolete.
configure.ac:85: You should run autoupdate.
./lib/autoconf/general.m4:204: AC_HELP_STRING is expanded from...
configure.ac:85: the top level
configure.ac:101: warning: The macro `AC_HELP_STRING' is obsolete.
configure.ac:101: You should run autoupdate.
./lib/autoconf/general.m4:204: AC_HELP_STRING is expanded from...
configure.ac:101: the top level
configure.ac:111: warning: The macro `AC_HELP_STRING' is obsolete.
configure.ac:111: You should run autoupdate.
./lib/autoconf/general.m4:204: AC_HELP_STRING is expanded from...
configure.ac:111: the top level
configure.ac:121: warning: The macro `AC_HELP_STRING' is obsolete.
configure.ac:121: You should run autoupdate.
./lib/autoconf/general.m4:204: AC_HELP_STRING is expanded from...
configure.ac:121: the top level
configure.ac:132: warning: The macro `AC_HELP_STRING' is obsolete.
configure.ac:132: You should run autoupdate.
./lib/autoconf/general.m4:204: AC_HELP_STRING is expanded from...
configure.ac:132: the top level
configure.ac:144: warning: The macro `AC_HELP_STRING' is obsolete.
configure.ac:144: You should run autoupdate.
./lib/autoconf/general.m4:204: AC_HELP_STRING is expanded from...
configure.ac:144: the top level
configure.ac:156: warning: The macro `AC_HELP_STRING' is obsolete.
configure.ac:156: You should run autoupdate.
./lib/autoconf/general.m4:204: AC_HELP_STRING is expanded from...
configure.ac:156: the top level
