checking for a BSD-compatible install... /usr/bin/install -c
checking whether build environment is sane... yes
/home/jinchen/USQCD/source/qmp/config/missing: Unknown `--is-lightweight' option
Try `/home/jinchen/USQCD/source/qmp/config/missing --help' for more information
configure: WARNING: 'missing' script is too old or missing
checking for a race-free mkdir -p... /usr/bin/mkdir -p
checking for gawk... no
checking for mawk... mawk
checking whether make sets $(MAKE)... yes
checking whether make supports nested variables... yes
checking whether make sets $(MAKE)... (cached) yes
checking whether the C compiler works... yes
checking for C compiler default output file name... a.out
checking for suffix of executables... 
checking whether we are cross compiling... no
checking for suffix of object files... o
checking whether the compiler supports GNU C... yes
checking whether /usr/bin/mpicc accepts -g... yes
checking for /usr/bin/mpicc option to enable C11 features... none needed
checking whether /usr/bin/mpicc understands -c and -o together... yes
checking whether make supports the include directive... yes (GNU style)
checking dependency style of /usr/bin/mpicc... gcc3
checking for library containing strerror... none required
checking for ranlib... ranlib
checking for ar... ar
Building QMP for use with MPI
checking if we can compile/link of a simple MPI program... yes
checking if malloc debugging is wanted... no
checking for doxygen... no
checking that generated files are newer than configure... done
configure: creating ./config.status
config.status: creating Makefile
config.status: creating include/Makefile
config.status: creating lib/Makefile
config.status: creating bin/Makefile
config.status: creating bin/qmp-config
config.status: creating examples/Makefile
config.status: creating doc/Makefile
config.status: creating doc/QMPdoxyfile
config.status: creating include/qmp_config.h
config.status: executing depfiles commands
