Making install in include
make[1]: Entering directory '/home/jinchen/USQCD/build/qmp/include'
make[2]: Entering directory '/home/jinchen/USQCD/build/qmp/include'
make[2]: Nothing to be done for 'install-exec-am'.
 /usr/bin/mkdir -p '/home/jinchen/USQCD/install/qmp/include'
 /usr/bin/install -c -m 644 /home/jinchen/USQCD/source/qmp/include/qmp.h '/home/jinchen/USQCD/install/qmp/include'
make[2]: Leaving directory '/home/jinchen/USQCD/build/qmp/include'
make[1]: Leaving directory '/home/jinchen/USQCD/build/qmp/include'
Making install in lib
make[1]: Entering directory '/home/jinchen/USQCD/build/qmp/lib'
make[2]: Entering directory '/home/jinchen/USQCD/build/qmp/lib'
make[2]: Nothing to be done for 'install-data-am'.
 /usr/bin/mkdir -p '/home/jinchen/USQCD/install/qmp/lib'
 /usr/bin/install -c -m 644  libqmp.a '/home/jinchen/USQCD/install/qmp/lib'
 ( cd '/home/jinchen/USQCD/install/qmp/lib' && ranlib libqmp.a )
make[2]: Leaving directory '/home/jinchen/USQCD/build/qmp/lib'
make[1]: Leaving directory '/home/jinchen/USQCD/build/qmp/lib'
Making install in bin
make[1]: Entering directory '/home/jinchen/USQCD/build/qmp/bin'
make[2]: Entering directory '/home/jinchen/USQCD/build/qmp/bin'
make[2]: Nothing to be done for 'install-data-am'.
 /usr/bin/mkdir -p '/home/jinchen/USQCD/install/qmp/bin'
 /usr/bin/install -c qmp-config '/home/jinchen/USQCD/install/qmp/bin'
make[2]: Leaving directory '/home/jinchen/USQCD/build/qmp/bin'
make[1]: Leaving directory '/home/jinchen/USQCD/build/qmp/bin'
Making install in examples
make[1]: Entering directory '/home/jinchen/USQCD/build/qmp/examples'
make[2]: Entering directory '/home/jinchen/USQCD/build/qmp/examples'
make[2]: Nothing to be done for 'install-exec-am'.
make[2]: Nothing to be done for 'install-data-am'.
make[2]: Leaving directory '/home/jinchen/USQCD/build/qmp/examples'
make[1]: Leaving directory '/home/jinchen/USQCD/build/qmp/examples'
Making install in doc
make[1]: Entering directory '/home/jinchen/USQCD/build/qmp/doc'
make[2]: Entering directory '/home/jinchen/USQCD/build/qmp/doc'
make[2]: Nothing to be done for 'install-exec-am'.
make[2]: Nothing to be done for 'install-data-am'.
make[2]: Leaving directory '/home/jinchen/USQCD/build/qmp/doc'
make[1]: Leaving directory '/home/jinchen/USQCD/build/qmp/doc'
make[1]: Entering directory '/home/jinchen/USQCD/build/qmp'
make[2]: Entering directory '/home/jinchen/USQCD/build/qmp'
make[2]: Nothing to be done for 'install-exec-am'.
make[2]: Nothing to be done for 'install-data-am'.
make[2]: Leaving directory '/home/jinchen/USQCD/build/qmp'
make[1]: Leaving directory '/home/jinchen/USQCD/build/qmp'
