Making all in include
make[1]: Entering directory '/home/jinchen/USQCD/build/qmp/include'
make  all-am
make[2]: Entering directory '/home/jinchen/USQCD/build/qmp/include'
make[2]: Leaving directory '/home/jinchen/USQCD/build/qmp/include'
make[1]: Leaving directory '/home/jinchen/USQCD/build/qmp/include'
Making all in lib
make[1]: Entering directory '/home/jinchen/USQCD/build/qmp/lib'
depbase=`echo QMP_comm.o | sed 's|[^/]*$|.deps/&|;s|\.o$||'`;\
/usr/bin/mpicc -DHAVE_CONFIG_H -I. -I/home/jinchen/USQCD/source/qmp/lib -I../include    -I/home/jinchen/USQCD/source/qmp/include  -O3 -march=broadwell -fpermissive -fopenmp -I/usr/include/hdf5/openmpi -MT QMP_comm.o -MD -MP -MF $depbase.Tpo -c -o QMP_comm.o /home/jinchen/USQCD/source/qmp/lib/QMP_comm.c &&\
mv -f $depbase.Tpo $depbase.Po
depbase=`echo QMP_error.o | sed 's|[^/]*$|.deps/&|;s|\.o$||'`;\
/usr/bin/mpicc -DHAVE_CONFIG_H -I. -I/home/jinchen/USQCD/source/qmp/lib -I../include    -I/home/jinchen/USQCD/source/qmp/include  -O3 -march=broadwell -fpermissive -fopenmp -I/usr/include/hdf5/openmpi -MT QMP_error.o -MD -MP -MF $depbase.Tpo -c -o QMP_error.o /home/jinchen/USQCD/source/qmp/lib/QMP_error.c &&\
mv -f $depbase.Tpo $depbase.Po
depbase=`echo QMP_grid.o | sed 's|[^/]*$|.deps/&|;s|\.o$||'`;\
/usr/bin/mpicc -DHAVE_CONFIG_H -I. -I/home/jinchen/USQCD/source/qmp/lib -I../include    -I/home/jinchen/USQCD/source/qmp/include  -O3 -march=broadwell -fpermissive -fopenmp -I/usr/include/hdf5/openmpi -MT QMP_grid.o -MD -MP -MF $depbase.Tpo -c -o QMP_grid.o /home/jinchen/USQCD/source/qmp/lib/QMP_grid.c &&\
mv -f $depbase.Tpo $depbase.Po
depbase=`echo QMP_init.o | sed 's|[^/]*$|.deps/&|;s|\.o$||'`;\
/usr/bin/mpicc -DHAVE_CONFIG_H -I. -I/home/jinchen/USQCD/source/qmp/lib -I../include    -I/home/jinchen/USQCD/source/qmp/include  -O3 -march=broadwell -fpermissive -fopenmp -I/usr/include/hdf5/openmpi -MT QMP_init.o -MD -MP -MF $depbase.Tpo -c -o QMP_init.o /home/jinchen/USQCD/source/qmp/lib/QMP_init.c &&\
mv -f $depbase.Tpo $depbase.Po
depbase=`echo QMP_machine.o | sed 's|[^/]*$|.deps/&|;s|\.o$||'`;\
/usr/bin/mpicc -DHAVE_CONFIG_H -I. -I/home/jinchen/USQCD/source/qmp/lib -I../include    -I/home/jinchen/USQCD/source/qmp/include  -O3 -march=broadwell -fpermissive -fopenmp -I/usr/include/hdf5/openmpi -MT QMP_machine.o -MD -MP -MF $depbase.Tpo -c -o QMP_machine.o /home/jinchen/USQCD/source/qmp/lib/QMP_machine.c &&\
mv -f $depbase.Tpo $depbase.Po
depbase=`echo QMP_mem.o | sed 's|[^/]*$|.deps/&|;s|\.o$||'`;\
/usr/bin/mpicc -DHAVE_CONFIG_H -I. -I/home/jinchen/USQCD/source/qmp/lib -I../include    -I/home/jinchen/USQCD/source/qmp/include  -O3 -march=broadwell -fpermissive -fopenmp -I/usr/include/hdf5/openmpi -MT QMP_mem.o -MD -MP -MF $depbase.Tpo -c -o QMP_mem.o /home/jinchen/USQCD/source/qmp/lib/QMP_mem.c &&\
mv -f $depbase.Tpo $depbase.Po
depbase=`echo QMP_split.o | sed 's|[^/]*$|.deps/&|;s|\.o$||'`;\
/usr/bin/mpicc -DHAVE_CONFIG_H -I. -I/home/jinchen/USQCD/source/qmp/lib -I../include    -I/home/jinchen/USQCD/source/qmp/include  -O3 -march=broadwell -fpermissive -fopenmp -I/usr/include/hdf5/openmpi -MT QMP_split.o -MD -MP -MF $depbase.Tpo -c -o QMP_split.o /home/jinchen/USQCD/source/qmp/lib/QMP_split.c &&\
mv -f $depbase.Tpo $depbase.Po
depbase=`echo QMP_topology.o | sed 's|[^/]*$|.deps/&|;s|\.o$||'`;\
/usr/bin/mpicc -DHAVE_CONFIG_H -I. -I/home/jinchen/USQCD/source/qmp/lib -I../include    -I/home/jinchen/USQCD/source/qmp/include  -O3 -march=broadwell -fpermissive -fopenmp -I/usr/include/hdf5/openmpi -MT QMP_topology.o -MD -MP -MF $depbase.Tpo -c -o QMP_topology.o /home/jinchen/USQCD/source/qmp/lib/QMP_topology.c &&\
mv -f $depbase.Tpo $depbase.Po
depbase=`echo QMP_util.o | sed 's|[^/]*$|.deps/&|;s|\.o$||'`;\
/usr/bin/mpicc -DHAVE_CONFIG_H -I. -I/home/jinchen/USQCD/source/qmp/lib -I../include    -I/home/jinchen/USQCD/source/qmp/include  -O3 -march=broadwell -fpermissive -fopenmp -I/usr/include/hdf5/openmpi -MT QMP_util.o -MD -MP -MF $depbase.Tpo -c -o QMP_util.o /home/jinchen/USQCD/source/qmp/lib/QMP_util.c &&\
mv -f $depbase.Tpo $depbase.Po
cc1: warning: command-line option ‘-fpermissive’ is valid for C++/ObjC++ but not for C
cc1: warning: command-line option ‘-fpermissive’ is valid for C++/ObjC++ but not for C
cc1: warning: command-line option ‘-fpermissive’ is valid for C++/ObjC++ but not for C
cc1: warning: command-line option ‘-fpermissive’ is valid for C++/ObjC++ but not for C
cc1: warning: command-line option ‘-fpermissive’ is valid for C++/ObjC++ but not for C
depbase=`echo mpi/QMP_comm_mpi.o | sed 's|[^/]*$|.deps/&|;s|\.o$||'`;\
/usr/bin/mpicc -DHAVE_CONFIG_H -I. -I/home/jinchen/USQCD/source/qmp/lib -I../include    -I/home/jinchen/USQCD/source/qmp/include  -O3 -march=broadwell -fpermissive -fopenmp -I/usr/include/hdf5/openmpi -MT mpi/QMP_comm_mpi.o -MD -MP -MF $depbase.Tpo -c -o mpi/QMP_comm_mpi.o /home/jinchen/USQCD/source/qmp/lib/mpi/QMP_comm_mpi.c &&\
mv -f $depbase.Tpo $depbase.Po
cc1: warning: command-line option ‘-fpermissive’ is valid for C++/ObjC++ but not for C
cc1: warning: command-line option ‘-fpermissive’ is valid for C++/ObjC++ but not for C
cc1: warning: command-line option ‘-fpermissive’ is valid for C++/ObjC++ but not for C
cc1: warning: command-line option ‘-fpermissive’ is valid for C++/ObjC++ but not for C
cc1: warning: command-line option ‘-fpermissive’ is valid for C++/ObjC++ but not for C
depbase=`echo mpi/QMP_error_mpi.o | sed 's|[^/]*$|.deps/&|;s|\.o$||'`;\
/usr/bin/mpicc -DHAVE_CONFIG_H -I. -I/home/jinchen/USQCD/source/qmp/lib -I../include    -I/home/jinchen/USQCD/source/qmp/include  -O3 -march=broadwell -fpermissive -fopenmp -I/usr/include/hdf5/openmpi -MT mpi/QMP_error_mpi.o -MD -MP -MF $depbase.Tpo -c -o mpi/QMP_error_mpi.o /home/jinchen/USQCD/source/qmp/lib/mpi/QMP_error_mpi.c &&\
mv -f $depbase.Tpo $depbase.Po
depbase=`echo mpi/QMP_init_mpi.o | sed 's|[^/]*$|.deps/&|;s|\.o$||'`;\
/usr/bin/mpicc -DHAVE_CONFIG_H -I. -I/home/jinchen/USQCD/source/qmp/lib -I../include    -I/home/jinchen/USQCD/source/qmp/include  -O3 -march=broadwell -fpermissive -fopenmp -I/usr/include/hdf5/openmpi -MT mpi/QMP_init_mpi.o -MD -MP -MF $depbase.Tpo -c -o mpi/QMP_init_mpi.o /home/jinchen/USQCD/source/qmp/lib/mpi/QMP_init_mpi.c &&\
mv -f $depbase.Tpo $depbase.Po
cc1: warning: command-line option ‘-fpermissive’ is valid for C++/ObjC++ but not for C
cc1: warning: command-line option ‘-fpermissive’ is valid for C++/ObjC++ but not for C
depbase=`echo mpi/QMP_mem_mpi.o | sed 's|[^/]*$|.deps/&|;s|\.o$||'`;\
/usr/bin/mpicc -DHAVE_CONFIG_H -I. -I/home/jinchen/USQCD/source/qmp/lib -I../include    -I/home/jinchen/USQCD/source/qmp/include  -O3 -march=broadwell -fpermissive -fopenmp -I/usr/include/hdf5/openmpi -MT mpi/QMP_mem_mpi.o -MD -MP -MF $depbase.Tpo -c -o mpi/QMP_mem_mpi.o /home/jinchen/USQCD/source/qmp/lib/mpi/QMP_mem_mpi.c &&\
mv -f $depbase.Tpo $depbase.Po
cc1: warning: command-line option ‘-fpermissive’ is valid for C++/ObjC++ but not for C
depbase=`echo mpi/QMP_split_mpi.o | sed 's|[^/]*$|.deps/&|;s|\.o$||'`;\
/usr/bin/mpicc -DHAVE_CONFIG_H -I. -I/home/jinchen/USQCD/source/qmp/lib -I../include    -I/home/jinchen/USQCD/source/qmp/include  -O3 -march=broadwell -fpermissive -fopenmp -I/usr/include/hdf5/openmpi -MT mpi/QMP_split_mpi.o -MD -MP -MF $depbase.Tpo -c -o mpi/QMP_split_mpi.o /home/jinchen/USQCD/source/qmp/lib/mpi/QMP_split_mpi.c &&\
mv -f $depbase.Tpo $depbase.Po
depbase=`echo mpi/QMP_topology_mpi.o | sed 's|[^/]*$|.deps/&|;s|\.o$||'`;\
/usr/bin/mpicc -DHAVE_CONFIG_H -I. -I/home/jinchen/USQCD/source/qmp/lib -I../include    -I/home/jinchen/USQCD/source/qmp/include  -O3 -march=broadwell -fpermissive -fopenmp -I/usr/include/hdf5/openmpi -MT mpi/QMP_topology_mpi.o -MD -MP -MF $depbase.Tpo -c -o mpi/QMP_topology_mpi.o /home/jinchen/USQCD/source/qmp/lib/mpi/QMP_topology_mpi.c &&\
mv -f $depbase.Tpo $depbase.Po
cc1: warning: command-line option ‘-fpermissive’ is valid for C++/ObjC++ but not for C
cc1: warning: command-line option ‘-fpermissive’ is valid for C++/ObjC++ but not for C
rm -f libqmp.a
ar cru libqmp.a QMP_comm.o QMP_error.o QMP_grid.o QMP_init.o QMP_machine.o QMP_mem.o QMP_split.o QMP_topology.o QMP_util.o mpi/QMP_comm_mpi.o mpi/QMP_error_mpi.o mpi/QMP_init_mpi.o mpi/QMP_mem_mpi.o mpi/QMP_split_mpi.o mpi/QMP_topology_mpi.o  
ar: `u' modifier ignored since `D' is the default (see `U')
ranlib libqmp.a
make[1]: Leaving directory '/home/jinchen/USQCD/build/qmp/lib'
Making all in bin
make[1]: Entering directory '/home/jinchen/USQCD/build/qmp/bin'
make[1]: Nothing to be done for 'all'.
make[1]: Leaving directory '/home/jinchen/USQCD/build/qmp/bin'
Making all in examples
make[1]: Entering directory '/home/jinchen/USQCD/build/qmp/examples'
make[1]: Nothing to be done for 'all'.
make[1]: Leaving directory '/home/jinchen/USQCD/build/qmp/examples'
Making all in doc
make[1]: Entering directory '/home/jinchen/USQCD/build/qmp/doc'
make[1]: Nothing to be done for 'all'.
make[1]: Leaving directory '/home/jinchen/USQCD/build/qmp/doc'
make[1]: Entering directory '/home/jinchen/USQCD/build/qmp'
make[1]: Nothing to be done for 'all-am'.
make[1]: Leaving directory '/home/jinchen/USQCD/build/qmp'
