###
### GETTING chroma
###
Directory exists: /home/jinchen/USQCD/source/chroma
Overwrite? [NO]         tail -f /home/jinchen/USQCD/log/chroma/get.log
Cloning into '/home/jinchen/USQCD/source/chroma'...
Submodule 'other_libs/cpp_wilson_dslash' (git@github.com:JeffersonLab/cpp_wilson_dslash.git) registered for path 'other_libs/cpp_wilson_dslash'
Submodule 'other_libs/qdp-lapack' (git@github.com:JeffersonLab/qdp-lapack.git) registered for path 'other_libs/qdp-lapack'
Submodule 'other_libs/sse_wilson_dslash' (git@github.com:JeffersonLab/sse_wilson_dslash.git) registered for path 'other_libs/sse_wilson_dslash'
Submodule 'other_libs/wilsonmg' (git@github.com:JeffersonLab/wilsonmg.git) registered for path 'other_libs/wilsonmg'
Cloning into '/home/jinchen/USQCD/source/chroma/other_libs/cpp_wilson_dslash'...
Cloning into '/home/jinchen/USQCD/source/chroma/other_libs/qdp-lapack'...
Cloning into '/home/jinchen/USQCD/source/chroma/other_libs/sse_wilson_dslash'...
Cloning into '/home/jinchen/USQCD/source/chroma/other_libs/wilsonmg'...
Submodule path 'other_libs/cpp_wilson_dslash': checked out 'f2f83e4076a6abcd86728c67229b5e6d2450cff9'
Submodule path 'other_libs/qdp-lapack': checked out 'dd8af4ab3b7915062db58e4c67762a8c7980d2f9'
Submodule path 'other_libs/sse_wilson_dslash': checked out '0f9e5ed76589ce5f4bdd314990999b818a7a6c22'
Submodule path 'other_libs/wilsonmg': checked out 'cad7edd92e5b6a6871856e9dbff9cf269e32440c'
Switched to a new branch 'devel'
M	other_libs/cpp_wilson_dslash
M	other_libs/qdp-lapack
Branch 'devel' set up to track remote branch 'devel' from 'origin'.
Submodule path 'other_libs/cpp_wilson_dslash': checked out '5a14dd16ba57aeed0166a22158116be5e499a5aa'
Submodule path 'other_libs/qdp-lapack': checked out '2b0b713efecf3d02aa172c2d01d3320775e80fb0'

