###
### GETTING qdpxx
###
Directory exists: /home/jinchen/USQCD/source/qdpxx
Overwrite? [NO]         tail -f /home/jinchen/USQCD/log/qdpxx/get.log
Cloning into '/home/jinchen/USQCD/source/qdpxx'...
Submodule 'other_libs/filedb' (git@github.com:usqcd-software/filedb.git) registered for path 'other_libs/filedb'
Submodule 'other_libs/libintrin' (git@github.com:usqcd-software/libintrin.git) registered for path 'other_libs/libintrin'
Submodule 'other_libs/qio' (git@github.com:usqcd-software/qio.git) registered for path 'other_libs/qio'
Submodule 'other_libs/xpath_reader' (git@github.com:usqcd-software/xpath_reader.git) registered for path 'other_libs/xpath_reader'
Cloning into '/home/jinchen/USQCD/source/qdpxx/other_libs/filedb'...
Cloning into '/home/jinchen/USQCD/source/qdpxx/other_libs/libintrin'...
Cloning into '/home/jinchen/USQCD/source/qdpxx/other_libs/qio'...
Cloning into '/home/jinchen/USQCD/source/qdpxx/other_libs/xpath_reader'...
Submodule path 'other_libs/filedb': checked out '03e6bdd5de6794d071ef30a24caa46d30270bbff'
Submodule path 'other_libs/libintrin': checked out '0a9aad0055c284d1522f104968248b7c48458951'
Submodule path 'other_libs/qio': checked out '28eb6be2dc2171d192cade27908692a5d0747f44'
Submodule 'other_libs/c-lime' (git@github.com:usqcd-software/c-lime.git) registered for path 'other_libs/qio/other_libs/c-lime'
Cloning into '/home/jinchen/USQCD/source/qdpxx/other_libs/qio/other_libs/c-lime'...
Submodule path 'other_libs/qio/other_libs/c-lime': checked out 'a4c6612713f9b65bc3e63a1d1d082b20feb7eb83'
Submodule path 'other_libs/xpath_reader': checked out '720707f0d7bc091a2d2beb0d78ed65594359e014'
Switched to a new branch 'devel'
M	other_libs/filedb
M	other_libs/libintrin
M	other_libs/qio
M	other_libs/xpath_reader
Branch 'devel' set up to track remote branch 'devel' from 'origin'.
Submodule path 'other_libs/filedb': checked out '6a31624455ddfd8e5b5ad8fcd804ef4e9010b2b4'
Submodule path 'other_libs/libintrin': checked out '5ccadf57834a99926aa014a4934dd3b1c861eb04'
Submodule path 'other_libs/qio': checked out '273841537392f9465d229c957228755e923408eb'
Submodule path 'other_libs/qio/other_libs/c-lime': checked out '924aa0fce27a6cd73d94c9adc4b995f00e13232b'
Submodule path 'other_libs/xpath_reader': checked out '6caa0854c1c530163c3a4a4c9e0b980302761c81'

