configure.ac:34: warning: The macro `AC_HELP_STRING' is obsolete.
configure.ac:34: You should run autoupdate.
./lib/autoconf/general.m4:204: AC_HELP_STRING is expanded from...
configure.ac:34: the top level
configure.ac:42: warning: The macro `AC_HELP_STRING' is obsolete.
configure.ac:42: You should run autoupdate.
./lib/autoconf/general.m4:204: AC_HELP_STRING is expanded from...
configure.ac:42: the top level
configure.ac:49: warning: The macro `AC_HELP_STRING' is obsolete.
configure.ac:49: You should run autoupdate.
./lib/autoconf/general.m4:204: AC_HELP_STRING is expanded from...
configure.ac:49: the top level
configure.ac:55: warning: The macro `AC_HELP_STRING' is obsolete.
configure.ac:55: You should run autoupdate.
./lib/autoconf/general.m4:204: AC_HELP_STRING is expanded from...
configure.ac:55: the top level
configure.ac:62: warning: The macro `AC_HELP_STRING' is obsolete.
configure.ac:62: You should run autoupdate.
./lib/autoconf/general.m4:204: AC_HELP_STRING is expanded from...
configure.ac:62: the top level
configure.ac:69: warning: The macro `AC_HELP_STRING' is obsolete.
configure.ac:69: You should run autoupdate.
./lib/autoconf/general.m4:204: AC_HELP_STRING is expanded from...
configure.ac:69: the top level
configure.ac:77: warning: The macro `AC_HELP_STRING' is obsolete.
configure.ac:77: You should run autoupdate.
./lib/autoconf/general.m4:204: AC_HELP_STRING is expanded from...
configure.ac:77: the top level
configure.ac:83: warning: The macro `AC_HELP_STRING' is obsolete.
configure.ac:83: You should run autoupdate.
./lib/autoconf/general.m4:204: AC_HELP_STRING is expanded from...
configure.ac:83: the top level
configure.ac:89: warning: The macro `AC_HELP_STRING' is obsolete.
configure.ac:89: You should run autoupdate.
./lib/autoconf/general.m4:204: AC_HELP_STRING is expanded from...
configure.ac:89: the top level
configure.ac:97: warning: The macro `AC_HELP_STRING' is obsolete.
configure.ac:97: You should run autoupdate.
./lib/autoconf/general.m4:204: AC_HELP_STRING is expanded from...
configure.ac:97: the top level
configure.ac:105: warning: The macro `AC_HELP_STRING' is obsolete.
configure.ac:105: You should run autoupdate.
./lib/autoconf/general.m4:204: AC_HELP_STRING is expanded from...
configure.ac:105: the top level
configure.ac:112: warning: The macro `AC_HELP_STRING' is obsolete.
configure.ac:112: You should run autoupdate.
./lib/autoconf/general.m4:204: AC_HELP_STRING is expanded from...
configure.ac:112: the top level
configure.ac:119: warning: The macro `AC_HELP_STRING' is obsolete.
configure.ac:119: You should run autoupdate.
./lib/autoconf/general.m4:204: AC_HELP_STRING is expanded from...
configure.ac:119: the top level
configure.ac:128: warning: The macro `AC_HELP_STRING' is obsolete.
configure.ac:128: You should run autoupdate.
./lib/autoconf/general.m4:204: AC_HELP_STRING is expanded from...
configure.ac:128: the top level
configure.ac:137: warning: The macro `AC_HELP_STRING' is obsolete.
configure.ac:137: You should run autoupdate.
./lib/autoconf/general.m4:204: AC_HELP_STRING is expanded from...
configure.ac:137: the top level
configure.ac:146: warning: The macro `AC_HELP_STRING' is obsolete.
configure.ac:146: You should run autoupdate.
./lib/autoconf/general.m4:204: AC_HELP_STRING is expanded from...
configure.ac:146: the top level
configure.ac:154: warning: The macro `AC_HELP_STRING' is obsolete.
configure.ac:154: You should run autoupdate.
./lib/autoconf/general.m4:204: AC_HELP_STRING is expanded from...
configure.ac:154: the top level
configure.ac:162: warning: The macro `AC_HELP_STRING' is obsolete.
configure.ac:162: You should run autoupdate.
./lib/autoconf/general.m4:204: AC_HELP_STRING is expanded from...
configure.ac:162: the top level
configure.ac:170: warning: The macro `AC_HELP_STRING' is obsolete.
configure.ac:170: You should run autoupdate.
./lib/autoconf/general.m4:204: AC_HELP_STRING is expanded from...
configure.ac:170: the top level
configure.ac:179: warning: The macro `AC_HELP_STRING' is obsolete.
configure.ac:179: You should run autoupdate.
./lib/autoconf/general.m4:204: AC_HELP_STRING is expanded from...
configure.ac:179: the top level
configure.ac:185: warning: The macro `AC_HELP_STRING' is obsolete.
configure.ac:185: You should run autoupdate.
./lib/autoconf/general.m4:204: AC_HELP_STRING is expanded from...
configure.ac:185: the top level
configure.ac:192: warning: The macro `AC_HELP_STRING' is obsolete.
configure.ac:192: You should run autoupdate.
./lib/autoconf/general.m4:204: AC_HELP_STRING is expanded from...
configure.ac:192: the top level
configure.ac:198: warning: The macro `AC_HELP_STRING' is obsolete.
configure.ac:198: You should run autoupdate.
./lib/autoconf/general.m4:204: AC_HELP_STRING is expanded from...
configure.ac:198: the top level
configure.ac:204: warning: The macro `AC_HELP_STRING' is obsolete.
configure.ac:204: You should run autoupdate.
./lib/autoconf/general.m4:204: AC_HELP_STRING is expanded from...
configure.ac:204: the top level
configure.ac:210: warning: The macro `AC_HELP_STRING' is obsolete.
configure.ac:210: You should run autoupdate.
./lib/autoconf/general.m4:204: AC_HELP_STRING is expanded from...
configure.ac:210: the top level
configure.ac:217: warning: The macro `AC_HELP_STRING' is obsolete.
configure.ac:217: You should run autoupdate.
./lib/autoconf/general.m4:204: AC_HELP_STRING is expanded from...
configure.ac:217: the top level
configure.ac:224: warning: The macro `AC_HELP_STRING' is obsolete.
configure.ac:224: You should run autoupdate.
./lib/autoconf/general.m4:204: AC_HELP_STRING is expanded from...
configure.ac:224: the top level
configure.ac:234: warning: The macro `AC_HELP_STRING' is obsolete.
configure.ac:234: You should run autoupdate.
./lib/autoconf/general.m4:204: AC_HELP_STRING is expanded from...
configure.ac:234: the top level
configure.ac:245: warning: The macro `AC_HELP_STRING' is obsolete.
configure.ac:245: You should run autoupdate.
./lib/autoconf/general.m4:204: AC_HELP_STRING is expanded from...
configure.ac:245: the top level
configure.ac:255: warning: The macro `AC_HELP_STRING' is obsolete.
configure.ac:255: You should run autoupdate.
./lib/autoconf/general.m4:204: AC_HELP_STRING is expanded from...
configure.ac:255: the top level
configure.ac:264: warning: The macro `AC_HELP_STRING' is obsolete.
configure.ac:264: You should run autoupdate.
./lib/autoconf/general.m4:204: AC_HELP_STRING is expanded from...
configure.ac:264: the top level
configure.ac:273: warning: The macro `AC_HELP_STRING' is obsolete.
configure.ac:273: You should run autoupdate.
./lib/autoconf/general.m4:204: AC_HELP_STRING is expanded from...
configure.ac:273: the top level
configure.ac:283: warning: The macro `AC_HELP_STRING' is obsolete.
configure.ac:283: You should run autoupdate.
./lib/autoconf/general.m4:204: AC_HELP_STRING is expanded from...
configure.ac:283: the top level
configure.ac:294: warning: The macro `AC_HELP_STRING' is obsolete.
configure.ac:294: You should run autoupdate.
./lib/autoconf/general.m4:204: AC_HELP_STRING is expanded from...
configure.ac:294: the top level
configure.ac:303: warning: The macro `AC_HELP_STRING' is obsolete.
configure.ac:303: You should run autoupdate.
./lib/autoconf/general.m4:204: AC_HELP_STRING is expanded from...
configure.ac:303: the top level
configure.ac:312: warning: The macro `AC_HELP_STRING' is obsolete.
configure.ac:312: You should run autoupdate.
./lib/autoconf/general.m4:204: AC_HELP_STRING is expanded from...
configure.ac:312: the top level
configure.ac:321: warning: The macro `AC_HELP_STRING' is obsolete.
configure.ac:321: You should run autoupdate.
./lib/autoconf/general.m4:204: AC_HELP_STRING is expanded from...
configure.ac:321: the top level
configure.ac:330: warning: The macro `AC_HELP_STRING' is obsolete.
configure.ac:330: You should run autoupdate.
./lib/autoconf/general.m4:204: AC_HELP_STRING is expanded from...
configure.ac:330: the top level
configure.ac:339: warning: The macro `AC_HELP_STRING' is obsolete.
configure.ac:339: You should run autoupdate.
./lib/autoconf/general.m4:204: AC_HELP_STRING is expanded from...
configure.ac:339: the top level
configure.ac:349: warning: The macro `AC_HELP_STRING' is obsolete.
configure.ac:349: You should run autoupdate.
./lib/autoconf/general.m4:204: AC_HELP_STRING is expanded from...
configure.ac:349: the top level
configure.ac:359: warning: The macro `AC_HELP_STRING' is obsolete.
configure.ac:359: You should run autoupdate.
./lib/autoconf/general.m4:204: AC_HELP_STRING is expanded from...
configure.ac:359: the top level
configure.ac:368: warning: The macro `AC_HELP_STRING' is obsolete.
configure.ac:368: You should run autoupdate.
./lib/autoconf/general.m4:204: AC_HELP_STRING is expanded from...
configure.ac:368: the top level
configure.ac:377: warning: The macro `AC_HELP_STRING' is obsolete.
configure.ac:377: You should run autoupdate.
./lib/autoconf/general.m4:204: AC_HELP_STRING is expanded from...
configure.ac:377: the top level
configure.ac:386: warning: The macro `AC_HELP_STRING' is obsolete.
configure.ac:386: You should run autoupdate.
./lib/autoconf/general.m4:204: AC_HELP_STRING is expanded from...
configure.ac:386: the top level
configure.ac:395: warning: The macro `AC_HELP_STRING' is obsolete.
configure.ac:395: You should run autoupdate.
./lib/autoconf/general.m4:204: AC_HELP_STRING is expanded from...
configure.ac:395: the top level
configure.ac:404: warning: The macro `AC_HELP_STRING' is obsolete.
configure.ac:404: You should run autoupdate.
./lib/autoconf/general.m4:204: AC_HELP_STRING is expanded from...
configure.ac:404: the top level
configure.ac:411: warning: The macro `AC_HELP_STRING' is obsolete.
configure.ac:411: You should run autoupdate.
./lib/autoconf/general.m4:204: AC_HELP_STRING is expanded from...
configure.ac:411: the top level
configure.ac:420: warning: The macro `AC_HELP_STRING' is obsolete.
configure.ac:420: You should run autoupdate.
./lib/autoconf/general.m4:204: AC_HELP_STRING is expanded from...
configure.ac:420: the top level
configure.ac:429: warning: The macro `AC_HELP_STRING' is obsolete.
configure.ac:429: You should run autoupdate.
./lib/autoconf/general.m4:204: AC_HELP_STRING is expanded from...
configure.ac:429: the top level
configure.ac:572: warning: The macro `AC_LANG_CPLUSPLUS' is obsolete.
configure.ac:572: You should run autoupdate.
./lib/autoconf/c.m4:262: AC_LANG_CPLUSPLUS is expanded from...
acinclude.m4:25: PAC_QDPXX_LINK_CXX_FUNC is expanded from...
configure.ac:572: the top level
configure.ac:572: warning: The macro `AC_TRY_LINK' is obsolete.
configure.ac:572: You should run autoupdate.
./lib/autoconf/general.m4:2920: AC_TRY_LINK is expanded from...
acinclude.m4:25: PAC_QDPXX_LINK_CXX_FUNC is expanded from...
configure.ac:572: the top level
configure.ac:722: warning: The macro `AC_HELP_STRING' is obsolete.
configure.ac:722: You should run autoupdate.
./lib/autoconf/general.m4:204: AC_HELP_STRING is expanded from...
configure.ac:722: the top level
configure.ac:739: warning: The macro `AC_HELP_STRING' is obsolete.
configure.ac:739: You should run autoupdate.
./lib/autoconf/general.m4:204: AC_HELP_STRING is expanded from...
configure.ac:739: the top level
configure.ac:825: warning: The macro `AC_LANG_CPLUSPLUS' is obsolete.
configure.ac:825: You should run autoupdate.
./lib/autoconf/c.m4:262: AC_LANG_CPLUSPLUS is expanded from...
acinclude.m4:77: PAC_BAGEL_WFM_LINK_CXX_FUNC is expanded from...
configure.ac:825: the top level
configure.ac:825: warning: The macro `AC_TRY_LINK' is obsolete.
configure.ac:825: You should run autoupdate.
./lib/autoconf/general.m4:2920: AC_TRY_LINK is expanded from...
acinclude.m4:77: PAC_BAGEL_WFM_LINK_CXX_FUNC is expanded from...
configure.ac:825: the top level
configure.ac:900: warning: The macro `AC_LANG_CPLUSPLUS' is obsolete.
configure.ac:900: You should run autoupdate.
./lib/autoconf/c.m4:262: AC_LANG_CPLUSPLUS is expanded from...
acinclude.m4:162: PAC_BAGEL_CLOVER_LINK_CXX_FUNC is expanded from...
configure.ac:900: the top level
configure.ac:900: warning: The macro `AC_TRY_LINK' is obsolete.
configure.ac:900: You should run autoupdate.
./lib/autoconf/general.m4:2920: AC_TRY_LINK is expanded from...
acinclude.m4:162: PAC_BAGEL_CLOVER_LINK_CXX_FUNC is expanded from...
configure.ac:900: the top level
configure.ac:1094: warning: The macro `AC_LANG_CPLUSPLUS' is obsolete.
configure.ac:1094: You should run autoupdate.
./lib/autoconf/c.m4:262: AC_LANG_CPLUSPLUS is expanded from...
acinclude.m4:119: PAC_GMP_LINK_CXX_FUNC is expanded from...
configure.ac:1094: the top level
configure.ac:1094: warning: The macro `AC_TRY_LINK' is obsolete.
configure.ac:1094: You should run autoupdate.
./lib/autoconf/general.m4:2920: AC_TRY_LINK is expanded from...
acinclude.m4:119: PAC_GMP_LINK_CXX_FUNC is expanded from...
configure.ac:1094: the top level
configure.ac:22: warning: The macro `AC_HELP_STRING' is obsolete.
configure.ac:22: You should run autoupdate.
./lib/autoconf/general.m4:204: AC_HELP_STRING is expanded from...
configure.ac:22: the top level
configure.ac:28: warning: The macro `AC_HELP_STRING' is obsolete.
configure.ac:28: You should run autoupdate.
./lib/autoconf/general.m4:204: AC_HELP_STRING is expanded from...
configure.ac:28: the top level
configure.ac:33: warning: The macro `AC_HELP_STRING' is obsolete.
configure.ac:33: You should run autoupdate.
./lib/autoconf/general.m4:204: AC_HELP_STRING is expanded from...
configure.ac:33: the top level
configure.ac:39: warning: The macro `AC_HELP_STRING' is obsolete.
configure.ac:39: You should run autoupdate.
./lib/autoconf/general.m4:204: AC_HELP_STRING is expanded from...
configure.ac:39: the top level
configure.ac:46: warning: The macro `AC_HELP_STRING' is obsolete.
configure.ac:46: You should run autoupdate.
./lib/autoconf/general.m4:204: AC_HELP_STRING is expanded from...
configure.ac:46: the top level
configure.ac:53: warning: The macro `AC_HELP_STRING' is obsolete.
configure.ac:53: You should run autoupdate.
./lib/autoconf/general.m4:204: AC_HELP_STRING is expanded from...
configure.ac:53: the top level
configure.ac:63: warning: The macro `AC_HELP_STRING' is obsolete.
configure.ac:63: You should run autoupdate.
./lib/autoconf/general.m4:204: AC_HELP_STRING is expanded from...
configure.ac:63: the top level
configure.ac:74: warning: The macro `AC_HELP_STRING' is obsolete.
configure.ac:74: You should run autoupdate.
./lib/autoconf/general.m4:204: AC_HELP_STRING is expanded from...
configure.ac:74: the top level
configure.ac:83: warning: The macro `AC_HELP_STRING' is obsolete.
configure.ac:83: You should run autoupdate.
./lib/autoconf/general.m4:204: AC_HELP_STRING is expanded from...
configure.ac:83: the top level
configure.ac:92: warning: The macro `AC_HELP_STRING' is obsolete.
configure.ac:92: You should run autoupdate.
./lib/autoconf/general.m4:204: AC_HELP_STRING is expanded from...
configure.ac:92: the top level
configure.ac:111: warning: The macro `AC_HELP_STRING' is obsolete.
configure.ac:111: You should run autoupdate.
./lib/autoconf/general.m4:204: AC_HELP_STRING is expanded from...
configure.ac:111: the top level
configure.ac:217: warning: The macro `AC_LANG_CPLUSPLUS' is obsolete.
configure.ac:217: You should run autoupdate.
./lib/autoconf/c.m4:262: AC_LANG_CPLUSPLUS is expanded from...
acinclude.m4:222: PAC_QDPXX_LINK_CXX_FUNC is expanded from...
configure.ac:217: the top level
configure.ac:217: warning: The macro `AC_TRY_LINK' is obsolete.
configure.ac:217: You should run autoupdate.
./lib/autoconf/general.m4:2920: AC_TRY_LINK is expanded from...
acinclude.m4:222: PAC_QDPXX_LINK_CXX_FUNC is expanded from...
configure.ac:217: the top level
configure.ac:286: warning: The macro `AC_LANG_C' is obsolete.
configure.ac:286: You should run autoupdate.
./lib/autoconf/c.m4:72: AC_LANG_C is expanded from...
acinclude.m4:26: PAC_QMP_LINK_CC_FUNC is expanded from...
configure.ac:286: the top level
configure.ac:286: warning: The macro `AC_TRY_LINK' is obsolete.
configure.ac:286: You should run autoupdate.
./lib/autoconf/general.m4:2920: AC_TRY_LINK is expanded from...
acinclude.m4:26: PAC_QMP_LINK_CC_FUNC is expanded from...
configure.ac:286: the top level
configure.ac:22: warning: The macro `AC_HELP_STRING' is obsolete.
configure.ac:22: You should run autoupdate.
./lib/autoconf/general.m4:204: AC_HELP_STRING is expanded from...
configure.ac:22: the top level
configure.ac:28: warning: The macro `AC_HELP_STRING' is obsolete.
configure.ac:28: You should run autoupdate.
./lib/autoconf/general.m4:204: AC_HELP_STRING is expanded from...
configure.ac:28: the top level
configure.ac:33: warning: The macro `AC_HELP_STRING' is obsolete.
configure.ac:33: You should run autoupdate.
./lib/autoconf/general.m4:204: AC_HELP_STRING is expanded from...
configure.ac:33: the top level
configure.ac:41: warning: The macro `AC_HELP_STRING' is obsolete.
configure.ac:41: You should run autoupdate.
./lib/autoconf/general.m4:204: AC_HELP_STRING is expanded from...
configure.ac:41: the top level
configure.ac:51: warning: The macro `AC_HELP_STRING' is obsolete.
configure.ac:51: You should run autoupdate.
./lib/autoconf/general.m4:204: AC_HELP_STRING is expanded from...
configure.ac:51: the top level
configure.ac:62: warning: The macro `AC_HELP_STRING' is obsolete.
configure.ac:62: You should run autoupdate.
./lib/autoconf/general.m4:204: AC_HELP_STRING is expanded from...
configure.ac:62: the top level
configure.ac:71: warning: The macro `AC_HELP_STRING' is obsolete.
configure.ac:71: You should run autoupdate.
./lib/autoconf/general.m4:204: AC_HELP_STRING is expanded from...
configure.ac:71: the top level
configure.ac:80: warning: The macro `AC_HELP_STRING' is obsolete.
configure.ac:80: You should run autoupdate.
./lib/autoconf/general.m4:204: AC_HELP_STRING is expanded from...
configure.ac:80: the top level
configure.ac:89: warning: The macro `AC_HELP_STRING' is obsolete.
configure.ac:89: You should run autoupdate.
./lib/autoconf/general.m4:204: AC_HELP_STRING is expanded from...
configure.ac:89: the top level
configure.ac:98: warning: The macro `AC_HELP_STRING' is obsolete.
configure.ac:98: You should run autoupdate.
./lib/autoconf/general.m4:204: AC_HELP_STRING is expanded from...
configure.ac:98: the top level
configure.ac:117: warning: The macro `AC_HELP_STRING' is obsolete.
configure.ac:117: You should run autoupdate.
./lib/autoconf/general.m4:204: AC_HELP_STRING is expanded from...
configure.ac:117: the top level
configure.ac:209: warning: The macro `AC_LANG_CPLUSPLUS' is obsolete.
configure.ac:209: You should run autoupdate.
./lib/autoconf/c.m4:262: AC_LANG_CPLUSPLUS is expanded from...
acinclude.m4:222: PAC_QDPXX_LINK_CXX_FUNC is expanded from...
configure.ac:209: the top level
configure.ac:209: warning: The macro `AC_TRY_LINK' is obsolete.
configure.ac:209: You should run autoupdate.
./lib/autoconf/general.m4:2920: AC_TRY_LINK is expanded from...
acinclude.m4:222: PAC_QDPXX_LINK_CXX_FUNC is expanded from...
configure.ac:209: the top level
configure.ac:273: warning: The macro `AC_LANG_C' is obsolete.
configure.ac:273: You should run autoupdate.
./lib/autoconf/c.m4:72: AC_LANG_C is expanded from...
acinclude.m4:26: PAC_QMP_LINK_CC_FUNC is expanded from...
configure.ac:273: the top level
configure.ac:273: warning: The macro `AC_TRY_LINK' is obsolete.
configure.ac:273: You should run autoupdate.
./lib/autoconf/general.m4:2920: AC_TRY_LINK is expanded from...
acinclude.m4:26: PAC_QMP_LINK_CC_FUNC is expanded from...
configure.ac:273: the top level
configure.ac:26: warning: The macro `AC_HELP_STRING' is obsolete.
configure.ac:26: You should run autoupdate.
./lib/autoconf/general.m4:204: AC_HELP_STRING is expanded from...
configure.ac:26: the top level
configure.ac:32: warning: The macro `AC_HELP_STRING' is obsolete.
configure.ac:32: You should run autoupdate.
./lib/autoconf/general.m4:204: AC_HELP_STRING is expanded from...
configure.ac:32: the top level
configure.ac:44: warning: The macro `AC_HELP_STRING' is obsolete.
configure.ac:44: You should run autoupdate.
./lib/autoconf/general.m4:204: AC_HELP_STRING is expanded from...
configure.ac:44: the top level
configure.ac:109: warning: The macro `AC_HELP_STRING' is obsolete.
configure.ac:109: You should run autoupdate.
./lib/autoconf/general.m4:204: AC_HELP_STRING is expanded from...
configure.ac:109: the top level
configure.ac:165: warning: The macro `AC_LANG_CPLUSPLUS' is obsolete.
configure.ac:165: You should run autoupdate.
./lib/autoconf/c.m4:262: AC_LANG_CPLUSPLUS is expanded from...
acinclude.m4:93: PAC_QDPXX_LINK_CXX_FUNC is expanded from...
configure.ac:165: the top level
configure.ac:165: warning: The macro `AC_TRY_LINK' is obsolete.
configure.ac:165: You should run autoupdate.
./lib/autoconf/general.m4:2920: AC_TRY_LINK is expanded from...
acinclude.m4:93: PAC_QDPXX_LINK_CXX_FUNC is expanded from...
configure.ac:165: the top level
configure.ac:13: warning: The macro `AC_HELP_STRING' is obsolete.
configure.ac:13: You should run autoupdate.
./lib/autoconf/general.m4:204: AC_HELP_STRING is expanded from...
configure.ac:13: the top level
configure.ac:22: warning: The macro `AC_HELP_STRING' is obsolete.
configure.ac:22: You should run autoupdate.
./lib/autoconf/general.m4:204: AC_HELP_STRING is expanded from...
configure.ac:22: the top level
configure.ac:31: warning: The macro `AC_HELP_STRING' is obsolete.
configure.ac:31: You should run autoupdate.
./lib/autoconf/general.m4:204: AC_HELP_STRING is expanded from...
configure.ac:31: the top level
configure.ac:40: warning: The macro `AC_HELP_STRING' is obsolete.
configure.ac:40: You should run autoupdate.
./lib/autoconf/general.m4:204: AC_HELP_STRING is expanded from...
configure.ac:40: the top level
configure.ac:49: warning: The macro `AC_HELP_STRING' is obsolete.
configure.ac:49: You should run autoupdate.
./lib/autoconf/general.m4:204: AC_HELP_STRING is expanded from...
configure.ac:49: the top level
configure.ac:34: warning: The macro `AC_HELP_STRING' is obsolete.
configure.ac:34: You should run autoupdate.
./lib/autoconf/general.m4:204: AC_HELP_STRING is expanded from...
configure.ac:34: the top level
configure.ac:42: warning: The macro `AC_HELP_STRING' is obsolete.
configure.ac:42: You should run autoupdate.
./lib/autoconf/general.m4:204: AC_HELP_STRING is expanded from...
configure.ac:42: the top level
configure.ac:49: warning: The macro `AC_HELP_STRING' is obsolete.
configure.ac:49: You should run autoupdate.
./lib/autoconf/general.m4:204: AC_HELP_STRING is expanded from...
configure.ac:49: the top level
configure.ac:55: warning: The macro `AC_HELP_STRING' is obsolete.
configure.ac:55: You should run autoupdate.
./lib/autoconf/general.m4:204: AC_HELP_STRING is expanded from...
configure.ac:55: the top level
configure.ac:62: warning: The macro `AC_HELP_STRING' is obsolete.
configure.ac:62: You should run autoupdate.
./lib/autoconf/general.m4:204: AC_HELP_STRING is expanded from...
configure.ac:62: the top level
configure.ac:69: warning: The macro `AC_HELP_STRING' is obsolete.
configure.ac:69: You should run autoupdate.
./lib/autoconf/general.m4:204: AC_HELP_STRING is expanded from...
configure.ac:69: the top level
configure.ac:77: warning: The macro `AC_HELP_STRING' is obsolete.
configure.ac:77: You should run autoupdate.
./lib/autoconf/general.m4:204: AC_HELP_STRING is expanded from...
configure.ac:77: the top level
configure.ac:83: warning: The macro `AC_HELP_STRING' is obsolete.
configure.ac:83: You should run autoupdate.
./lib/autoconf/general.m4:204: AC_HELP_STRING is expanded from...
configure.ac:83: the top level
configure.ac:89: warning: The macro `AC_HELP_STRING' is obsolete.
configure.ac:89: You should run autoupdate.
./lib/autoconf/general.m4:204: AC_HELP_STRING is expanded from...
configure.ac:89: the top level
configure.ac:97: warning: The macro `AC_HELP_STRING' is obsolete.
configure.ac:97: You should run autoupdate.
./lib/autoconf/general.m4:204: AC_HELP_STRING is expanded from...
configure.ac:97: the top level
configure.ac:105: warning: The macro `AC_HELP_STRING' is obsolete.
configure.ac:105: You should run autoupdate.
./lib/autoconf/general.m4:204: AC_HELP_STRING is expanded from...
configure.ac:105: the top level
configure.ac:112: warning: The macro `AC_HELP_STRING' is obsolete.
configure.ac:112: You should run autoupdate.
./lib/autoconf/general.m4:204: AC_HELP_STRING is expanded from...
configure.ac:112: the top level
configure.ac:119: warning: The macro `AC_HELP_STRING' is obsolete.
configure.ac:119: You should run autoupdate.
./lib/autoconf/general.m4:204: AC_HELP_STRING is expanded from...
configure.ac:119: the top level
configure.ac:128: warning: The macro `AC_HELP_STRING' is obsolete.
configure.ac:128: You should run autoupdate.
./lib/autoconf/general.m4:204: AC_HELP_STRING is expanded from...
configure.ac:128: the top level
configure.ac:137: warning: The macro `AC_HELP_STRING' is obsolete.
configure.ac:137: You should run autoupdate.
./lib/autoconf/general.m4:204: AC_HELP_STRING is expanded from...
configure.ac:137: the top level
configure.ac:146: warning: The macro `AC_HELP_STRING' is obsolete.
configure.ac:146: You should run autoupdate.
./lib/autoconf/general.m4:204: AC_HELP_STRING is expanded from...
configure.ac:146: the top level
configure.ac:154: warning: The macro `AC_HELP_STRING' is obsolete.
configure.ac:154: You should run autoupdate.
./lib/autoconf/general.m4:204: AC_HELP_STRING is expanded from...
configure.ac:154: the top level
configure.ac:162: warning: The macro `AC_HELP_STRING' is obsolete.
configure.ac:162: You should run autoupdate.
./lib/autoconf/general.m4:204: AC_HELP_STRING is expanded from...
configure.ac:162: the top level
configure.ac:170: warning: The macro `AC_HELP_STRING' is obsolete.
configure.ac:170: You should run autoupdate.
./lib/autoconf/general.m4:204: AC_HELP_STRING is expanded from...
configure.ac:170: the top level
configure.ac:179: warning: The macro `AC_HELP_STRING' is obsolete.
configure.ac:179: You should run autoupdate.
./lib/autoconf/general.m4:204: AC_HELP_STRING is expanded from...
configure.ac:179: the top level
configure.ac:185: warning: The macro `AC_HELP_STRING' is obsolete.
configure.ac:185: You should run autoupdate.
./lib/autoconf/general.m4:204: AC_HELP_STRING is expanded from...
configure.ac:185: the top level
configure.ac:192: warning: The macro `AC_HELP_STRING' is obsolete.
configure.ac:192: You should run autoupdate.
./lib/autoconf/general.m4:204: AC_HELP_STRING is expanded from...
configure.ac:192: the top level
configure.ac:198: warning: The macro `AC_HELP_STRING' is obsolete.
configure.ac:198: You should run autoupdate.
./lib/autoconf/general.m4:204: AC_HELP_STRING is expanded from...
configure.ac:198: the top level
configure.ac:204: warning: The macro `AC_HELP_STRING' is obsolete.
configure.ac:204: You should run autoupdate.
./lib/autoconf/general.m4:204: AC_HELP_STRING is expanded from...
configure.ac:204: the top level
configure.ac:210: warning: The macro `AC_HELP_STRING' is obsolete.
configure.ac:210: You should run autoupdate.
./lib/autoconf/general.m4:204: AC_HELP_STRING is expanded from...
configure.ac:210: the top level
configure.ac:217: warning: The macro `AC_HELP_STRING' is obsolete.
configure.ac:217: You should run autoupdate.
./lib/autoconf/general.m4:204: AC_HELP_STRING is expanded from...
configure.ac:217: the top level
configure.ac:224: warning: The macro `AC_HELP_STRING' is obsolete.
configure.ac:224: You should run autoupdate.
./lib/autoconf/general.m4:204: AC_HELP_STRING is expanded from...
configure.ac:224: the top level
configure.ac:234: warning: The macro `AC_HELP_STRING' is obsolete.
configure.ac:234: You should run autoupdate.
./lib/autoconf/general.m4:204: AC_HELP_STRING is expanded from...
configure.ac:234: the top level
configure.ac:245: warning: The macro `AC_HELP_STRING' is obsolete.
configure.ac:245: You should run autoupdate.
./lib/autoconf/general.m4:204: AC_HELP_STRING is expanded from...
configure.ac:245: the top level
configure.ac:255: warning: The macro `AC_HELP_STRING' is obsolete.
configure.ac:255: You should run autoupdate.
./lib/autoconf/general.m4:204: AC_HELP_STRING is expanded from...
configure.ac:255: the top level
configure.ac:264: warning: The macro `AC_HELP_STRING' is obsolete.
configure.ac:264: You should run autoupdate.
./lib/autoconf/general.m4:204: AC_HELP_STRING is expanded from...
configure.ac:264: the top level
configure.ac:273: warning: The macro `AC_HELP_STRING' is obsolete.
configure.ac:273: You should run autoupdate.
./lib/autoconf/general.m4:204: AC_HELP_STRING is expanded from...
configure.ac:273: the top level
configure.ac:283: warning: The macro `AC_HELP_STRING' is obsolete.
configure.ac:283: You should run autoupdate.
./lib/autoconf/general.m4:204: AC_HELP_STRING is expanded from...
configure.ac:283: the top level
configure.ac:294: warning: The macro `AC_HELP_STRING' is obsolete.
configure.ac:294: You should run autoupdate.
./lib/autoconf/general.m4:204: AC_HELP_STRING is expanded from...
configure.ac:294: the top level
configure.ac:303: warning: The macro `AC_HELP_STRING' is obsolete.
configure.ac:303: You should run autoupdate.
./lib/autoconf/general.m4:204: AC_HELP_STRING is expanded from...
configure.ac:303: the top level
configure.ac:312: warning: The macro `AC_HELP_STRING' is obsolete.
configure.ac:312: You should run autoupdate.
./lib/autoconf/general.m4:204: AC_HELP_STRING is expanded from...
configure.ac:312: the top level
configure.ac:321: warning: The macro `AC_HELP_STRING' is obsolete.
configure.ac:321: You should run autoupdate.
./lib/autoconf/general.m4:204: AC_HELP_STRING is expanded from...
configure.ac:321: the top level
configure.ac:330: warning: The macro `AC_HELP_STRING' is obsolete.
configure.ac:330: You should run autoupdate.
./lib/autoconf/general.m4:204: AC_HELP_STRING is expanded from...
configure.ac:330: the top level
configure.ac:339: warning: The macro `AC_HELP_STRING' is obsolete.
configure.ac:339: You should run autoupdate.
./lib/autoconf/general.m4:204: AC_HELP_STRING is expanded from...
configure.ac:339: the top level
configure.ac:349: warning: The macro `AC_HELP_STRING' is obsolete.
configure.ac:349: You should run autoupdate.
./lib/autoconf/general.m4:204: AC_HELP_STRING is expanded from...
configure.ac:349: the top level
configure.ac:359: warning: The macro `AC_HELP_STRING' is obsolete.
configure.ac:359: You should run autoupdate.
./lib/autoconf/general.m4:204: AC_HELP_STRING is expanded from...
configure.ac:359: the top level
configure.ac:368: warning: The macro `AC_HELP_STRING' is obsolete.
configure.ac:368: You should run autoupdate.
./lib/autoconf/general.m4:204: AC_HELP_STRING is expanded from...
configure.ac:368: the top level
configure.ac:377: warning: The macro `AC_HELP_STRING' is obsolete.
configure.ac:377: You should run autoupdate.
./lib/autoconf/general.m4:204: AC_HELP_STRING is expanded from...
configure.ac:377: the top level
configure.ac:386: warning: The macro `AC_HELP_STRING' is obsolete.
configure.ac:386: You should run autoupdate.
./lib/autoconf/general.m4:204: AC_HELP_STRING is expanded from...
configure.ac:386: the top level
configure.ac:395: warning: The macro `AC_HELP_STRING' is obsolete.
configure.ac:395: You should run autoupdate.
./lib/autoconf/general.m4:204: AC_HELP_STRING is expanded from...
configure.ac:395: the top level
configure.ac:404: warning: The macro `AC_HELP_STRING' is obsolete.
configure.ac:404: You should run autoupdate.
./lib/autoconf/general.m4:204: AC_HELP_STRING is expanded from...
configure.ac:404: the top level
configure.ac:411: warning: The macro `AC_HELP_STRING' is obsolete.
configure.ac:411: You should run autoupdate.
./lib/autoconf/general.m4:204: AC_HELP_STRING is expanded from...
configure.ac:411: the top level
configure.ac:420: warning: The macro `AC_HELP_STRING' is obsolete.
configure.ac:420: You should run autoupdate.
./lib/autoconf/general.m4:204: AC_HELP_STRING is expanded from...
configure.ac:420: the top level
configure.ac:429: warning: The macro `AC_HELP_STRING' is obsolete.
configure.ac:429: You should run autoupdate.
./lib/autoconf/general.m4:204: AC_HELP_STRING is expanded from...
configure.ac:429: the top level
configure.ac:572: warning: The macro `AC_LANG_CPLUSPLUS' is obsolete.
configure.ac:572: You should run autoupdate.
./lib/autoconf/c.m4:262: AC_LANG_CPLUSPLUS is expanded from...
acinclude.m4:25: PAC_QDPXX_LINK_CXX_FUNC is expanded from...
configure.ac:572: the top level
configure.ac:572: warning: The macro `AC_TRY_LINK' is obsolete.
configure.ac:572: You should run autoupdate.
./lib/autoconf/general.m4:2920: AC_TRY_LINK is expanded from...
acinclude.m4:25: PAC_QDPXX_LINK_CXX_FUNC is expanded from...
configure.ac:572: the top level
configure.ac:722: warning: The macro `AC_HELP_STRING' is obsolete.
configure.ac:722: You should run autoupdate.
./lib/autoconf/general.m4:204: AC_HELP_STRING is expanded from...
configure.ac:722: the top level
configure.ac:739: warning: The macro `AC_HELP_STRING' is obsolete.
configure.ac:739: You should run autoupdate.
./lib/autoconf/general.m4:204: AC_HELP_STRING is expanded from...
configure.ac:739: the top level
configure.ac:825: warning: The macro `AC_LANG_CPLUSPLUS' is obsolete.
configure.ac:825: You should run autoupdate.
./lib/autoconf/c.m4:262: AC_LANG_CPLUSPLUS is expanded from...
acinclude.m4:77: PAC_BAGEL_WFM_LINK_CXX_FUNC is expanded from...
configure.ac:825: the top level
configure.ac:825: warning: The macro `AC_TRY_LINK' is obsolete.
configure.ac:825: You should run autoupdate.
./lib/autoconf/general.m4:2920: AC_TRY_LINK is expanded from...
acinclude.m4:77: PAC_BAGEL_WFM_LINK_CXX_FUNC is expanded from...
configure.ac:825: the top level
configure.ac:900: warning: The macro `AC_LANG_CPLUSPLUS' is obsolete.
configure.ac:900: You should run autoupdate.
./lib/autoconf/c.m4:262: AC_LANG_CPLUSPLUS is expanded from...
acinclude.m4:162: PAC_BAGEL_CLOVER_LINK_CXX_FUNC is expanded from...
configure.ac:900: the top level
configure.ac:900: warning: The macro `AC_TRY_LINK' is obsolete.
configure.ac:900: You should run autoupdate.
./lib/autoconf/general.m4:2920: AC_TRY_LINK is expanded from...
acinclude.m4:162: PAC_BAGEL_CLOVER_LINK_CXX_FUNC is expanded from...
configure.ac:900: the top level
configure.ac:1094: warning: The macro `AC_LANG_CPLUSPLUS' is obsolete.
configure.ac:1094: You should run autoupdate.
./lib/autoconf/c.m4:262: AC_LANG_CPLUSPLUS is expanded from...
acinclude.m4:119: PAC_GMP_LINK_CXX_FUNC is expanded from...
configure.ac:1094: the top level
configure.ac:1094: warning: The macro `AC_TRY_LINK' is obsolete.
configure.ac:1094: You should run autoupdate.
./lib/autoconf/general.m4:2920: AC_TRY_LINK is expanded from...
acinclude.m4:119: PAC_GMP_LINK_CXX_FUNC is expanded from...
configure.ac:1094: the top level
configure.ac:34: warning: The macro `AC_HELP_STRING' is obsolete.
configure.ac:34: You should run autoupdate.
./lib/autoconf/general.m4:204: AC_HELP_STRING is expanded from...
configure.ac:34: the top level
configure.ac:42: warning: The macro `AC_HELP_STRING' is obsolete.
configure.ac:42: You should run autoupdate.
./lib/autoconf/general.m4:204: AC_HELP_STRING is expanded from...
configure.ac:42: the top level
configure.ac:49: warning: The macro `AC_HELP_STRING' is obsolete.
configure.ac:49: You should run autoupdate.
./lib/autoconf/general.m4:204: AC_HELP_STRING is expanded from...
configure.ac:49: the top level
configure.ac:55: warning: The macro `AC_HELP_STRING' is obsolete.
configure.ac:55: You should run autoupdate.
./lib/autoconf/general.m4:204: AC_HELP_STRING is expanded from...
configure.ac:55: the top level
configure.ac:62: warning: The macro `AC_HELP_STRING' is obsolete.
configure.ac:62: You should run autoupdate.
./lib/autoconf/general.m4:204: AC_HELP_STRING is expanded from...
configure.ac:62: the top level
configure.ac:69: warning: The macro `AC_HELP_STRING' is obsolete.
configure.ac:69: You should run autoupdate.
./lib/autoconf/general.m4:204: AC_HELP_STRING is expanded from...
configure.ac:69: the top level
configure.ac:77: warning: The macro `AC_HELP_STRING' is obsolete.
configure.ac:77: You should run autoupdate.
./lib/autoconf/general.m4:204: AC_HELP_STRING is expanded from...
configure.ac:77: the top level
configure.ac:83: warning: The macro `AC_HELP_STRING' is obsolete.
configure.ac:83: You should run autoupdate.
./lib/autoconf/general.m4:204: AC_HELP_STRING is expanded from...
configure.ac:83: the top level
configure.ac:89: warning: The macro `AC_HELP_STRING' is obsolete.
configure.ac:89: You should run autoupdate.
./lib/autoconf/general.m4:204: AC_HELP_STRING is expanded from...
configure.ac:89: the top level
configure.ac:97: warning: The macro `AC_HELP_STRING' is obsolete.
configure.ac:97: You should run autoupdate.
./lib/autoconf/general.m4:204: AC_HELP_STRING is expanded from...
configure.ac:97: the top level
configure.ac:105: warning: The macro `AC_HELP_STRING' is obsolete.
configure.ac:105: You should run autoupdate.
./lib/autoconf/general.m4:204: AC_HELP_STRING is expanded from...
configure.ac:105: the top level
configure.ac:112: warning: The macro `AC_HELP_STRING' is obsolete.
configure.ac:112: You should run autoupdate.
./lib/autoconf/general.m4:204: AC_HELP_STRING is expanded from...
configure.ac:112: the top level
configure.ac:119: warning: The macro `AC_HELP_STRING' is obsolete.
configure.ac:119: You should run autoupdate.
./lib/autoconf/general.m4:204: AC_HELP_STRING is expanded from...
configure.ac:119: the top level
configure.ac:128: warning: The macro `AC_HELP_STRING' is obsolete.
configure.ac:128: You should run autoupdate.
./lib/autoconf/general.m4:204: AC_HELP_STRING is expanded from...
configure.ac:128: the top level
configure.ac:137: warning: The macro `AC_HELP_STRING' is obsolete.
configure.ac:137: You should run autoupdate.
./lib/autoconf/general.m4:204: AC_HELP_STRING is expanded from...
configure.ac:137: the top level
configure.ac:146: warning: The macro `AC_HELP_STRING' is obsolete.
configure.ac:146: You should run autoupdate.
./lib/autoconf/general.m4:204: AC_HELP_STRING is expanded from...
configure.ac:146: the top level
configure.ac:154: warning: The macro `AC_HELP_STRING' is obsolete.
configure.ac:154: You should run autoupdate.
./lib/autoconf/general.m4:204: AC_HELP_STRING is expanded from...
configure.ac:154: the top level
configure.ac:162: warning: The macro `AC_HELP_STRING' is obsolete.
configure.ac:162: You should run autoupdate.
./lib/autoconf/general.m4:204: AC_HELP_STRING is expanded from...
configure.ac:162: the top level
configure.ac:170: warning: The macro `AC_HELP_STRING' is obsolete.
configure.ac:170: You should run autoupdate.
./lib/autoconf/general.m4:204: AC_HELP_STRING is expanded from...
configure.ac:170: the top level
configure.ac:179: warning: The macro `AC_HELP_STRING' is obsolete.
configure.ac:179: You should run autoupdate.
./lib/autoconf/general.m4:204: AC_HELP_STRING is expanded from...
configure.ac:179: the top level
configure.ac:185: warning: The macro `AC_HELP_STRING' is obsolete.
configure.ac:185: You should run autoupdate.
./lib/autoconf/general.m4:204: AC_HELP_STRING is expanded from...
configure.ac:185: the top level
configure.ac:192: warning: The macro `AC_HELP_STRING' is obsolete.
configure.ac:192: You should run autoupdate.
./lib/autoconf/general.m4:204: AC_HELP_STRING is expanded from...
configure.ac:192: the top level
configure.ac:198: warning: The macro `AC_HELP_STRING' is obsolete.
configure.ac:198: You should run autoupdate.
./lib/autoconf/general.m4:204: AC_HELP_STRING is expanded from...
configure.ac:198: the top level
configure.ac:204: warning: The macro `AC_HELP_STRING' is obsolete.
configure.ac:204: You should run autoupdate.
./lib/autoconf/general.m4:204: AC_HELP_STRING is expanded from...
configure.ac:204: the top level
configure.ac:210: warning: The macro `AC_HELP_STRING' is obsolete.
configure.ac:210: You should run autoupdate.
./lib/autoconf/general.m4:204: AC_HELP_STRING is expanded from...
configure.ac:210: the top level
configure.ac:217: warning: The macro `AC_HELP_STRING' is obsolete.
configure.ac:217: You should run autoupdate.
./lib/autoconf/general.m4:204: AC_HELP_STRING is expanded from...
configure.ac:217: the top level
configure.ac:224: warning: The macro `AC_HELP_STRING' is obsolete.
configure.ac:224: You should run autoupdate.
./lib/autoconf/general.m4:204: AC_HELP_STRING is expanded from...
configure.ac:224: the top level
configure.ac:234: warning: The macro `AC_HELP_STRING' is obsolete.
configure.ac:234: You should run autoupdate.
./lib/autoconf/general.m4:204: AC_HELP_STRING is expanded from...
configure.ac:234: the top level
configure.ac:245: warning: The macro `AC_HELP_STRING' is obsolete.
configure.ac:245: You should run autoupdate.
./lib/autoconf/general.m4:204: AC_HELP_STRING is expanded from...
configure.ac:245: the top level
configure.ac:255: warning: The macro `AC_HELP_STRING' is obsolete.
configure.ac:255: You should run autoupdate.
./lib/autoconf/general.m4:204: AC_HELP_STRING is expanded from...
configure.ac:255: the top level
configure.ac:264: warning: The macro `AC_HELP_STRING' is obsolete.
configure.ac:264: You should run autoupdate.
./lib/autoconf/general.m4:204: AC_HELP_STRING is expanded from...
configure.ac:264: the top level
configure.ac:273: warning: The macro `AC_HELP_STRING' is obsolete.
configure.ac:273: You should run autoupdate.
./lib/autoconf/general.m4:204: AC_HELP_STRING is expanded from...
configure.ac:273: the top level
configure.ac:283: warning: The macro `AC_HELP_STRING' is obsolete.
configure.ac:283: You should run autoupdate.
./lib/autoconf/general.m4:204: AC_HELP_STRING is expanded from...
configure.ac:283: the top level
configure.ac:294: warning: The macro `AC_HELP_STRING' is obsolete.
configure.ac:294: You should run autoupdate.
./lib/autoconf/general.m4:204: AC_HELP_STRING is expanded from...
configure.ac:294: the top level
configure.ac:303: warning: The macro `AC_HELP_STRING' is obsolete.
configure.ac:303: You should run autoupdate.
./lib/autoconf/general.m4:204: AC_HELP_STRING is expanded from...
configure.ac:303: the top level
configure.ac:312: warning: The macro `AC_HELP_STRING' is obsolete.
configure.ac:312: You should run autoupdate.
./lib/autoconf/general.m4:204: AC_HELP_STRING is expanded from...
configure.ac:312: the top level
configure.ac:321: warning: The macro `AC_HELP_STRING' is obsolete.
configure.ac:321: You should run autoupdate.
./lib/autoconf/general.m4:204: AC_HELP_STRING is expanded from...
configure.ac:321: the top level
configure.ac:330: warning: The macro `AC_HELP_STRING' is obsolete.
configure.ac:330: You should run autoupdate.
./lib/autoconf/general.m4:204: AC_HELP_STRING is expanded from...
configure.ac:330: the top level
configure.ac:339: warning: The macro `AC_HELP_STRING' is obsolete.
configure.ac:339: You should run autoupdate.
./lib/autoconf/general.m4:204: AC_HELP_STRING is expanded from...
configure.ac:339: the top level
configure.ac:349: warning: The macro `AC_HELP_STRING' is obsolete.
configure.ac:349: You should run autoupdate.
./lib/autoconf/general.m4:204: AC_HELP_STRING is expanded from...
configure.ac:349: the top level
configure.ac:359: warning: The macro `AC_HELP_STRING' is obsolete.
configure.ac:359: You should run autoupdate.
./lib/autoconf/general.m4:204: AC_HELP_STRING is expanded from...
configure.ac:359: the top level
configure.ac:368: warning: The macro `AC_HELP_STRING' is obsolete.
configure.ac:368: You should run autoupdate.
./lib/autoconf/general.m4:204: AC_HELP_STRING is expanded from...
configure.ac:368: the top level
configure.ac:377: warning: The macro `AC_HELP_STRING' is obsolete.
configure.ac:377: You should run autoupdate.
./lib/autoconf/general.m4:204: AC_HELP_STRING is expanded from...
configure.ac:377: the top level
configure.ac:386: warning: The macro `AC_HELP_STRING' is obsolete.
configure.ac:386: You should run autoupdate.
./lib/autoconf/general.m4:204: AC_HELP_STRING is expanded from...
configure.ac:386: the top level
configure.ac:395: warning: The macro `AC_HELP_STRING' is obsolete.
configure.ac:395: You should run autoupdate.
./lib/autoconf/general.m4:204: AC_HELP_STRING is expanded from...
configure.ac:395: the top level
configure.ac:404: warning: The macro `AC_HELP_STRING' is obsolete.
configure.ac:404: You should run autoupdate.
./lib/autoconf/general.m4:204: AC_HELP_STRING is expanded from...
configure.ac:404: the top level
configure.ac:411: warning: The macro `AC_HELP_STRING' is obsolete.
configure.ac:411: You should run autoupdate.
./lib/autoconf/general.m4:204: AC_HELP_STRING is expanded from...
configure.ac:411: the top level
configure.ac:420: warning: The macro `AC_HELP_STRING' is obsolete.
configure.ac:420: You should run autoupdate.
./lib/autoconf/general.m4:204: AC_HELP_STRING is expanded from...
configure.ac:420: the top level
configure.ac:429: warning: The macro `AC_HELP_STRING' is obsolete.
configure.ac:429: You should run autoupdate.
./lib/autoconf/general.m4:204: AC_HELP_STRING is expanded from...
configure.ac:429: the top level
configure.ac:572: warning: The macro `AC_LANG_CPLUSPLUS' is obsolete.
configure.ac:572: You should run autoupdate.
./lib/autoconf/c.m4:262: AC_LANG_CPLUSPLUS is expanded from...
acinclude.m4:25: PAC_QDPXX_LINK_CXX_FUNC is expanded from...
configure.ac:572: the top level
configure.ac:572: warning: The macro `AC_TRY_LINK' is obsolete.
configure.ac:572: You should run autoupdate.
./lib/autoconf/general.m4:2920: AC_TRY_LINK is expanded from...
acinclude.m4:25: PAC_QDPXX_LINK_CXX_FUNC is expanded from...
configure.ac:572: the top level
configure.ac:722: warning: The macro `AC_HELP_STRING' is obsolete.
configure.ac:722: You should run autoupdate.
./lib/autoconf/general.m4:204: AC_HELP_STRING is expanded from...
configure.ac:722: the top level
configure.ac:739: warning: The macro `AC_HELP_STRING' is obsolete.
configure.ac:739: You should run autoupdate.
./lib/autoconf/general.m4:204: AC_HELP_STRING is expanded from...
configure.ac:739: the top level
configure.ac:825: warning: The macro `AC_LANG_CPLUSPLUS' is obsolete.
configure.ac:825: You should run autoupdate.
./lib/autoconf/c.m4:262: AC_LANG_CPLUSPLUS is expanded from...
acinclude.m4:77: PAC_BAGEL_WFM_LINK_CXX_FUNC is expanded from...
configure.ac:825: the top level
configure.ac:825: warning: The macro `AC_TRY_LINK' is obsolete.
configure.ac:825: You should run autoupdate.
./lib/autoconf/general.m4:2920: AC_TRY_LINK is expanded from...
acinclude.m4:77: PAC_BAGEL_WFM_LINK_CXX_FUNC is expanded from...
configure.ac:825: the top level
configure.ac:900: warning: The macro `AC_LANG_CPLUSPLUS' is obsolete.
configure.ac:900: You should run autoupdate.
./lib/autoconf/c.m4:262: AC_LANG_CPLUSPLUS is expanded from...
acinclude.m4:162: PAC_BAGEL_CLOVER_LINK_CXX_FUNC is expanded from...
configure.ac:900: the top level
configure.ac:900: warning: The macro `AC_TRY_LINK' is obsolete.
configure.ac:900: You should run autoupdate.
./lib/autoconf/general.m4:2920: AC_TRY_LINK is expanded from...
acinclude.m4:162: PAC_BAGEL_CLOVER_LINK_CXX_FUNC is expanded from...
configure.ac:900: the top level
configure.ac:1094: warning: The macro `AC_LANG_CPLUSPLUS' is obsolete.
configure.ac:1094: You should run autoupdate.
./lib/autoconf/c.m4:262: AC_LANG_CPLUSPLUS is expanded from...
acinclude.m4:119: PAC_GMP_LINK_CXX_FUNC is expanded from...
configure.ac:1094: the top level
configure.ac:1094: warning: The macro `AC_TRY_LINK' is obsolete.
configure.ac:1094: You should run autoupdate.
./lib/autoconf/general.m4:2920: AC_TRY_LINK is expanded from...
acinclude.m4:119: PAC_GMP_LINK_CXX_FUNC is expanded from...
configure.ac:1094: the top level
configure.ac:22: warning: The macro `AC_HELP_STRING' is obsolete.
configure.ac:22: You should run autoupdate.
./lib/autoconf/general.m4:204: AC_HELP_STRING is expanded from...
configure.ac:22: the top level
configure.ac:28: warning: The macro `AC_HELP_STRING' is obsolete.
configure.ac:28: You should run autoupdate.
./lib/autoconf/general.m4:204: AC_HELP_STRING is expanded from...
configure.ac:28: the top level
configure.ac:33: warning: The macro `AC_HELP_STRING' is obsolete.
configure.ac:33: You should run autoupdate.
./lib/autoconf/general.m4:204: AC_HELP_STRING is expanded from...
configure.ac:33: the top level
configure.ac:39: warning: The macro `AC_HELP_STRING' is obsolete.
configure.ac:39: You should run autoupdate.
./lib/autoconf/general.m4:204: AC_HELP_STRING is expanded from...
configure.ac:39: the top level
configure.ac:46: warning: The macro `AC_HELP_STRING' is obsolete.
configure.ac:46: You should run autoupdate.
./lib/autoconf/general.m4:204: AC_HELP_STRING is expanded from...
configure.ac:46: the top level
configure.ac:53: warning: The macro `AC_HELP_STRING' is obsolete.
configure.ac:53: You should run autoupdate.
./lib/autoconf/general.m4:204: AC_HELP_STRING is expanded from...
configure.ac:53: the top level
configure.ac:63: warning: The macro `AC_HELP_STRING' is obsolete.
configure.ac:63: You should run autoupdate.
./lib/autoconf/general.m4:204: AC_HELP_STRING is expanded from...
configure.ac:63: the top level
configure.ac:74: warning: The macro `AC_HELP_STRING' is obsolete.
configure.ac:74: You should run autoupdate.
./lib/autoconf/general.m4:204: AC_HELP_STRING is expanded from...
configure.ac:74: the top level
configure.ac:83: warning: The macro `AC_HELP_STRING' is obsolete.
configure.ac:83: You should run autoupdate.
./lib/autoconf/general.m4:204: AC_HELP_STRING is expanded from...
configure.ac:83: the top level
configure.ac:92: warning: The macro `AC_HELP_STRING' is obsolete.
configure.ac:92: You should run autoupdate.
./lib/autoconf/general.m4:204: AC_HELP_STRING is expanded from...
configure.ac:92: the top level
configure.ac:111: warning: The macro `AC_HELP_STRING' is obsolete.
configure.ac:111: You should run autoupdate.
./lib/autoconf/general.m4:204: AC_HELP_STRING is expanded from...
configure.ac:111: the top level
configure.ac:217: warning: The macro `AC_LANG_CPLUSPLUS' is obsolete.
configure.ac:217: You should run autoupdate.
./lib/autoconf/c.m4:262: AC_LANG_CPLUSPLUS is expanded from...
acinclude.m4:222: PAC_QDPXX_LINK_CXX_FUNC is expanded from...
configure.ac:217: the top level
configure.ac:217: warning: The macro `AC_TRY_LINK' is obsolete.
configure.ac:217: You should run autoupdate.
./lib/autoconf/general.m4:2920: AC_TRY_LINK is expanded from...
acinclude.m4:222: PAC_QDPXX_LINK_CXX_FUNC is expanded from...
configure.ac:217: the top level
configure.ac:286: warning: The macro `AC_LANG_C' is obsolete.
configure.ac:286: You should run autoupdate.
./lib/autoconf/c.m4:72: AC_LANG_C is expanded from...
acinclude.m4:26: PAC_QMP_LINK_CC_FUNC is expanded from...
configure.ac:286: the top level
configure.ac:286: warning: The macro `AC_TRY_LINK' is obsolete.
configure.ac:286: You should run autoupdate.
./lib/autoconf/general.m4:2920: AC_TRY_LINK is expanded from...
acinclude.m4:26: PAC_QMP_LINK_CC_FUNC is expanded from...
configure.ac:286: the top level
configure.ac:22: warning: The macro `AC_HELP_STRING' is obsolete.
configure.ac:22: You should run autoupdate.
./lib/autoconf/general.m4:204: AC_HELP_STRING is expanded from...
configure.ac:22: the top level
configure.ac:28: warning: The macro `AC_HELP_STRING' is obsolete.
configure.ac:28: You should run autoupdate.
./lib/autoconf/general.m4:204: AC_HELP_STRING is expanded from...
configure.ac:28: the top level
configure.ac:33: warning: The macro `AC_HELP_STRING' is obsolete.
configure.ac:33: You should run autoupdate.
./lib/autoconf/general.m4:204: AC_HELP_STRING is expanded from...
configure.ac:33: the top level
configure.ac:41: warning: The macro `AC_HELP_STRING' is obsolete.
configure.ac:41: You should run autoupdate.
./lib/autoconf/general.m4:204: AC_HELP_STRING is expanded from...
configure.ac:41: the top level
configure.ac:51: warning: The macro `AC_HELP_STRING' is obsolete.
configure.ac:51: You should run autoupdate.
./lib/autoconf/general.m4:204: AC_HELP_STRING is expanded from...
configure.ac:51: the top level
configure.ac:62: warning: The macro `AC_HELP_STRING' is obsolete.
configure.ac:62: You should run autoupdate.
./lib/autoconf/general.m4:204: AC_HELP_STRING is expanded from...
configure.ac:62: the top level
configure.ac:71: warning: The macro `AC_HELP_STRING' is obsolete.
configure.ac:71: You should run autoupdate.
./lib/autoconf/general.m4:204: AC_HELP_STRING is expanded from...
configure.ac:71: the top level
configure.ac:80: warning: The macro `AC_HELP_STRING' is obsolete.
configure.ac:80: You should run autoupdate.
./lib/autoconf/general.m4:204: AC_HELP_STRING is expanded from...
configure.ac:80: the top level
configure.ac:89: warning: The macro `AC_HELP_STRING' is obsolete.
configure.ac:89: You should run autoupdate.
./lib/autoconf/general.m4:204: AC_HELP_STRING is expanded from...
configure.ac:89: the top level
configure.ac:98: warning: The macro `AC_HELP_STRING' is obsolete.
configure.ac:98: You should run autoupdate.
./lib/autoconf/general.m4:204: AC_HELP_STRING is expanded from...
configure.ac:98: the top level
configure.ac:117: warning: The macro `AC_HELP_STRING' is obsolete.
configure.ac:117: You should run autoupdate.
./lib/autoconf/general.m4:204: AC_HELP_STRING is expanded from...
configure.ac:117: the top level
configure.ac:209: warning: The macro `AC_LANG_CPLUSPLUS' is obsolete.
configure.ac:209: You should run autoupdate.
./lib/autoconf/c.m4:262: AC_LANG_CPLUSPLUS is expanded from...
acinclude.m4:222: PAC_QDPXX_LINK_CXX_FUNC is expanded from...
configure.ac:209: the top level
configure.ac:209: warning: The macro `AC_TRY_LINK' is obsolete.
configure.ac:209: You should run autoupdate.
./lib/autoconf/general.m4:2920: AC_TRY_LINK is expanded from...
acinclude.m4:222: PAC_QDPXX_LINK_CXX_FUNC is expanded from...
configure.ac:209: the top level
configure.ac:273: warning: The macro `AC_LANG_C' is obsolete.
configure.ac:273: You should run autoupdate.
./lib/autoconf/c.m4:72: AC_LANG_C is expanded from...
acinclude.m4:26: PAC_QMP_LINK_CC_FUNC is expanded from...
configure.ac:273: the top level
configure.ac:273: warning: The macro `AC_TRY_LINK' is obsolete.
configure.ac:273: You should run autoupdate.
./lib/autoconf/general.m4:2920: AC_TRY_LINK is expanded from...
acinclude.m4:26: PAC_QMP_LINK_CC_FUNC is expanded from...
configure.ac:273: the top level
configure.ac:26: warning: The macro `AC_HELP_STRING' is obsolete.
configure.ac:26: You should run autoupdate.
./lib/autoconf/general.m4:204: AC_HELP_STRING is expanded from...
configure.ac:26: the top level
configure.ac:32: warning: The macro `AC_HELP_STRING' is obsolete.
configure.ac:32: You should run autoupdate.
./lib/autoconf/general.m4:204: AC_HELP_STRING is expanded from...
configure.ac:32: the top level
configure.ac:44: warning: The macro `AC_HELP_STRING' is obsolete.
configure.ac:44: You should run autoupdate.
./lib/autoconf/general.m4:204: AC_HELP_STRING is expanded from...
configure.ac:44: the top level
configure.ac:109: warning: The macro `AC_HELP_STRING' is obsolete.
configure.ac:109: You should run autoupdate.
./lib/autoconf/general.m4:204: AC_HELP_STRING is expanded from...
configure.ac:109: the top level
configure.ac:165: warning: The macro `AC_LANG_CPLUSPLUS' is obsolete.
configure.ac:165: You should run autoupdate.
./lib/autoconf/c.m4:262: AC_LANG_CPLUSPLUS is expanded from...
acinclude.m4:93: PAC_QDPXX_LINK_CXX_FUNC is expanded from...
configure.ac:165: the top level
configure.ac:165: warning: The macro `AC_TRY_LINK' is obsolete.
configure.ac:165: You should run autoupdate.
./lib/autoconf/general.m4:2920: AC_TRY_LINK is expanded from...
acinclude.m4:93: PAC_QDPXX_LINK_CXX_FUNC is expanded from...
configure.ac:165: the top level
configure.ac:13: warning: The macro `AC_HELP_STRING' is obsolete.
configure.ac:13: You should run autoupdate.
./lib/autoconf/general.m4:204: AC_HELP_STRING is expanded from...
configure.ac:13: the top level
configure.ac:22: warning: The macro `AC_HELP_STRING' is obsolete.
configure.ac:22: You should run autoupdate.
./lib/autoconf/general.m4:204: AC_HELP_STRING is expanded from...
configure.ac:22: the top level
configure.ac:31: warning: The macro `AC_HELP_STRING' is obsolete.
configure.ac:31: You should run autoupdate.
./lib/autoconf/general.m4:204: AC_HELP_STRING is expanded from...
configure.ac:31: the top level
configure.ac:40: warning: The macro `AC_HELP_STRING' is obsolete.
configure.ac:40: You should run autoupdate.
./lib/autoconf/general.m4:204: AC_HELP_STRING is expanded from...
configure.ac:40: the top level
configure.ac:49: warning: The macro `AC_HELP_STRING' is obsolete.
configure.ac:49: You should run autoupdate.
./lib/autoconf/general.m4:204: AC_HELP_STRING is expanded from...
configure.ac:49: the top level
configure.ac:34: warning: The macro `AC_HELP_STRING' is obsolete.
configure.ac:34: You should run autoupdate.
./lib/autoconf/general.m4:204: AC_HELP_STRING is expanded from...
configure.ac:34: the top level
configure.ac:42: warning: The macro `AC_HELP_STRING' is obsolete.
configure.ac:42: You should run autoupdate.
./lib/autoconf/general.m4:204: AC_HELP_STRING is expanded from...
configure.ac:42: the top level
configure.ac:49: warning: The macro `AC_HELP_STRING' is obsolete.
configure.ac:49: You should run autoupdate.
./lib/autoconf/general.m4:204: AC_HELP_STRING is expanded from...
configure.ac:49: the top level
configure.ac:55: warning: The macro `AC_HELP_STRING' is obsolete.
configure.ac:55: You should run autoupdate.
./lib/autoconf/general.m4:204: AC_HELP_STRING is expanded from...
configure.ac:55: the top level
configure.ac:62: warning: The macro `AC_HELP_STRING' is obsolete.
configure.ac:62: You should run autoupdate.
./lib/autoconf/general.m4:204: AC_HELP_STRING is expanded from...
configure.ac:62: the top level
configure.ac:69: warning: The macro `AC_HELP_STRING' is obsolete.
configure.ac:69: You should run autoupdate.
./lib/autoconf/general.m4:204: AC_HELP_STRING is expanded from...
configure.ac:69: the top level
configure.ac:77: warning: The macro `AC_HELP_STRING' is obsolete.
configure.ac:77: You should run autoupdate.
./lib/autoconf/general.m4:204: AC_HELP_STRING is expanded from...
configure.ac:77: the top level
configure.ac:83: warning: The macro `AC_HELP_STRING' is obsolete.
configure.ac:83: You should run autoupdate.
./lib/autoconf/general.m4:204: AC_HELP_STRING is expanded from...
configure.ac:83: the top level
configure.ac:89: warning: The macro `AC_HELP_STRING' is obsolete.
configure.ac:89: You should run autoupdate.
./lib/autoconf/general.m4:204: AC_HELP_STRING is expanded from...
configure.ac:89: the top level
configure.ac:97: warning: The macro `AC_HELP_STRING' is obsolete.
configure.ac:97: You should run autoupdate.
./lib/autoconf/general.m4:204: AC_HELP_STRING is expanded from...
configure.ac:97: the top level
configure.ac:105: warning: The macro `AC_HELP_STRING' is obsolete.
configure.ac:105: You should run autoupdate.
./lib/autoconf/general.m4:204: AC_HELP_STRING is expanded from...
configure.ac:105: the top level
configure.ac:112: warning: The macro `AC_HELP_STRING' is obsolete.
configure.ac:112: You should run autoupdate.
./lib/autoconf/general.m4:204: AC_HELP_STRING is expanded from...
configure.ac:112: the top level
configure.ac:119: warning: The macro `AC_HELP_STRING' is obsolete.
configure.ac:119: You should run autoupdate.
./lib/autoconf/general.m4:204: AC_HELP_STRING is expanded from...
configure.ac:119: the top level
configure.ac:128: warning: The macro `AC_HELP_STRING' is obsolete.
configure.ac:128: You should run autoupdate.
./lib/autoconf/general.m4:204: AC_HELP_STRING is expanded from...
configure.ac:128: the top level
configure.ac:137: warning: The macro `AC_HELP_STRING' is obsolete.
configure.ac:137: You should run autoupdate.
./lib/autoconf/general.m4:204: AC_HELP_STRING is expanded from...
configure.ac:137: the top level
configure.ac:146: warning: The macro `AC_HELP_STRING' is obsolete.
configure.ac:146: You should run autoupdate.
./lib/autoconf/general.m4:204: AC_HELP_STRING is expanded from...
configure.ac:146: the top level
configure.ac:154: warning: The macro `AC_HELP_STRING' is obsolete.
configure.ac:154: You should run autoupdate.
./lib/autoconf/general.m4:204: AC_HELP_STRING is expanded from...
configure.ac:154: the top level
configure.ac:162: warning: The macro `AC_HELP_STRING' is obsolete.
configure.ac:162: You should run autoupdate.
./lib/autoconf/general.m4:204: AC_HELP_STRING is expanded from...
configure.ac:162: the top level
configure.ac:170: warning: The macro `AC_HELP_STRING' is obsolete.
configure.ac:170: You should run autoupdate.
./lib/autoconf/general.m4:204: AC_HELP_STRING is expanded from...
configure.ac:170: the top level
configure.ac:179: warning: The macro `AC_HELP_STRING' is obsolete.
configure.ac:179: You should run autoupdate.
./lib/autoconf/general.m4:204: AC_HELP_STRING is expanded from...
configure.ac:179: the top level
configure.ac:185: warning: The macro `AC_HELP_STRING' is obsolete.
configure.ac:185: You should run autoupdate.
./lib/autoconf/general.m4:204: AC_HELP_STRING is expanded from...
configure.ac:185: the top level
configure.ac:192: warning: The macro `AC_HELP_STRING' is obsolete.
configure.ac:192: You should run autoupdate.
./lib/autoconf/general.m4:204: AC_HELP_STRING is expanded from...
configure.ac:192: the top level
configure.ac:198: warning: The macro `AC_HELP_STRING' is obsolete.
configure.ac:198: You should run autoupdate.
./lib/autoconf/general.m4:204: AC_HELP_STRING is expanded from...
configure.ac:198: the top level
configure.ac:204: warning: The macro `AC_HELP_STRING' is obsolete.
configure.ac:204: You should run autoupdate.
./lib/autoconf/general.m4:204: AC_HELP_STRING is expanded from...
configure.ac:204: the top level
configure.ac:210: warning: The macro `AC_HELP_STRING' is obsolete.
configure.ac:210: You should run autoupdate.
./lib/autoconf/general.m4:204: AC_HELP_STRING is expanded from...
configure.ac:210: the top level
configure.ac:217: warning: The macro `AC_HELP_STRING' is obsolete.
configure.ac:217: You should run autoupdate.
./lib/autoconf/general.m4:204: AC_HELP_STRING is expanded from...
configure.ac:217: the top level
configure.ac:224: warning: The macro `AC_HELP_STRING' is obsolete.
configure.ac:224: You should run autoupdate.
./lib/autoconf/general.m4:204: AC_HELP_STRING is expanded from...
configure.ac:224: the top level
configure.ac:234: warning: The macro `AC_HELP_STRING' is obsolete.
configure.ac:234: You should run autoupdate.
./lib/autoconf/general.m4:204: AC_HELP_STRING is expanded from...
configure.ac:234: the top level
configure.ac:245: warning: The macro `AC_HELP_STRING' is obsolete.
configure.ac:245: You should run autoupdate.
./lib/autoconf/general.m4:204: AC_HELP_STRING is expanded from...
configure.ac:245: the top level
configure.ac:255: warning: The macro `AC_HELP_STRING' is obsolete.
configure.ac:255: You should run autoupdate.
./lib/autoconf/general.m4:204: AC_HELP_STRING is expanded from...
configure.ac:255: the top level
configure.ac:264: warning: The macro `AC_HELP_STRING' is obsolete.
configure.ac:264: You should run autoupdate.
./lib/autoconf/general.m4:204: AC_HELP_STRING is expanded from...
configure.ac:264: the top level
configure.ac:273: warning: The macro `AC_HELP_STRING' is obsolete.
configure.ac:273: You should run autoupdate.
./lib/autoconf/general.m4:204: AC_HELP_STRING is expanded from...
configure.ac:273: the top level
configure.ac:283: warning: The macro `AC_HELP_STRING' is obsolete.
configure.ac:283: You should run autoupdate.
./lib/autoconf/general.m4:204: AC_HELP_STRING is expanded from...
configure.ac:283: the top level
configure.ac:294: warning: The macro `AC_HELP_STRING' is obsolete.
configure.ac:294: You should run autoupdate.
./lib/autoconf/general.m4:204: AC_HELP_STRING is expanded from...
configure.ac:294: the top level
configure.ac:303: warning: The macro `AC_HELP_STRING' is obsolete.
configure.ac:303: You should run autoupdate.
./lib/autoconf/general.m4:204: AC_HELP_STRING is expanded from...
configure.ac:303: the top level
configure.ac:312: warning: The macro `AC_HELP_STRING' is obsolete.
configure.ac:312: You should run autoupdate.
./lib/autoconf/general.m4:204: AC_HELP_STRING is expanded from...
configure.ac:312: the top level
configure.ac:321: warning: The macro `AC_HELP_STRING' is obsolete.
configure.ac:321: You should run autoupdate.
./lib/autoconf/general.m4:204: AC_HELP_STRING is expanded from...
configure.ac:321: the top level
configure.ac:330: warning: The macro `AC_HELP_STRING' is obsolete.
configure.ac:330: You should run autoupdate.
./lib/autoconf/general.m4:204: AC_HELP_STRING is expanded from...
configure.ac:330: the top level
configure.ac:339: warning: The macro `AC_HELP_STRING' is obsolete.
configure.ac:339: You should run autoupdate.
./lib/autoconf/general.m4:204: AC_HELP_STRING is expanded from...
configure.ac:339: the top level
configure.ac:349: warning: The macro `AC_HELP_STRING' is obsolete.
configure.ac:349: You should run autoupdate.
./lib/autoconf/general.m4:204: AC_HELP_STRING is expanded from...
configure.ac:349: the top level
configure.ac:359: warning: The macro `AC_HELP_STRING' is obsolete.
configure.ac:359: You should run autoupdate.
./lib/autoconf/general.m4:204: AC_HELP_STRING is expanded from...
configure.ac:359: the top level
configure.ac:368: warning: The macro `AC_HELP_STRING' is obsolete.
configure.ac:368: You should run autoupdate.
./lib/autoconf/general.m4:204: AC_HELP_STRING is expanded from...
configure.ac:368: the top level
configure.ac:377: warning: The macro `AC_HELP_STRING' is obsolete.
configure.ac:377: You should run autoupdate.
./lib/autoconf/general.m4:204: AC_HELP_STRING is expanded from...
configure.ac:377: the top level
configure.ac:386: warning: The macro `AC_HELP_STRING' is obsolete.
configure.ac:386: You should run autoupdate.
./lib/autoconf/general.m4:204: AC_HELP_STRING is expanded from...
configure.ac:386: the top level
configure.ac:395: warning: The macro `AC_HELP_STRING' is obsolete.
configure.ac:395: You should run autoupdate.
./lib/autoconf/general.m4:204: AC_HELP_STRING is expanded from...
configure.ac:395: the top level
configure.ac:404: warning: The macro `AC_HELP_STRING' is obsolete.
configure.ac:404: You should run autoupdate.
./lib/autoconf/general.m4:204: AC_HELP_STRING is expanded from...
configure.ac:404: the top level
configure.ac:411: warning: The macro `AC_HELP_STRING' is obsolete.
configure.ac:411: You should run autoupdate.
./lib/autoconf/general.m4:204: AC_HELP_STRING is expanded from...
configure.ac:411: the top level
configure.ac:420: warning: The macro `AC_HELP_STRING' is obsolete.
configure.ac:420: You should run autoupdate.
./lib/autoconf/general.m4:204: AC_HELP_STRING is expanded from...
configure.ac:420: the top level
configure.ac:429: warning: The macro `AC_HELP_STRING' is obsolete.
configure.ac:429: You should run autoupdate.
./lib/autoconf/general.m4:204: AC_HELP_STRING is expanded from...
configure.ac:429: the top level
configure.ac:572: warning: The macro `AC_LANG_CPLUSPLUS' is obsolete.
configure.ac:572: You should run autoupdate.
./lib/autoconf/c.m4:262: AC_LANG_CPLUSPLUS is expanded from...
acinclude.m4:25: PAC_QDPXX_LINK_CXX_FUNC is expanded from...
configure.ac:572: the top level
configure.ac:572: warning: The macro `AC_TRY_LINK' is obsolete.
configure.ac:572: You should run autoupdate.
./lib/autoconf/general.m4:2920: AC_TRY_LINK is expanded from...
acinclude.m4:25: PAC_QDPXX_LINK_CXX_FUNC is expanded from...
configure.ac:572: the top level
configure.ac:722: warning: The macro `AC_HELP_STRING' is obsolete.
configure.ac:722: You should run autoupdate.
./lib/autoconf/general.m4:204: AC_HELP_STRING is expanded from...
configure.ac:722: the top level
configure.ac:739: warning: The macro `AC_HELP_STRING' is obsolete.
configure.ac:739: You should run autoupdate.
./lib/autoconf/general.m4:204: AC_HELP_STRING is expanded from...
configure.ac:739: the top level
configure.ac:825: warning: The macro `AC_LANG_CPLUSPLUS' is obsolete.
configure.ac:825: You should run autoupdate.
./lib/autoconf/c.m4:262: AC_LANG_CPLUSPLUS is expanded from...
acinclude.m4:77: PAC_BAGEL_WFM_LINK_CXX_FUNC is expanded from...
configure.ac:825: the top level
configure.ac:825: warning: The macro `AC_TRY_LINK' is obsolete.
configure.ac:825: You should run autoupdate.
./lib/autoconf/general.m4:2920: AC_TRY_LINK is expanded from...
acinclude.m4:77: PAC_BAGEL_WFM_LINK_CXX_FUNC is expanded from...
configure.ac:825: the top level
configure.ac:900: warning: The macro `AC_LANG_CPLUSPLUS' is obsolete.
configure.ac:900: You should run autoupdate.
./lib/autoconf/c.m4:262: AC_LANG_CPLUSPLUS is expanded from...
acinclude.m4:162: PAC_BAGEL_CLOVER_LINK_CXX_FUNC is expanded from...
configure.ac:900: the top level
configure.ac:900: warning: The macro `AC_TRY_LINK' is obsolete.
configure.ac:900: You should run autoupdate.
./lib/autoconf/general.m4:2920: AC_TRY_LINK is expanded from...
acinclude.m4:162: PAC_BAGEL_CLOVER_LINK_CXX_FUNC is expanded from...
configure.ac:900: the top level
configure.ac:1094: warning: The macro `AC_LANG_CPLUSPLUS' is obsolete.
configure.ac:1094: You should run autoupdate.
./lib/autoconf/c.m4:262: AC_LANG_CPLUSPLUS is expanded from...
acinclude.m4:119: PAC_GMP_LINK_CXX_FUNC is expanded from...
configure.ac:1094: the top level
configure.ac:1094: warning: The macro `AC_TRY_LINK' is obsolete.
configure.ac:1094: You should run autoupdate.
./lib/autoconf/general.m4:2920: AC_TRY_LINK is expanded from...
acinclude.m4:119: PAC_GMP_LINK_CXX_FUNC is expanded from...
configure.ac:1094: the top level
