configure.ac:26: warning: The macro `AC_HELP_STRING' is obsolete.
configure.ac:26: You should run autoupdate.
./lib/autoconf/general.m4:204: AC_HELP_STRING is expanded from...
configure.ac:26: the top level
configure.ac:32: warning: The macro `AC_HELP_STRING' is obsolete.
configure.ac:32: You should run autoupdate.
./lib/autoconf/general.m4:204: AC_HELP_STRING is expanded from...
configure.ac:32: the top level
configure.ac:44: warning: The macro `AC_HELP_STRING' is obsolete.
configure.ac:44: You should run autoupdate.
./lib/autoconf/general.m4:204: AC_HELP_STRING is expanded from...
configure.ac:44: the top level
configure.ac:109: warning: The macro `AC_HELP_STRING' is obsolete.
configure.ac:109: You should run autoupdate.
./lib/autoconf/general.m4:204: AC_HELP_STRING is expanded from...
configure.ac:109: the top level
configure.ac:165: warning: The macro `AC_LANG_CPLUSPLUS' is obsolete.
configure.ac:165: You should run autoupdate.
./lib/autoconf/c.m4:262: AC_LANG_CPLUSPLUS is expanded from...
acinclude.m4:93: PAC_QDPXX_LINK_CXX_FUNC is expanded from...
configure.ac:165: the top level
configure.ac:165: warning: The macro `AC_TRY_LINK' is obsolete.
configure.ac:165: You should run autoupdate.
./lib/autoconf/general.m4:2920: AC_TRY_LINK is expanded from...
acinclude.m4:93: PAC_QDPXX_LINK_CXX_FUNC is expanded from...
configure.ac:165: the top level
configure.ac:26: warning: The macro `AC_HELP_STRING' is obsolete.
configure.ac:26: You should run autoupdate.
./lib/autoconf/general.m4:204: AC_HELP_STRING is expanded from...
configure.ac:26: the top level
configure.ac:32: warning: The macro `AC_HELP_STRING' is obsolete.
configure.ac:32: You should run autoupdate.
./lib/autoconf/general.m4:204: AC_HELP_STRING is expanded from...
configure.ac:32: the top level
configure.ac:44: warning: The macro `AC_HELP_STRING' is obsolete.
configure.ac:44: You should run autoupdate.
./lib/autoconf/general.m4:204: AC_HELP_STRING is expanded from...
configure.ac:44: the top level
configure.ac:109: warning: The macro `AC_HELP_STRING' is obsolete.
configure.ac:109: You should run autoupdate.
./lib/autoconf/general.m4:204: AC_HELP_STRING is expanded from...
configure.ac:109: the top level
configure.ac:165: warning: The macro `AC_LANG_CPLUSPLUS' is obsolete.
configure.ac:165: You should run autoupdate.
./lib/autoconf/c.m4:262: AC_LANG_CPLUSPLUS is expanded from...
acinclude.m4:93: PAC_QDPXX_LINK_CXX_FUNC is expanded from...
configure.ac:165: the top level
configure.ac:165: warning: The macro `AC_TRY_LINK' is obsolete.
configure.ac:165: You should run autoupdate.
./lib/autoconf/general.m4:2920: AC_TRY_LINK is expanded from...
acinclude.m4:93: PAC_QDPXX_LINK_CXX_FUNC is expanded from...
configure.ac:165: the top level
configure.ac:26: warning: The macro `AC_HELP_STRING' is obsolete.
configure.ac:26: You should run autoupdate.
./lib/autoconf/general.m4:204: AC_HELP_STRING is expanded from...
configure.ac:26: the top level
configure.ac:32: warning: The macro `AC_HELP_STRING' is obsolete.
configure.ac:32: You should run autoupdate.
./lib/autoconf/general.m4:204: AC_HELP_STRING is expanded from...
configure.ac:32: the top level
configure.ac:44: warning: The macro `AC_HELP_STRING' is obsolete.
configure.ac:44: You should run autoupdate.
./lib/autoconf/general.m4:204: AC_HELP_STRING is expanded from...
configure.ac:44: the top level
configure.ac:109: warning: The macro `AC_HELP_STRING' is obsolete.
configure.ac:109: You should run autoupdate.
./lib/autoconf/general.m4:204: AC_HELP_STRING is expanded from...
configure.ac:109: the top level
configure.ac:165: warning: The macro `AC_LANG_CPLUSPLUS' is obsolete.
configure.ac:165: You should run autoupdate.
./lib/autoconf/c.m4:262: AC_LANG_CPLUSPLUS is expanded from...
acinclude.m4:93: PAC_QDPXX_LINK_CXX_FUNC is expanded from...
configure.ac:165: the top level
configure.ac:165: warning: The macro `AC_TRY_LINK' is obsolete.
configure.ac:165: You should run autoupdate.
./lib/autoconf/general.m4:2920: AC_TRY_LINK is expanded from...
acinclude.m4:93: PAC_QDPXX_LINK_CXX_FUNC is expanded from...
configure.ac:165: the top level
configure.ac:26: warning: The macro `AC_HELP_STRING' is obsolete.
configure.ac:26: You should run autoupdate.
./lib/autoconf/general.m4:204: AC_HELP_STRING is expanded from...
configure.ac:26: the top level
configure.ac:32: warning: The macro `AC_HELP_STRING' is obsolete.
configure.ac:32: You should run autoupdate.
./lib/autoconf/general.m4:204: AC_HELP_STRING is expanded from...
configure.ac:32: the top level
configure.ac:44: warning: The macro `AC_HELP_STRING' is obsolete.
configure.ac:44: You should run autoupdate.
./lib/autoconf/general.m4:204: AC_HELP_STRING is expanded from...
configure.ac:44: the top level
configure.ac:109: warning: The macro `AC_HELP_STRING' is obsolete.
configure.ac:109: You should run autoupdate.
./lib/autoconf/general.m4:204: AC_HELP_STRING is expanded from...
configure.ac:109: the top level
configure.ac:165: warning: The macro `AC_LANG_CPLUSPLUS' is obsolete.
configure.ac:165: You should run autoupdate.
./lib/autoconf/c.m4:262: AC_LANG_CPLUSPLUS is expanded from...
acinclude.m4:93: PAC_QDPXX_LINK_CXX_FUNC is expanded from...
configure.ac:165: the top level
configure.ac:165: warning: The macro `AC_TRY_LINK' is obsolete.
configure.ac:165: You should run autoupdate.
./lib/autoconf/general.m4:2920: AC_TRY_LINK is expanded from...
acinclude.m4:93: PAC_QDPXX_LINK_CXX_FUNC is expanded from...
configure.ac:165: the top level
