configure.ac:22: warning: The macro `AC_HELP_STRING' is obsolete.
configure.ac:22: You should run autoupdate.
./lib/autoconf/general.m4:204: AC_HELP_STRING is expanded from...
configure.ac:22: the top level
configure.ac:28: warning: The macro `AC_HELP_STRING' is obsolete.
configure.ac:28: You should run autoupdate.
./lib/autoconf/general.m4:204: AC_HELP_STRING is expanded from...
configure.ac:28: the top level
configure.ac:33: warning: The macro `AC_HELP_STRING' is obsolete.
configure.ac:33: You should run autoupdate.
./lib/autoconf/general.m4:204: AC_HELP_STRING is expanded from...
configure.ac:33: the top level
configure.ac:39: warning: The macro `AC_HELP_STRING' is obsolete.
configure.ac:39: You should run autoupdate.
./lib/autoconf/general.m4:204: AC_HELP_STRING is expanded from...
configure.ac:39: the top level
configure.ac:46: warning: The macro `AC_HELP_STRING' is obsolete.
configure.ac:46: You should run autoupdate.
./lib/autoconf/general.m4:204: AC_HELP_STRING is expanded from...
configure.ac:46: the top level
configure.ac:53: warning: The macro `AC_HELP_STRING' is obsolete.
configure.ac:53: You should run autoupdate.
./lib/autoconf/general.m4:204: AC_HELP_STRING is expanded from...
configure.ac:53: the top level
configure.ac:63: warning: The macro `AC_HELP_STRING' is obsolete.
configure.ac:63: You should run autoupdate.
./lib/autoconf/general.m4:204: AC_HELP_STRING is expanded from...
configure.ac:63: the top level
configure.ac:74: warning: The macro `AC_HELP_STRING' is obsolete.
configure.ac:74: You should run autoupdate.
./lib/autoconf/general.m4:204: AC_HELP_STRING is expanded from...
configure.ac:74: the top level
configure.ac:83: warning: The macro `AC_HELP_STRING' is obsolete.
configure.ac:83: You should run autoupdate.
./lib/autoconf/general.m4:204: AC_HELP_STRING is expanded from...
configure.ac:83: the top level
configure.ac:92: warning: The macro `AC_HELP_STRING' is obsolete.
configure.ac:92: You should run autoupdate.
./lib/autoconf/general.m4:204: AC_HELP_STRING is expanded from...
configure.ac:92: the top level
configure.ac:111: warning: The macro `AC_HELP_STRING' is obsolete.
configure.ac:111: You should run autoupdate.
./lib/autoconf/general.m4:204: AC_HELP_STRING is expanded from...
configure.ac:111: the top level
configure.ac:217: warning: The macro `AC_LANG_CPLUSPLUS' is obsolete.
configure.ac:217: You should run autoupdate.
./lib/autoconf/c.m4:262: AC_LANG_CPLUSPLUS is expanded from...
acinclude.m4:222: PAC_QDPXX_LINK_CXX_FUNC is expanded from...
configure.ac:217: the top level
configure.ac:217: warning: The macro `AC_TRY_LINK' is obsolete.
configure.ac:217: You should run autoupdate.
./lib/autoconf/general.m4:2920: AC_TRY_LINK is expanded from...
acinclude.m4:222: PAC_QDPXX_LINK_CXX_FUNC is expanded from...
configure.ac:217: the top level
configure.ac:286: warning: The macro `AC_LANG_C' is obsolete.
configure.ac:286: You should run autoupdate.
./lib/autoconf/c.m4:72: AC_LANG_C is expanded from...
acinclude.m4:26: PAC_QMP_LINK_CC_FUNC is expanded from...
configure.ac:286: the top level
configure.ac:286: warning: The macro `AC_TRY_LINK' is obsolete.
configure.ac:286: You should run autoupdate.
./lib/autoconf/general.m4:2920: AC_TRY_LINK is expanded from...
acinclude.m4:26: PAC_QMP_LINK_CC_FUNC is expanded from...
configure.ac:286: the top level
configure.ac:22: warning: The macro `AC_HELP_STRING' is obsolete.
configure.ac:22: You should run autoupdate.
./lib/autoconf/general.m4:204: AC_HELP_STRING is expanded from...
configure.ac:22: the top level
configure.ac:28: warning: The macro `AC_HELP_STRING' is obsolete.
configure.ac:28: You should run autoupdate.
./lib/autoconf/general.m4:204: AC_HELP_STRING is expanded from...
configure.ac:28: the top level
configure.ac:33: warning: The macro `AC_HELP_STRING' is obsolete.
configure.ac:33: You should run autoupdate.
./lib/autoconf/general.m4:204: AC_HELP_STRING is expanded from...
configure.ac:33: the top level
configure.ac:39: warning: The macro `AC_HELP_STRING' is obsolete.
configure.ac:39: You should run autoupdate.
./lib/autoconf/general.m4:204: AC_HELP_STRING is expanded from...
configure.ac:39: the top level
configure.ac:46: warning: The macro `AC_HELP_STRING' is obsolete.
configure.ac:46: You should run autoupdate.
./lib/autoconf/general.m4:204: AC_HELP_STRING is expanded from...
configure.ac:46: the top level
configure.ac:53: warning: The macro `AC_HELP_STRING' is obsolete.
configure.ac:53: You should run autoupdate.
./lib/autoconf/general.m4:204: AC_HELP_STRING is expanded from...
configure.ac:53: the top level
configure.ac:63: warning: The macro `AC_HELP_STRING' is obsolete.
configure.ac:63: You should run autoupdate.
./lib/autoconf/general.m4:204: AC_HELP_STRING is expanded from...
configure.ac:63: the top level
configure.ac:74: warning: The macro `AC_HELP_STRING' is obsolete.
configure.ac:74: You should run autoupdate.
./lib/autoconf/general.m4:204: AC_HELP_STRING is expanded from...
configure.ac:74: the top level
configure.ac:83: warning: The macro `AC_HELP_STRING' is obsolete.
configure.ac:83: You should run autoupdate.
./lib/autoconf/general.m4:204: AC_HELP_STRING is expanded from...
configure.ac:83: the top level
configure.ac:92: warning: The macro `AC_HELP_STRING' is obsolete.
configure.ac:92: You should run autoupdate.
./lib/autoconf/general.m4:204: AC_HELP_STRING is expanded from...
configure.ac:92: the top level
configure.ac:111: warning: The macro `AC_HELP_STRING' is obsolete.
configure.ac:111: You should run autoupdate.
./lib/autoconf/general.m4:204: AC_HELP_STRING is expanded from...
configure.ac:111: the top level
configure.ac:217: warning: The macro `AC_LANG_CPLUSPLUS' is obsolete.
configure.ac:217: You should run autoupdate.
./lib/autoconf/c.m4:262: AC_LANG_CPLUSPLUS is expanded from...
acinclude.m4:222: PAC_QDPXX_LINK_CXX_FUNC is expanded from...
configure.ac:217: the top level
configure.ac:217: warning: The macro `AC_TRY_LINK' is obsolete.
configure.ac:217: You should run autoupdate.
./lib/autoconf/general.m4:2920: AC_TRY_LINK is expanded from...
acinclude.m4:222: PAC_QDPXX_LINK_CXX_FUNC is expanded from...
configure.ac:217: the top level
configure.ac:286: warning: The macro `AC_LANG_C' is obsolete.
configure.ac:286: You should run autoupdate.
./lib/autoconf/c.m4:72: AC_LANG_C is expanded from...
acinclude.m4:26: PAC_QMP_LINK_CC_FUNC is expanded from...
configure.ac:286: the top level
configure.ac:286: warning: The macro `AC_TRY_LINK' is obsolete.
configure.ac:286: You should run autoupdate.
./lib/autoconf/general.m4:2920: AC_TRY_LINK is expanded from...
acinclude.m4:26: PAC_QMP_LINK_CC_FUNC is expanded from...
configure.ac:286: the top level
configure.ac:22: warning: The macro `AC_HELP_STRING' is obsolete.
configure.ac:22: You should run autoupdate.
./lib/autoconf/general.m4:204: AC_HELP_STRING is expanded from...
configure.ac:22: the top level
configure.ac:28: warning: The macro `AC_HELP_STRING' is obsolete.
configure.ac:28: You should run autoupdate.
./lib/autoconf/general.m4:204: AC_HELP_STRING is expanded from...
configure.ac:28: the top level
configure.ac:33: warning: The macro `AC_HELP_STRING' is obsolete.
configure.ac:33: You should run autoupdate.
./lib/autoconf/general.m4:204: AC_HELP_STRING is expanded from...
configure.ac:33: the top level
configure.ac:39: warning: The macro `AC_HELP_STRING' is obsolete.
configure.ac:39: You should run autoupdate.
./lib/autoconf/general.m4:204: AC_HELP_STRING is expanded from...
configure.ac:39: the top level
configure.ac:46: warning: The macro `AC_HELP_STRING' is obsolete.
configure.ac:46: You should run autoupdate.
./lib/autoconf/general.m4:204: AC_HELP_STRING is expanded from...
configure.ac:46: the top level
configure.ac:53: warning: The macro `AC_HELP_STRING' is obsolete.
configure.ac:53: You should run autoupdate.
./lib/autoconf/general.m4:204: AC_HELP_STRING is expanded from...
configure.ac:53: the top level
configure.ac:63: warning: The macro `AC_HELP_STRING' is obsolete.
configure.ac:63: You should run autoupdate.
./lib/autoconf/general.m4:204: AC_HELP_STRING is expanded from...
configure.ac:63: the top level
configure.ac:74: warning: The macro `AC_HELP_STRING' is obsolete.
configure.ac:74: You should run autoupdate.
./lib/autoconf/general.m4:204: AC_HELP_STRING is expanded from...
configure.ac:74: the top level
configure.ac:83: warning: The macro `AC_HELP_STRING' is obsolete.
configure.ac:83: You should run autoupdate.
./lib/autoconf/general.m4:204: AC_HELP_STRING is expanded from...
configure.ac:83: the top level
configure.ac:92: warning: The macro `AC_HELP_STRING' is obsolete.
configure.ac:92: You should run autoupdate.
./lib/autoconf/general.m4:204: AC_HELP_STRING is expanded from...
configure.ac:92: the top level
configure.ac:111: warning: The macro `AC_HELP_STRING' is obsolete.
configure.ac:111: You should run autoupdate.
./lib/autoconf/general.m4:204: AC_HELP_STRING is expanded from...
configure.ac:111: the top level
configure.ac:217: warning: The macro `AC_LANG_CPLUSPLUS' is obsolete.
configure.ac:217: You should run autoupdate.
./lib/autoconf/c.m4:262: AC_LANG_CPLUSPLUS is expanded from...
acinclude.m4:222: PAC_QDPXX_LINK_CXX_FUNC is expanded from...
configure.ac:217: the top level
configure.ac:217: warning: The macro `AC_TRY_LINK' is obsolete.
configure.ac:217: You should run autoupdate.
./lib/autoconf/general.m4:2920: AC_TRY_LINK is expanded from...
acinclude.m4:222: PAC_QDPXX_LINK_CXX_FUNC is expanded from...
configure.ac:217: the top level
configure.ac:286: warning: The macro `AC_LANG_C' is obsolete.
configure.ac:286: You should run autoupdate.
./lib/autoconf/c.m4:72: AC_LANG_C is expanded from...
acinclude.m4:26: PAC_QMP_LINK_CC_FUNC is expanded from...
configure.ac:286: the top level
configure.ac:286: warning: The macro `AC_TRY_LINK' is obsolete.
configure.ac:286: You should run autoupdate.
./lib/autoconf/general.m4:2920: AC_TRY_LINK is expanded from...
acinclude.m4:26: PAC_QMP_LINK_CC_FUNC is expanded from...
configure.ac:286: the top level
configure.ac:22: warning: The macro `AC_HELP_STRING' is obsolete.
configure.ac:22: You should run autoupdate.
./lib/autoconf/general.m4:204: AC_HELP_STRING is expanded from...
configure.ac:22: the top level
configure.ac:28: warning: The macro `AC_HELP_STRING' is obsolete.
configure.ac:28: You should run autoupdate.
./lib/autoconf/general.m4:204: AC_HELP_STRING is expanded from...
configure.ac:28: the top level
configure.ac:33: warning: The macro `AC_HELP_STRING' is obsolete.
configure.ac:33: You should run autoupdate.
./lib/autoconf/general.m4:204: AC_HELP_STRING is expanded from...
configure.ac:33: the top level
configure.ac:39: warning: The macro `AC_HELP_STRING' is obsolete.
configure.ac:39: You should run autoupdate.
./lib/autoconf/general.m4:204: AC_HELP_STRING is expanded from...
configure.ac:39: the top level
configure.ac:46: warning: The macro `AC_HELP_STRING' is obsolete.
configure.ac:46: You should run autoupdate.
./lib/autoconf/general.m4:204: AC_HELP_STRING is expanded from...
configure.ac:46: the top level
configure.ac:53: warning: The macro `AC_HELP_STRING' is obsolete.
configure.ac:53: You should run autoupdate.
./lib/autoconf/general.m4:204: AC_HELP_STRING is expanded from...
configure.ac:53: the top level
configure.ac:63: warning: The macro `AC_HELP_STRING' is obsolete.
configure.ac:63: You should run autoupdate.
./lib/autoconf/general.m4:204: AC_HELP_STRING is expanded from...
configure.ac:63: the top level
configure.ac:74: warning: The macro `AC_HELP_STRING' is obsolete.
configure.ac:74: You should run autoupdate.
./lib/autoconf/general.m4:204: AC_HELP_STRING is expanded from...
configure.ac:74: the top level
configure.ac:83: warning: The macro `AC_HELP_STRING' is obsolete.
configure.ac:83: You should run autoupdate.
./lib/autoconf/general.m4:204: AC_HELP_STRING is expanded from...
configure.ac:83: the top level
configure.ac:92: warning: The macro `AC_HELP_STRING' is obsolete.
configure.ac:92: You should run autoupdate.
./lib/autoconf/general.m4:204: AC_HELP_STRING is expanded from...
configure.ac:92: the top level
configure.ac:111: warning: The macro `AC_HELP_STRING' is obsolete.
configure.ac:111: You should run autoupdate.
./lib/autoconf/general.m4:204: AC_HELP_STRING is expanded from...
configure.ac:111: the top level
configure.ac:217: warning: The macro `AC_LANG_CPLUSPLUS' is obsolete.
configure.ac:217: You should run autoupdate.
./lib/autoconf/c.m4:262: AC_LANG_CPLUSPLUS is expanded from...
acinclude.m4:222: PAC_QDPXX_LINK_CXX_FUNC is expanded from...
configure.ac:217: the top level
configure.ac:217: warning: The macro `AC_TRY_LINK' is obsolete.
configure.ac:217: You should run autoupdate.
./lib/autoconf/general.m4:2920: AC_TRY_LINK is expanded from...
acinclude.m4:222: PAC_QDPXX_LINK_CXX_FUNC is expanded from...
configure.ac:217: the top level
configure.ac:286: warning: The macro `AC_LANG_C' is obsolete.
configure.ac:286: You should run autoupdate.
./lib/autoconf/c.m4:72: AC_LANG_C is expanded from...
acinclude.m4:26: PAC_QMP_LINK_CC_FUNC is expanded from...
configure.ac:286: the top level
configure.ac:286: warning: The macro `AC_TRY_LINK' is obsolete.
configure.ac:286: You should run autoupdate.
./lib/autoconf/general.m4:2920: AC_TRY_LINK is expanded from...
acinclude.m4:26: PAC_QMP_LINK_CC_FUNC is expanded from...
configure.ac:286: the top level
