configure.ac:22: warning: The macro `AC_HELP_STRING' is obsolete.
configure.ac:22: You should run autoupdate.
./lib/autoconf/general.m4:204: AC_HELP_STRING is expanded from...
configure.ac:22: the top level
configure.ac:28: warning: The macro `AC_HELP_STRING' is obsolete.
configure.ac:28: You should run autoupdate.
./lib/autoconf/general.m4:204: AC_HELP_STRING is expanded from...
configure.ac:28: the top level
configure.ac:33: warning: The macro `AC_HELP_STRING' is obsolete.
configure.ac:33: You should run autoupdate.
./lib/autoconf/general.m4:204: AC_HELP_STRING is expanded from...
configure.ac:33: the top level
configure.ac:41: warning: The macro `AC_HELP_STRING' is obsolete.
configure.ac:41: You should run autoupdate.
./lib/autoconf/general.m4:204: AC_HELP_STRING is expanded from...
configure.ac:41: the top level
configure.ac:51: warning: The macro `AC_HELP_STRING' is obsolete.
configure.ac:51: You should run autoupdate.
./lib/autoconf/general.m4:204: AC_HELP_STRING is expanded from...
configure.ac:51: the top level
configure.ac:62: warning: The macro `AC_HELP_STRING' is obsolete.
configure.ac:62: You should run autoupdate.
./lib/autoconf/general.m4:204: AC_HELP_STRING is expanded from...
configure.ac:62: the top level
configure.ac:71: warning: The macro `AC_HELP_STRING' is obsolete.
configure.ac:71: You should run autoupdate.
./lib/autoconf/general.m4:204: AC_HELP_STRING is expanded from...
configure.ac:71: the top level
configure.ac:80: warning: The macro `AC_HELP_STRING' is obsolete.
configure.ac:80: You should run autoupdate.
./lib/autoconf/general.m4:204: AC_HELP_STRING is expanded from...
configure.ac:80: the top level
configure.ac:89: warning: The macro `AC_HELP_STRING' is obsolete.
configure.ac:89: You should run autoupdate.
./lib/autoconf/general.m4:204: AC_HELP_STRING is expanded from...
configure.ac:89: the top level
configure.ac:98: warning: The macro `AC_HELP_STRING' is obsolete.
configure.ac:98: You should run autoupdate.
./lib/autoconf/general.m4:204: AC_HELP_STRING is expanded from...
configure.ac:98: the top level
configure.ac:117: warning: The macro `AC_HELP_STRING' is obsolete.
configure.ac:117: You should run autoupdate.
./lib/autoconf/general.m4:204: AC_HELP_STRING is expanded from...
configure.ac:117: the top level
configure.ac:209: warning: The macro `AC_LANG_CPLUSPLUS' is obsolete.
configure.ac:209: You should run autoupdate.
./lib/autoconf/c.m4:262: AC_LANG_CPLUSPLUS is expanded from...
acinclude.m4:222: PAC_QDPXX_LINK_CXX_FUNC is expanded from...
configure.ac:209: the top level
configure.ac:209: warning: The macro `AC_TRY_LINK' is obsolete.
configure.ac:209: You should run autoupdate.
./lib/autoconf/general.m4:2920: AC_TRY_LINK is expanded from...
acinclude.m4:222: PAC_QDPXX_LINK_CXX_FUNC is expanded from...
configure.ac:209: the top level
configure.ac:273: warning: The macro `AC_LANG_C' is obsolete.
configure.ac:273: You should run autoupdate.
./lib/autoconf/c.m4:72: AC_LANG_C is expanded from...
acinclude.m4:26: PAC_QMP_LINK_CC_FUNC is expanded from...
configure.ac:273: the top level
configure.ac:273: warning: The macro `AC_TRY_LINK' is obsolete.
configure.ac:273: You should run autoupdate.
./lib/autoconf/general.m4:2920: AC_TRY_LINK is expanded from...
acinclude.m4:26: PAC_QMP_LINK_CC_FUNC is expanded from...
configure.ac:273: the top level
configure.ac:22: warning: The macro `AC_HELP_STRING' is obsolete.
configure.ac:22: You should run autoupdate.
./lib/autoconf/general.m4:204: AC_HELP_STRING is expanded from...
configure.ac:22: the top level
configure.ac:28: warning: The macro `AC_HELP_STRING' is obsolete.
configure.ac:28: You should run autoupdate.
./lib/autoconf/general.m4:204: AC_HELP_STRING is expanded from...
configure.ac:28: the top level
configure.ac:33: warning: The macro `AC_HELP_STRING' is obsolete.
configure.ac:33: You should run autoupdate.
./lib/autoconf/general.m4:204: AC_HELP_STRING is expanded from...
configure.ac:33: the top level
configure.ac:41: warning: The macro `AC_HELP_STRING' is obsolete.
configure.ac:41: You should run autoupdate.
./lib/autoconf/general.m4:204: AC_HELP_STRING is expanded from...
configure.ac:41: the top level
configure.ac:51: warning: The macro `AC_HELP_STRING' is obsolete.
configure.ac:51: You should run autoupdate.
./lib/autoconf/general.m4:204: AC_HELP_STRING is expanded from...
configure.ac:51: the top level
configure.ac:62: warning: The macro `AC_HELP_STRING' is obsolete.
configure.ac:62: You should run autoupdate.
./lib/autoconf/general.m4:204: AC_HELP_STRING is expanded from...
configure.ac:62: the top level
configure.ac:71: warning: The macro `AC_HELP_STRING' is obsolete.
configure.ac:71: You should run autoupdate.
./lib/autoconf/general.m4:204: AC_HELP_STRING is expanded from...
configure.ac:71: the top level
configure.ac:80: warning: The macro `AC_HELP_STRING' is obsolete.
configure.ac:80: You should run autoupdate.
./lib/autoconf/general.m4:204: AC_HELP_STRING is expanded from...
configure.ac:80: the top level
configure.ac:89: warning: The macro `AC_HELP_STRING' is obsolete.
configure.ac:89: You should run autoupdate.
./lib/autoconf/general.m4:204: AC_HELP_STRING is expanded from...
configure.ac:89: the top level
configure.ac:98: warning: The macro `AC_HELP_STRING' is obsolete.
configure.ac:98: You should run autoupdate.
./lib/autoconf/general.m4:204: AC_HELP_STRING is expanded from...
configure.ac:98: the top level
configure.ac:117: warning: The macro `AC_HELP_STRING' is obsolete.
configure.ac:117: You should run autoupdate.
./lib/autoconf/general.m4:204: AC_HELP_STRING is expanded from...
configure.ac:117: the top level
configure.ac:209: warning: The macro `AC_LANG_CPLUSPLUS' is obsolete.
configure.ac:209: You should run autoupdate.
./lib/autoconf/c.m4:262: AC_LANG_CPLUSPLUS is expanded from...
acinclude.m4:222: PAC_QDPXX_LINK_CXX_FUNC is expanded from...
configure.ac:209: the top level
configure.ac:209: warning: The macro `AC_TRY_LINK' is obsolete.
configure.ac:209: You should run autoupdate.
./lib/autoconf/general.m4:2920: AC_TRY_LINK is expanded from...
acinclude.m4:222: PAC_QDPXX_LINK_CXX_FUNC is expanded from...
configure.ac:209: the top level
configure.ac:273: warning: The macro `AC_LANG_C' is obsolete.
configure.ac:273: You should run autoupdate.
./lib/autoconf/c.m4:72: AC_LANG_C is expanded from...
acinclude.m4:26: PAC_QMP_LINK_CC_FUNC is expanded from...
configure.ac:273: the top level
configure.ac:273: warning: The macro `AC_TRY_LINK' is obsolete.
configure.ac:273: You should run autoupdate.
./lib/autoconf/general.m4:2920: AC_TRY_LINK is expanded from...
acinclude.m4:26: PAC_QMP_LINK_CC_FUNC is expanded from...
configure.ac:273: the top level
configure.ac:22: warning: The macro `AC_HELP_STRING' is obsolete.
configure.ac:22: You should run autoupdate.
./lib/autoconf/general.m4:204: AC_HELP_STRING is expanded from...
configure.ac:22: the top level
configure.ac:28: warning: The macro `AC_HELP_STRING' is obsolete.
configure.ac:28: You should run autoupdate.
./lib/autoconf/general.m4:204: AC_HELP_STRING is expanded from...
configure.ac:28: the top level
configure.ac:33: warning: The macro `AC_HELP_STRING' is obsolete.
configure.ac:33: You should run autoupdate.
./lib/autoconf/general.m4:204: AC_HELP_STRING is expanded from...
configure.ac:33: the top level
configure.ac:41: warning: The macro `AC_HELP_STRING' is obsolete.
configure.ac:41: You should run autoupdate.
./lib/autoconf/general.m4:204: AC_HELP_STRING is expanded from...
configure.ac:41: the top level
configure.ac:51: warning: The macro `AC_HELP_STRING' is obsolete.
configure.ac:51: You should run autoupdate.
./lib/autoconf/general.m4:204: AC_HELP_STRING is expanded from...
configure.ac:51: the top level
configure.ac:62: warning: The macro `AC_HELP_STRING' is obsolete.
configure.ac:62: You should run autoupdate.
./lib/autoconf/general.m4:204: AC_HELP_STRING is expanded from...
configure.ac:62: the top level
configure.ac:71: warning: The macro `AC_HELP_STRING' is obsolete.
configure.ac:71: You should run autoupdate.
./lib/autoconf/general.m4:204: AC_HELP_STRING is expanded from...
configure.ac:71: the top level
configure.ac:80: warning: The macro `AC_HELP_STRING' is obsolete.
configure.ac:80: You should run autoupdate.
./lib/autoconf/general.m4:204: AC_HELP_STRING is expanded from...
configure.ac:80: the top level
configure.ac:89: warning: The macro `AC_HELP_STRING' is obsolete.
configure.ac:89: You should run autoupdate.
./lib/autoconf/general.m4:204: AC_HELP_STRING is expanded from...
configure.ac:89: the top level
configure.ac:98: warning: The macro `AC_HELP_STRING' is obsolete.
configure.ac:98: You should run autoupdate.
./lib/autoconf/general.m4:204: AC_HELP_STRING is expanded from...
configure.ac:98: the top level
configure.ac:117: warning: The macro `AC_HELP_STRING' is obsolete.
configure.ac:117: You should run autoupdate.
./lib/autoconf/general.m4:204: AC_HELP_STRING is expanded from...
configure.ac:117: the top level
configure.ac:209: warning: The macro `AC_LANG_CPLUSPLUS' is obsolete.
configure.ac:209: You should run autoupdate.
./lib/autoconf/c.m4:262: AC_LANG_CPLUSPLUS is expanded from...
acinclude.m4:222: PAC_QDPXX_LINK_CXX_FUNC is expanded from...
configure.ac:209: the top level
configure.ac:209: warning: The macro `AC_TRY_LINK' is obsolete.
configure.ac:209: You should run autoupdate.
./lib/autoconf/general.m4:2920: AC_TRY_LINK is expanded from...
acinclude.m4:222: PAC_QDPXX_LINK_CXX_FUNC is expanded from...
configure.ac:209: the top level
configure.ac:273: warning: The macro `AC_LANG_C' is obsolete.
configure.ac:273: You should run autoupdate.
./lib/autoconf/c.m4:72: AC_LANG_C is expanded from...
acinclude.m4:26: PAC_QMP_LINK_CC_FUNC is expanded from...
configure.ac:273: the top level
configure.ac:273: warning: The macro `AC_TRY_LINK' is obsolete.
configure.ac:273: You should run autoupdate.
./lib/autoconf/general.m4:2920: AC_TRY_LINK is expanded from...
acinclude.m4:26: PAC_QMP_LINK_CC_FUNC is expanded from...
configure.ac:273: the top level
configure.ac:22: warning: The macro `AC_HELP_STRING' is obsolete.
configure.ac:22: You should run autoupdate.
./lib/autoconf/general.m4:204: AC_HELP_STRING is expanded from...
configure.ac:22: the top level
configure.ac:28: warning: The macro `AC_HELP_STRING' is obsolete.
configure.ac:28: You should run autoupdate.
./lib/autoconf/general.m4:204: AC_HELP_STRING is expanded from...
configure.ac:28: the top level
configure.ac:33: warning: The macro `AC_HELP_STRING' is obsolete.
configure.ac:33: You should run autoupdate.
./lib/autoconf/general.m4:204: AC_HELP_STRING is expanded from...
configure.ac:33: the top level
configure.ac:41: warning: The macro `AC_HELP_STRING' is obsolete.
configure.ac:41: You should run autoupdate.
./lib/autoconf/general.m4:204: AC_HELP_STRING is expanded from...
configure.ac:41: the top level
configure.ac:51: warning: The macro `AC_HELP_STRING' is obsolete.
configure.ac:51: You should run autoupdate.
./lib/autoconf/general.m4:204: AC_HELP_STRING is expanded from...
configure.ac:51: the top level
configure.ac:62: warning: The macro `AC_HELP_STRING' is obsolete.
configure.ac:62: You should run autoupdate.
./lib/autoconf/general.m4:204: AC_HELP_STRING is expanded from...
configure.ac:62: the top level
configure.ac:71: warning: The macro `AC_HELP_STRING' is obsolete.
configure.ac:71: You should run autoupdate.
./lib/autoconf/general.m4:204: AC_HELP_STRING is expanded from...
configure.ac:71: the top level
configure.ac:80: warning: The macro `AC_HELP_STRING' is obsolete.
configure.ac:80: You should run autoupdate.
./lib/autoconf/general.m4:204: AC_HELP_STRING is expanded from...
configure.ac:80: the top level
configure.ac:89: warning: The macro `AC_HELP_STRING' is obsolete.
configure.ac:89: You should run autoupdate.
./lib/autoconf/general.m4:204: AC_HELP_STRING is expanded from...
configure.ac:89: the top level
configure.ac:98: warning: The macro `AC_HELP_STRING' is obsolete.
configure.ac:98: You should run autoupdate.
./lib/autoconf/general.m4:204: AC_HELP_STRING is expanded from...
configure.ac:98: the top level
configure.ac:117: warning: The macro `AC_HELP_STRING' is obsolete.
configure.ac:117: You should run autoupdate.
./lib/autoconf/general.m4:204: AC_HELP_STRING is expanded from...
configure.ac:117: the top level
configure.ac:209: warning: The macro `AC_LANG_CPLUSPLUS' is obsolete.
configure.ac:209: You should run autoupdate.
./lib/autoconf/c.m4:262: AC_LANG_CPLUSPLUS is expanded from...
acinclude.m4:222: PAC_QDPXX_LINK_CXX_FUNC is expanded from...
configure.ac:209: the top level
configure.ac:209: warning: The macro `AC_TRY_LINK' is obsolete.
configure.ac:209: You should run autoupdate.
./lib/autoconf/general.m4:2920: AC_TRY_LINK is expanded from...
acinclude.m4:222: PAC_QDPXX_LINK_CXX_FUNC is expanded from...
configure.ac:209: the top level
configure.ac:273: warning: The macro `AC_LANG_C' is obsolete.
configure.ac:273: You should run autoupdate.
./lib/autoconf/c.m4:72: AC_LANG_C is expanded from...
acinclude.m4:26: PAC_QMP_LINK_CC_FUNC is expanded from...
configure.ac:273: the top level
configure.ac:273: warning: The macro `AC_TRY_LINK' is obsolete.
configure.ac:273: You should run autoupdate.
./lib/autoconf/general.m4:2920: AC_TRY_LINK is expanded from...
acinclude.m4:26: PAC_QMP_LINK_CC_FUNC is expanded from...
configure.ac:273: the top level
