checking build system type... x86_64-pc-linux-gnu
checking host system type... x86_64-pc-linux-gnu
checking for a BSD-compatible install... /usr/bin/install -c
checking whether build environment is sane... yes
checking for a race-free mkdir -p... /usr/bin/mkdir -p
checking for gawk... no
checking for mawk... mawk
checking whether make sets $(MAKE)... yes
checking whether make supports nested variables... yes
checking whether the C++ compiler works... yes
checking for C++ compiler default output file name... a.out
checking for suffix of executables... 
checking whether we are cross compiling... no
checking for suffix of object files... o
checking whether the compiler supports GNU C++... yes
checking whether /usr/bin/mpicxx accepts -g... yes
checking for /usr/bin/mpicxx option to enable C++11 features... none needed
checking whether make supports the include directive... yes (GNU style)
checking dependency style of /usr/bin/mpicxx... gcc3
checking whether the compiler supports GNU C... yes
checking whether /usr/bin/mpicc accepts -g... yes
checking for /usr/bin/mpicc option to enable C11 features... none needed
checking whether /usr/bin/mpicc understands -c and -o together... yes
checking dependency style of /usr/bin/mpicc... gcc3
checking for ranlib... ranlib
checking for ar... ar
configure: QDPCVER_HOME variable not set.
checking for qdp++-config... /home/jinchen/USQCD/install/qdpxx/bin/qdp++-config
configure: Found QDP++ configuration program /home/jinchen/USQCD/install/qdpxx/bin/qdp++-config
configure: QDP++ compiler: /usr/bin/mpicxx
configure: QDP++ compile flags: -O3 -std=c++11 -march=broadwell -ffast-math -funroll-all-loops -fpermissive -fopenmp -I/usr/include/hdf5/openmpi -I/home/jinchen/USQCD/install/qdpxx/include -I/usr/include/hdf5/openmpi/include -I/usr/include/libxml2 -I/home/jinchen/USQCD/install/qmp/include
configure: QDP++ linking flags: -L/usr/local/openmpi/lib -L/home/jinchen/USQCD/build/qdpxx/other_libs/qio/lib -L/home/jinchen/USQCD/install/qdpxx/lib -L/usr/include/hdf5/openmpi/lib -L/home/jinchen/USQCD/install/qmp/lib
configure: QDP++ libraries flags: -lqdp -lXPathReader -lxmlWriter -lqio -llime -lhdf5 -lz -lm -lxml2 -lqmp -lqmp -lfiledb -lfilehash
configure: QDP++ spacetime dimension: 4
configure: QDP++ number of colors: 3
configure: QDP++ number of spin components: 4
configure: QDP++ parallel arch: parscalar
configure: QDP++ precision: double
checking if we can compile/link a simple QDP++ program... yes
configure: Not building SSE Dslash  
configure: Not building CPP Dslash  
configure: Not building CG DWF
configure: Not enabling Static Packed Gauge Fields
configure: Not using ITTNOTIFY instrumentaiton
configure: Not using fused clover deriv loops routine
configure: Configuring CG-DWF for Higher Memory Mode
configure: Not using BAGEL Wilson Dslash 
configure: Not using BAGEL Clover 
configure: Not using SSE DP Clover 
configure: Not using QDP-JIT Clover 
configure: Not using QDP-JIT contraction kernels 
configure: Not using QUDA device pointer interface 
configure: Will not use Lapack
configure: Will not build optimized eigCG.
configure: Not Configuring Asqtad level3 Inverter Wrapper
configure: Not building optimized CFZ LinOp 
configure: Not building GMP Remez code  
configure: WARNING: Unknown value for chroma_testcase_runner. Will use trivial
configure: Configuring qdp-lapack
configure: Finished configuring qdp-lapack
checking for latex... true
checking for dvips... true
checking for dvipdf... dvipdf
checking for doxygen... true
checking for xmldiff... xmldiff
configure: WARNING: xmldiff not found in your PATH. make xcheck may fail
configure:  Not using GTest Unittesting  
checking that generated files are newer than configure... done
configure: creating ./config.status
config.status: creating Makefile
config.status: creating chroma-config
config.status: creating lib/Makefile
config.status: creating mainprogs/Makefile
config.status: creating mainprogs/tests/Makefile
config.status: creating mainprogs/main/Makefile
config.status: creating docs/Makefile
config.status: creating other_libs/Makefile
config.status: creating scripts/test_runners/trivial_runner.sh
config.status: creating scripts/test_runners/6n_mpirun_rsh_runner.sh
config.status: creating scripts/test_runners/7n_mpirun_rsh_runner.sh
config.status: creating scripts/test_runners/9q_mpirun_rsh_runner.sh
config.status: creating scripts/test_runners/cobalt_runner.sh
config.status: creating lib/chroma_config_internal.h
config.status: lib/chroma_config_internal.h is unchanged
config.status: executing depfiles commands
config.status: executing RUN commands
=== configuring in other_libs/qdp-lapack (/home/jinchen/USQCD/build/chroma/other_libs/qdp-lapack)
configure: running /bin/bash /home/jinchen/USQCD/source/chroma/other_libs/qdp-lapack/configure --disable-option-checking '--prefix=/home/jinchen/USQCD/install/chroma'  '--with-qmp=/home/jinchen/USQCD/install/qmp' '--with-qdp=/home/jinchen/USQCD/install/qdpxx' '--enable-openmp' 'CXX=/usr/bin/mpicxx' 'CXXFLAGS=-O3 -std=c++11 -march=broadwell -ffast-math -funroll-all-loops -fpermissive -fopenmp -I/usr/include/hdf5/openmpi' 'LDFLAGS= -L/usr/lib/x86_64-linux-gnu/hdf5/openmpi' 'LIBS=' 'CPPFLAGS=' 'CC=/usr/bin/mpicc' 'CFLAGS=-O3 -march=broadwell -fpermissive -fopenmp -I/usr/include/hdf5/openmpi' --cache-file=/dev/null --srcdir=/home/jinchen/USQCD/source/chroma/other_libs/qdp-lapack
configure: Configuring qdp-lapack
checking for gcc... /usr/bin/mpicc
checking whether the C compiler works... yes
checking for C compiler default output file name... a.out
checking for suffix of executables... 
checking whether we are cross compiling... no
checking for suffix of object files... o
checking whether the compiler supports GNU C... yes
checking whether /usr/bin/mpicc accepts -g... yes
checking for /usr/bin/mpicc option to enable C11 features... none needed
checking whether /usr/bin/mpicc understands -c and -o together... yes
checking whether the compiler supports GNU C++... yes
checking whether /usr/bin/mpicxx accepts -g... yes
checking for /usr/bin/mpicxx option to enable C++11 features... none needed
checking for ranlib... ranlib
checking for g77... no
checking for xlf... no
checking for f77... f77
checking whether the compiler supports GNU Fortran 77... yes
checking whether f77 accepts -g... yes
checking for a BSD-compatible install... /usr/bin/install -c
checking whether build environment is sane... yes
checking for a race-free mkdir -p... /usr/bin/mkdir -p
checking for gawk... no
checking for mawk... mawk
checking whether make sets $(MAKE)... yes
checking whether make supports the include directive... yes (GNU style)
checking whether make supports nested variables... yes
checking dependency style of /usr/bin/mpicc... gcc3
checking dependency style of /usr/bin/mpicxx... gcc3
configure: Configuring parallel version with QMP
configure:  Checking for QMP 
checking for qmp-config... /home/jinchen/USQCD/install/qmp/bin/qmp-config
configure: Found QMP configuration program /home/jinchen/USQCD/install/qmp/bin/qmp-config
configure: QMP compile flags: -I/home/jinchen/USQCD/install/qmp/include
configure: QMP linking flags: -L/home/jinchen/USQCD/install/qmp/lib
configure: QMP libraries flags: -lqmp
checking if we can compile  of a simple QMP C program... yes
checking for qdp++-config... /home/jinchen/USQCD/install/qdpxx/bin/qdp++-config
configure: Found QDP++ configuration program /home/jinchen/USQCD/install/qdpxx/bin/qdp++-config
configure: QDP++ compiler: /usr/bin/mpicxx
configure: QDP++ compile flags: -O3 -std=c++11 -march=broadwell -ffast-math -funroll-all-loops -fpermissive -fopenmp -I/usr/include/hdf5/openmpi -I/home/jinchen/USQCD/install/qdpxx/include -I/usr/include/hdf5/openmpi/include -I/usr/include/libxml2 -I/home/jinchen/USQCD/install/qmp/include
configure: QDP++ linking flags: -L/usr/local/openmpi/lib -L/home/jinchen/USQCD/build/qdpxx/other_libs/qio/lib -L/home/jinchen/USQCD/install/qdpxx/lib -L/usr/include/hdf5/openmpi/lib -L/home/jinchen/USQCD/install/qmp/lib
configure: QDP++ libraries flags: -lqdp -lXPathReader -lxmlWriter -lqio -llime -lhdf5 -lz -lm -lxml2 -lqmp -lqmp -lfiledb -lfilehash
configure: QDP++ spacetime dimension: 4
configure: QDP++ number of colors: 3
configure: QDP++ number of spin components: 4
configure: QDP++ parallel arch: parscalar
configure: QDP++ precision: double
checking if we can compile/link a simple QDP++ program... yes
configure: Configuring to use dummy stubs. If you want a real binding, use the --enable-lapack option
checking that generated files are newer than configure... done
configure: creating ./config.status
config.status: creating Makefile
config.status: creating include/Makefile
config.status: creating lib/Makefile
config.status: creating include/qdp-lapack_config_internal.h
config.status: include/qdp-lapack_config_internal.h is unchanged
config.status: executing depfiles commands
