configure.ac:11: warning: The macro `AC_HELP_STRING' is obsolete.
configure.ac:11: You should run autoupdate.
./lib/autoconf/general.m4:204: AC_HELP_STRING is expanded from...
configure.ac:11: the top level
configure.ac:39: warning: The macro `AC_LANG_CPLUSPLUS' is obsolete.
configure.ac:39: You should run autoupdate.
./lib/autoconf/c.m4:262: AC_LANG_CPLUSPLUS is expanded from...
acinclude.m4:19: PAC_LIBXML2_LINK_CXX_FUNC is expanded from...
configure.ac:39: the top level
configure.ac:39: warning: The macro `AC_TRY_LINK' is obsolete.
configure.ac:39: You should run autoupdate.
./lib/autoconf/general.m4:2920: AC_TRY_LINK is expanded from...
acinclude.m4:19: PAC_LIBXML2_LINK_CXX_FUNC is expanded from...
configure.ac:39: the top level
configure.ac:11: warning: The macro `AC_HELP_STRING' is obsolete.
configure.ac:11: You should run autoupdate.
./lib/autoconf/general.m4:204: AC_HELP_STRING is expanded from...
configure.ac:11: the top level
configure.ac:39: warning: The macro `AC_LANG_CPLUSPLUS' is obsolete.
configure.ac:39: You should run autoupdate.
./lib/autoconf/c.m4:262: AC_LANG_CPLUSPLUS is expanded from...
acinclude.m4:19: PAC_LIBXML2_LINK_CXX_FUNC is expanded from...
configure.ac:39: the top level
configure.ac:39: warning: The macro `AC_TRY_LINK' is obsolete.
configure.ac:39: You should run autoupdate.
./lib/autoconf/general.m4:2920: AC_TRY_LINK is expanded from...
acinclude.m4:19: PAC_LIBXML2_LINK_CXX_FUNC is expanded from...
configure.ac:39: the top level
configure.ac:11: warning: The macro `AC_HELP_STRING' is obsolete.
configure.ac:11: You should run autoupdate.
./lib/autoconf/general.m4:204: AC_HELP_STRING is expanded from...
configure.ac:11: the top level
configure.ac:39: warning: The macro `AC_LANG_CPLUSPLUS' is obsolete.
configure.ac:39: You should run autoupdate.
./lib/autoconf/c.m4:262: AC_LANG_CPLUSPLUS is expanded from...
acinclude.m4:19: PAC_LIBXML2_LINK_CXX_FUNC is expanded from...
configure.ac:39: the top level
configure.ac:39: warning: The macro `AC_TRY_LINK' is obsolete.
configure.ac:39: You should run autoupdate.
./lib/autoconf/general.m4:2920: AC_TRY_LINK is expanded from...
acinclude.m4:19: PAC_LIBXML2_LINK_CXX_FUNC is expanded from...
configure.ac:39: the top level
configure.ac:11: warning: The macro `AC_HELP_STRING' is obsolete.
configure.ac:11: You should run autoupdate.
./lib/autoconf/general.m4:204: AC_HELP_STRING is expanded from...
configure.ac:11: the top level
configure.ac:39: warning: The macro `AC_LANG_CPLUSPLUS' is obsolete.
configure.ac:39: You should run autoupdate.
./lib/autoconf/c.m4:262: AC_LANG_CPLUSPLUS is expanded from...
acinclude.m4:19: PAC_LIBXML2_LINK_CXX_FUNC is expanded from...
configure.ac:39: the top level
configure.ac:39: warning: The macro `AC_TRY_LINK' is obsolete.
configure.ac:39: You should run autoupdate.
./lib/autoconf/general.m4:2920: AC_TRY_LINK is expanded from...
acinclude.m4:19: PAC_LIBXML2_LINK_CXX_FUNC is expanded from...
configure.ac:39: the top level
