configure.ac:6: warning: The macro `AC_CONFIG_HEADER' is obsolete.
configure.ac:6: You should run autoupdate.
./lib/autoconf/status.m4:719: AC_CONFIG_HEADER is expanded from...
configure.ac:6: the top level
configure.ac:17: warning: The macro `AC_HELP_STRING' is obsolete.
configure.ac:17: You should run autoupdate.
./lib/autoconf/general.m4:204: AC_HELP_STRING is expanded from...
configure.ac:17: the top level
configure.ac:28: warning: The macro `AC_HELP_STRING' is obsolete.
configure.ac:28: You should run autoupdate.
./lib/autoconf/general.m4:204: AC_HELP_STRING is expanded from...
configure.ac:28: the top level
configure.ac:38: warning: The macro `AC_HELP_STRING' is obsolete.
configure.ac:38: You should run autoupdate.
./lib/autoconf/general.m4:204: AC_HELP_STRING is expanded from...
configure.ac:38: the top level
configure.ac:49: warning: The macro `AC_HELP_STRING' is obsolete.
configure.ac:49: You should run autoupdate.
./lib/autoconf/general.m4:204: AC_HELP_STRING is expanded from...
configure.ac:49: the top level
configure.ac:62: warning: The macro `AC_HELP_STRING' is obsolete.
configure.ac:62: You should run autoupdate.
./lib/autoconf/general.m4:204: AC_HELP_STRING is expanded from...
configure.ac:62: the top level
configure.ac:74: warning: The macro `AC_HELP_STRING' is obsolete.
configure.ac:74: You should run autoupdate.
./lib/autoconf/general.m4:204: AC_HELP_STRING is expanded from...
configure.ac:74: the top level
configure.ac:91: warning: The macro `AC_HELP_STRING' is obsolete.
configure.ac:91: You should run autoupdate.
./lib/autoconf/general.m4:204: AC_HELP_STRING is expanded from...
configure.ac:91: the top level
configure.ac:176: warning: The macro `AC_HELP_STRING' is obsolete.
configure.ac:176: You should run autoupdate.
./lib/autoconf/general.m4:204: AC_HELP_STRING is expanded from...
configure.ac:176: the top level
configure.ac:197: warning: The macro `AC_LANG_C' is obsolete.
configure.ac:197: You should run autoupdate.
./lib/autoconf/c.m4:72: AC_LANG_C is expanded from...
acinclude.m4:26: PAC_QMP_LINK_CC_FUNC is expanded from...
configure.ac:197: the top level
configure.ac:197: warning: The macro `AC_TRY_LINK' is obsolete.
configure.ac:197: You should run autoupdate.
./lib/autoconf/general.m4:2920: AC_TRY_LINK is expanded from...
acinclude.m4:26: PAC_QMP_LINK_CC_FUNC is expanded from...
configure.ac:197: the top level
configure.ac:6: warning: The macro `AC_CONFIG_HEADER' is obsolete.
configure.ac:6: You should run autoupdate.
./lib/autoconf/status.m4:719: AC_CONFIG_HEADER is expanded from...
configure.ac:6: the top level
configure.ac:41: warning: The macro `AC_HELP_STRING' is obsolete.
configure.ac:41: You should run autoupdate.
./lib/autoconf/general.m4:204: AC_HELP_STRING is expanded from...
configure.ac:41: the top level
configure.ac:55: warning: The macro `AC_HELP_STRING' is obsolete.
configure.ac:55: You should run autoupdate.
./lib/autoconf/general.m4:204: AC_HELP_STRING is expanded from...
configure.ac:55: the top level
configure.ac:6: warning: The macro `AC_CONFIG_HEADER' is obsolete.
configure.ac:6: You should run autoupdate.
./lib/autoconf/status.m4:719: AC_CONFIG_HEADER is expanded from...
configure.ac:6: the top level
configure.ac:17: warning: The macro `AC_HELP_STRING' is obsolete.
configure.ac:17: You should run autoupdate.
./lib/autoconf/general.m4:204: AC_HELP_STRING is expanded from...
configure.ac:17: the top level
configure.ac:28: warning: The macro `AC_HELP_STRING' is obsolete.
configure.ac:28: You should run autoupdate.
./lib/autoconf/general.m4:204: AC_HELP_STRING is expanded from...
configure.ac:28: the top level
configure.ac:38: warning: The macro `AC_HELP_STRING' is obsolete.
configure.ac:38: You should run autoupdate.
./lib/autoconf/general.m4:204: AC_HELP_STRING is expanded from...
configure.ac:38: the top level
configure.ac:49: warning: The macro `AC_HELP_STRING' is obsolete.
configure.ac:49: You should run autoupdate.
./lib/autoconf/general.m4:204: AC_HELP_STRING is expanded from...
configure.ac:49: the top level
configure.ac:62: warning: The macro `AC_HELP_STRING' is obsolete.
configure.ac:62: You should run autoupdate.
./lib/autoconf/general.m4:204: AC_HELP_STRING is expanded from...
configure.ac:62: the top level
configure.ac:74: warning: The macro `AC_HELP_STRING' is obsolete.
configure.ac:74: You should run autoupdate.
./lib/autoconf/general.m4:204: AC_HELP_STRING is expanded from...
configure.ac:74: the top level
configure.ac:91: warning: The macro `AC_HELP_STRING' is obsolete.
configure.ac:91: You should run autoupdate.
./lib/autoconf/general.m4:204: AC_HELP_STRING is expanded from...
configure.ac:91: the top level
configure.ac:176: warning: The macro `AC_HELP_STRING' is obsolete.
configure.ac:176: You should run autoupdate.
./lib/autoconf/general.m4:204: AC_HELP_STRING is expanded from...
configure.ac:176: the top level
configure.ac:197: warning: The macro `AC_LANG_C' is obsolete.
configure.ac:197: You should run autoupdate.
./lib/autoconf/c.m4:72: AC_LANG_C is expanded from...
acinclude.m4:26: PAC_QMP_LINK_CC_FUNC is expanded from...
configure.ac:197: the top level
configure.ac:197: warning: The macro `AC_TRY_LINK' is obsolete.
configure.ac:197: You should run autoupdate.
./lib/autoconf/general.m4:2920: AC_TRY_LINK is expanded from...
acinclude.m4:26: PAC_QMP_LINK_CC_FUNC is expanded from...
configure.ac:197: the top level
configure.ac:6: warning: The macro `AC_CONFIG_HEADER' is obsolete.
configure.ac:6: You should run autoupdate.
./lib/autoconf/status.m4:719: AC_CONFIG_HEADER is expanded from...
configure.ac:6: the top level
configure.ac:17: warning: The macro `AC_HELP_STRING' is obsolete.
configure.ac:17: You should run autoupdate.
./lib/autoconf/general.m4:204: AC_HELP_STRING is expanded from...
configure.ac:17: the top level
configure.ac:28: warning: The macro `AC_HELP_STRING' is obsolete.
configure.ac:28: You should run autoupdate.
./lib/autoconf/general.m4:204: AC_HELP_STRING is expanded from...
configure.ac:28: the top level
configure.ac:38: warning: The macro `AC_HELP_STRING' is obsolete.
configure.ac:38: You should run autoupdate.
./lib/autoconf/general.m4:204: AC_HELP_STRING is expanded from...
configure.ac:38: the top level
configure.ac:49: warning: The macro `AC_HELP_STRING' is obsolete.
configure.ac:49: You should run autoupdate.
./lib/autoconf/general.m4:204: AC_HELP_STRING is expanded from...
configure.ac:49: the top level
configure.ac:62: warning: The macro `AC_HELP_STRING' is obsolete.
configure.ac:62: You should run autoupdate.
./lib/autoconf/general.m4:204: AC_HELP_STRING is expanded from...
configure.ac:62: the top level
configure.ac:74: warning: The macro `AC_HELP_STRING' is obsolete.
configure.ac:74: You should run autoupdate.
./lib/autoconf/general.m4:204: AC_HELP_STRING is expanded from...
configure.ac:74: the top level
configure.ac:91: warning: The macro `AC_HELP_STRING' is obsolete.
configure.ac:91: You should run autoupdate.
./lib/autoconf/general.m4:204: AC_HELP_STRING is expanded from...
configure.ac:91: the top level
configure.ac:176: warning: The macro `AC_HELP_STRING' is obsolete.
configure.ac:176: You should run autoupdate.
./lib/autoconf/general.m4:204: AC_HELP_STRING is expanded from...
configure.ac:176: the top level
configure.ac:197: warning: The macro `AC_LANG_C' is obsolete.
configure.ac:197: You should run autoupdate.
./lib/autoconf/c.m4:72: AC_LANG_C is expanded from...
acinclude.m4:26: PAC_QMP_LINK_CC_FUNC is expanded from...
configure.ac:197: the top level
configure.ac:197: warning: The macro `AC_TRY_LINK' is obsolete.
configure.ac:197: You should run autoupdate.
./lib/autoconf/general.m4:2920: AC_TRY_LINK is expanded from...
acinclude.m4:26: PAC_QMP_LINK_CC_FUNC is expanded from...
configure.ac:197: the top level
configure.ac:6: warning: The macro `AC_CONFIG_HEADER' is obsolete.
configure.ac:6: You should run autoupdate.
./lib/autoconf/status.m4:719: AC_CONFIG_HEADER is expanded from...
configure.ac:6: the top level
configure.ac:41: warning: The macro `AC_HELP_STRING' is obsolete.
configure.ac:41: You should run autoupdate.
./lib/autoconf/general.m4:204: AC_HELP_STRING is expanded from...
configure.ac:41: the top level
configure.ac:55: warning: The macro `AC_HELP_STRING' is obsolete.
configure.ac:55: You should run autoupdate.
./lib/autoconf/general.m4:204: AC_HELP_STRING is expanded from...
configure.ac:55: the top level
configure.ac:6: warning: The macro `AC_CONFIG_HEADER' is obsolete.
configure.ac:6: You should run autoupdate.
./lib/autoconf/status.m4:719: AC_CONFIG_HEADER is expanded from...
configure.ac:6: the top level
configure.ac:17: warning: The macro `AC_HELP_STRING' is obsolete.
configure.ac:17: You should run autoupdate.
./lib/autoconf/general.m4:204: AC_HELP_STRING is expanded from...
configure.ac:17: the top level
configure.ac:28: warning: The macro `AC_HELP_STRING' is obsolete.
configure.ac:28: You should run autoupdate.
./lib/autoconf/general.m4:204: AC_HELP_STRING is expanded from...
configure.ac:28: the top level
configure.ac:38: warning: The macro `AC_HELP_STRING' is obsolete.
configure.ac:38: You should run autoupdate.
./lib/autoconf/general.m4:204: AC_HELP_STRING is expanded from...
configure.ac:38: the top level
configure.ac:49: warning: The macro `AC_HELP_STRING' is obsolete.
configure.ac:49: You should run autoupdate.
./lib/autoconf/general.m4:204: AC_HELP_STRING is expanded from...
configure.ac:49: the top level
configure.ac:62: warning: The macro `AC_HELP_STRING' is obsolete.
configure.ac:62: You should run autoupdate.
./lib/autoconf/general.m4:204: AC_HELP_STRING is expanded from...
configure.ac:62: the top level
configure.ac:74: warning: The macro `AC_HELP_STRING' is obsolete.
configure.ac:74: You should run autoupdate.
./lib/autoconf/general.m4:204: AC_HELP_STRING is expanded from...
configure.ac:74: the top level
configure.ac:91: warning: The macro `AC_HELP_STRING' is obsolete.
configure.ac:91: You should run autoupdate.
./lib/autoconf/general.m4:204: AC_HELP_STRING is expanded from...
configure.ac:91: the top level
configure.ac:176: warning: The macro `AC_HELP_STRING' is obsolete.
configure.ac:176: You should run autoupdate.
./lib/autoconf/general.m4:204: AC_HELP_STRING is expanded from...
configure.ac:176: the top level
configure.ac:197: warning: The macro `AC_LANG_C' is obsolete.
configure.ac:197: You should run autoupdate.
./lib/autoconf/c.m4:72: AC_LANG_C is expanded from...
acinclude.m4:26: PAC_QMP_LINK_CC_FUNC is expanded from...
configure.ac:197: the top level
configure.ac:197: warning: The macro `AC_TRY_LINK' is obsolete.
configure.ac:197: You should run autoupdate.
./lib/autoconf/general.m4:2920: AC_TRY_LINK is expanded from...
acinclude.m4:26: PAC_QMP_LINK_CC_FUNC is expanded from...
configure.ac:197: the top level
