configure.ac:23: warning: The macro `AC_HELP_STRING' is obsolete.
configure.ac:23: You should run autoupdate.
./lib/autoconf/general.m4:204: AC_HELP_STRING is expanded from...
configure.ac:23: the top level
configure.ac:38: warning: The macro `AC_HELP_STRING' is obsolete.
configure.ac:38: You should run autoupdate.
./lib/autoconf/general.m4:204: AC_HELP_STRING is expanded from...
configure.ac:38: the top level
configure.ac:53: warning: The macro `AC_HELP_STRING' is obsolete.
configure.ac:53: You should run autoupdate.
./lib/autoconf/general.m4:204: AC_HELP_STRING is expanded from...
configure.ac:53: the top level
configure.ac:67: warning: The macro `AC_HELP_STRING' is obsolete.
configure.ac:67: You should run autoupdate.
./lib/autoconf/general.m4:204: AC_HELP_STRING is expanded from...
configure.ac:67: the top level
configure.ac:80: warning: The macro `AC_HELP_STRING' is obsolete.
configure.ac:80: You should run autoupdate.
./lib/autoconf/general.m4:204: AC_HELP_STRING is expanded from...
configure.ac:80: the top level
configure.ac:98: warning: The macro `AC_HELP_STRING' is obsolete.
configure.ac:98: You should run autoupdate.
./lib/autoconf/general.m4:204: AC_HELP_STRING is expanded from...
configure.ac:98: the top level
configure.ac:106: warning: The macro `AC_HELP_STRING' is obsolete.
configure.ac:106: You should run autoupdate.
./lib/autoconf/general.m4:204: AC_HELP_STRING is expanded from...
configure.ac:106: the top level
configure.ac:114: warning: The macro `AC_HELP_STRING' is obsolete.
configure.ac:114: You should run autoupdate.
./lib/autoconf/general.m4:204: AC_HELP_STRING is expanded from...
configure.ac:114: the top level
configure.ac:123: warning: The macro `AC_HELP_STRING' is obsolete.
configure.ac:123: You should run autoupdate.
./lib/autoconf/general.m4:204: AC_HELP_STRING is expanded from...
configure.ac:123: the top level
configure.ac:131: warning: The macro `AC_HELP_STRING' is obsolete.
configure.ac:131: You should run autoupdate.
./lib/autoconf/general.m4:204: AC_HELP_STRING is expanded from...
configure.ac:131: the top level
configure.ac:144: warning: The macro `AC_HELP_STRING' is obsolete.
configure.ac:144: You should run autoupdate.
./lib/autoconf/general.m4:204: AC_HELP_STRING is expanded from...
configure.ac:144: the top level
configure.ac:158: warning: The macro `AC_HELP_STRING' is obsolete.
configure.ac:158: You should run autoupdate.
./lib/autoconf/general.m4:204: AC_HELP_STRING is expanded from...
configure.ac:158: the top level
configure.ac:173: warning: The macro `AC_HELP_STRING' is obsolete.
configure.ac:173: You should run autoupdate.
./lib/autoconf/general.m4:204: AC_HELP_STRING is expanded from...
configure.ac:173: the top level
configure.ac:181: warning: The macro `AC_HELP_STRING' is obsolete.
configure.ac:181: You should run autoupdate.
./lib/autoconf/general.m4:204: AC_HELP_STRING is expanded from...
configure.ac:181: the top level
configure.ac:189: warning: The macro `AC_HELP_STRING' is obsolete.
configure.ac:189: You should run autoupdate.
./lib/autoconf/general.m4:204: AC_HELP_STRING is expanded from...
configure.ac:189: the top level
configure.ac:196: warning: The macro `AC_HELP_STRING' is obsolete.
configure.ac:196: You should run autoupdate.
./lib/autoconf/general.m4:204: AC_HELP_STRING is expanded from...
configure.ac:196: the top level
configure.ac:203: warning: The macro `AC_HELP_STRING' is obsolete.
configure.ac:203: You should run autoupdate.
./lib/autoconf/general.m4:204: AC_HELP_STRING is expanded from...
configure.ac:203: the top level
configure.ac:275: warning: The macro `AC_HELP_STRING' is obsolete.
configure.ac:275: You should run autoupdate.
./lib/autoconf/general.m4:204: AC_HELP_STRING is expanded from...
configure.ac:275: the top level
configure.ac:297: warning: The macro `AC_HELP_STRING' is obsolete.
configure.ac:297: You should run autoupdate.
./lib/autoconf/general.m4:204: AC_HELP_STRING is expanded from...
configure.ac:297: the top level
configure.ac:337: warning: The macro `AC_HELP_STRING' is obsolete.
configure.ac:337: You should run autoupdate.
./lib/autoconf/general.m4:204: AC_HELP_STRING is expanded from...
configure.ac:337: the top level
configure.ac:422: warning: The macro `AC_TRY_LINK' is obsolete.
configure.ac:422: You should run autoupdate.
./lib/autoconf/general.m4:2920: AC_TRY_LINK is expanded from...
acinclude.m4:29: PAC_QMP_LINK_CXX_FUNC is expanded from...
configure.ac:422: the top level
configure.ac:464: warning: The macro `AC_HELP_STRING' is obsolete.
configure.ac:464: You should run autoupdate.
./lib/autoconf/general.m4:204: AC_HELP_STRING is expanded from...
configure.ac:464: the top level
configure.ac:499: warning: The macro `AC_TRY_LINK' is obsolete.
configure.ac:499: You should run autoupdate.
./lib/autoconf/general.m4:2920: AC_TRY_LINK is expanded from...
acinclude.m4:90: PAC_LIBXML2_LINK_CXX_FUNC is expanded from...
configure.ac:499: the top level
configure.ac:526: warning: The macro `AC_HELP_STRING' is obsolete.
configure.ac:526: You should run autoupdate.
./lib/autoconf/general.m4:204: AC_HELP_STRING is expanded from...
configure.ac:526: the top level
configure.ac:567: warning: The macro `AC_HELP_STRING' is obsolete.
configure.ac:567: You should run autoupdate.
./lib/autoconf/general.m4:204: AC_HELP_STRING is expanded from...
configure.ac:567: the top level
configure.ac:602: warning: The macro `AC_TRY_LINK' is obsolete.
configure.ac:602: You should run autoupdate.
./lib/autoconf/general.m4:2920: AC_TRY_LINK is expanded from...
acinclude.m4:158: PAC_BAGEL_QDP_LINK_CXX_FUNC is expanded from...
configure.ac:602: the top level
configure.ac:643: warning: The macro `AC_HELP_STRING' is obsolete.
configure.ac:643: You should run autoupdate.
./lib/autoconf/general.m4:204: AC_HELP_STRING is expanded from...
configure.ac:643: the top level
configure.ac:679: warning: The macro `AC_HELP_STRING' is obsolete.
configure.ac:679: You should run autoupdate.
./lib/autoconf/general.m4:204: AC_HELP_STRING is expanded from...
configure.ac:679: the top level
configure.ac:74: warning: The macro `AC_HELP_STRING' is obsolete.
configure.ac:74: You should run autoupdate.
./lib/autoconf/general.m4:204: AC_HELP_STRING is expanded from...
configure.ac:74: the top level
configure.ac:85: warning: The macro `AC_HELP_STRING' is obsolete.
configure.ac:85: You should run autoupdate.
./lib/autoconf/general.m4:204: AC_HELP_STRING is expanded from...
configure.ac:85: the top level
configure.ac:6: warning: The macro `AC_CONFIG_HEADER' is obsolete.
configure.ac:6: You should run autoupdate.
./lib/autoconf/status.m4:719: AC_CONFIG_HEADER is expanded from...
configure.ac:6: the top level
configure.ac:41: warning: The macro `AC_HELP_STRING' is obsolete.
configure.ac:41: You should run autoupdate.
./lib/autoconf/general.m4:204: AC_HELP_STRING is expanded from...
configure.ac:41: the top level
configure.ac:55: warning: The macro `AC_HELP_STRING' is obsolete.
configure.ac:55: You should run autoupdate.
./lib/autoconf/general.m4:204: AC_HELP_STRING is expanded from...
configure.ac:55: the top level
configure.ac:6: warning: The macro `AC_CONFIG_HEADER' is obsolete.
configure.ac:6: You should run autoupdate.
./lib/autoconf/status.m4:719: AC_CONFIG_HEADER is expanded from...
configure.ac:6: the top level
configure.ac:17: warning: The macro `AC_HELP_STRING' is obsolete.
configure.ac:17: You should run autoupdate.
./lib/autoconf/general.m4:204: AC_HELP_STRING is expanded from...
configure.ac:17: the top level
configure.ac:28: warning: The macro `AC_HELP_STRING' is obsolete.
configure.ac:28: You should run autoupdate.
./lib/autoconf/general.m4:204: AC_HELP_STRING is expanded from...
configure.ac:28: the top level
configure.ac:38: warning: The macro `AC_HELP_STRING' is obsolete.
configure.ac:38: You should run autoupdate.
./lib/autoconf/general.m4:204: AC_HELP_STRING is expanded from...
configure.ac:38: the top level
configure.ac:49: warning: The macro `AC_HELP_STRING' is obsolete.
configure.ac:49: You should run autoupdate.
./lib/autoconf/general.m4:204: AC_HELP_STRING is expanded from...
configure.ac:49: the top level
configure.ac:62: warning: The macro `AC_HELP_STRING' is obsolete.
configure.ac:62: You should run autoupdate.
./lib/autoconf/general.m4:204: AC_HELP_STRING is expanded from...
configure.ac:62: the top level
configure.ac:74: warning: The macro `AC_HELP_STRING' is obsolete.
configure.ac:74: You should run autoupdate.
./lib/autoconf/general.m4:204: AC_HELP_STRING is expanded from...
configure.ac:74: the top level
configure.ac:91: warning: The macro `AC_HELP_STRING' is obsolete.
configure.ac:91: You should run autoupdate.
./lib/autoconf/general.m4:204: AC_HELP_STRING is expanded from...
configure.ac:91: the top level
configure.ac:176: warning: The macro `AC_HELP_STRING' is obsolete.
configure.ac:176: You should run autoupdate.
./lib/autoconf/general.m4:204: AC_HELP_STRING is expanded from...
configure.ac:176: the top level
configure.ac:197: warning: The macro `AC_LANG_C' is obsolete.
configure.ac:197: You should run autoupdate.
./lib/autoconf/c.m4:72: AC_LANG_C is expanded from...
acinclude.m4:26: PAC_QMP_LINK_CC_FUNC is expanded from...
configure.ac:197: the top level
configure.ac:197: warning: The macro `AC_TRY_LINK' is obsolete.
configure.ac:197: You should run autoupdate.
./lib/autoconf/general.m4:2920: AC_TRY_LINK is expanded from...
acinclude.m4:26: PAC_QMP_LINK_CC_FUNC is expanded from...
configure.ac:197: the top level
configure.ac:11: warning: The macro `AC_HELP_STRING' is obsolete.
configure.ac:11: You should run autoupdate.
./lib/autoconf/general.m4:204: AC_HELP_STRING is expanded from...
configure.ac:11: the top level
configure.ac:39: warning: The macro `AC_LANG_CPLUSPLUS' is obsolete.
configure.ac:39: You should run autoupdate.
./lib/autoconf/c.m4:262: AC_LANG_CPLUSPLUS is expanded from...
acinclude.m4:19: PAC_LIBXML2_LINK_CXX_FUNC is expanded from...
configure.ac:39: the top level
configure.ac:39: warning: The macro `AC_TRY_LINK' is obsolete.
configure.ac:39: You should run autoupdate.
./lib/autoconf/general.m4:2920: AC_TRY_LINK is expanded from...
acinclude.m4:19: PAC_LIBXML2_LINK_CXX_FUNC is expanded from...
configure.ac:39: the top level
configure.ac:23: warning: The macro `AC_HELP_STRING' is obsolete.
configure.ac:23: You should run autoupdate.
./lib/autoconf/general.m4:204: AC_HELP_STRING is expanded from...
configure.ac:23: the top level
configure.ac:38: warning: The macro `AC_HELP_STRING' is obsolete.
configure.ac:38: You should run autoupdate.
./lib/autoconf/general.m4:204: AC_HELP_STRING is expanded from...
configure.ac:38: the top level
configure.ac:53: warning: The macro `AC_HELP_STRING' is obsolete.
configure.ac:53: You should run autoupdate.
./lib/autoconf/general.m4:204: AC_HELP_STRING is expanded from...
configure.ac:53: the top level
configure.ac:67: warning: The macro `AC_HELP_STRING' is obsolete.
configure.ac:67: You should run autoupdate.
./lib/autoconf/general.m4:204: AC_HELP_STRING is expanded from...
configure.ac:67: the top level
configure.ac:80: warning: The macro `AC_HELP_STRING' is obsolete.
configure.ac:80: You should run autoupdate.
./lib/autoconf/general.m4:204: AC_HELP_STRING is expanded from...
configure.ac:80: the top level
configure.ac:98: warning: The macro `AC_HELP_STRING' is obsolete.
configure.ac:98: You should run autoupdate.
./lib/autoconf/general.m4:204: AC_HELP_STRING is expanded from...
configure.ac:98: the top level
configure.ac:106: warning: The macro `AC_HELP_STRING' is obsolete.
configure.ac:106: You should run autoupdate.
./lib/autoconf/general.m4:204: AC_HELP_STRING is expanded from...
configure.ac:106: the top level
configure.ac:114: warning: The macro `AC_HELP_STRING' is obsolete.
configure.ac:114: You should run autoupdate.
./lib/autoconf/general.m4:204: AC_HELP_STRING is expanded from...
configure.ac:114: the top level
configure.ac:123: warning: The macro `AC_HELP_STRING' is obsolete.
configure.ac:123: You should run autoupdate.
./lib/autoconf/general.m4:204: AC_HELP_STRING is expanded from...
configure.ac:123: the top level
configure.ac:131: warning: The macro `AC_HELP_STRING' is obsolete.
configure.ac:131: You should run autoupdate.
./lib/autoconf/general.m4:204: AC_HELP_STRING is expanded from...
configure.ac:131: the top level
configure.ac:144: warning: The macro `AC_HELP_STRING' is obsolete.
configure.ac:144: You should run autoupdate.
./lib/autoconf/general.m4:204: AC_HELP_STRING is expanded from...
configure.ac:144: the top level
configure.ac:158: warning: The macro `AC_HELP_STRING' is obsolete.
configure.ac:158: You should run autoupdate.
./lib/autoconf/general.m4:204: AC_HELP_STRING is expanded from...
configure.ac:158: the top level
configure.ac:173: warning: The macro `AC_HELP_STRING' is obsolete.
configure.ac:173: You should run autoupdate.
./lib/autoconf/general.m4:204: AC_HELP_STRING is expanded from...
configure.ac:173: the top level
configure.ac:181: warning: The macro `AC_HELP_STRING' is obsolete.
configure.ac:181: You should run autoupdate.
./lib/autoconf/general.m4:204: AC_HELP_STRING is expanded from...
configure.ac:181: the top level
configure.ac:189: warning: The macro `AC_HELP_STRING' is obsolete.
configure.ac:189: You should run autoupdate.
./lib/autoconf/general.m4:204: AC_HELP_STRING is expanded from...
configure.ac:189: the top level
configure.ac:196: warning: The macro `AC_HELP_STRING' is obsolete.
configure.ac:196: You should run autoupdate.
./lib/autoconf/general.m4:204: AC_HELP_STRING is expanded from...
configure.ac:196: the top level
configure.ac:203: warning: The macro `AC_HELP_STRING' is obsolete.
configure.ac:203: You should run autoupdate.
./lib/autoconf/general.m4:204: AC_HELP_STRING is expanded from...
configure.ac:203: the top level
configure.ac:275: warning: The macro `AC_HELP_STRING' is obsolete.
configure.ac:275: You should run autoupdate.
./lib/autoconf/general.m4:204: AC_HELP_STRING is expanded from...
configure.ac:275: the top level
configure.ac:297: warning: The macro `AC_HELP_STRING' is obsolete.
configure.ac:297: You should run autoupdate.
./lib/autoconf/general.m4:204: AC_HELP_STRING is expanded from...
configure.ac:297: the top level
configure.ac:337: warning: The macro `AC_HELP_STRING' is obsolete.
configure.ac:337: You should run autoupdate.
./lib/autoconf/general.m4:204: AC_HELP_STRING is expanded from...
configure.ac:337: the top level
configure.ac:422: warning: The macro `AC_TRY_LINK' is obsolete.
configure.ac:422: You should run autoupdate.
./lib/autoconf/general.m4:2920: AC_TRY_LINK is expanded from...
acinclude.m4:29: PAC_QMP_LINK_CXX_FUNC is expanded from...
configure.ac:422: the top level
configure.ac:464: warning: The macro `AC_HELP_STRING' is obsolete.
configure.ac:464: You should run autoupdate.
./lib/autoconf/general.m4:204: AC_HELP_STRING is expanded from...
configure.ac:464: the top level
configure.ac:499: warning: The macro `AC_TRY_LINK' is obsolete.
configure.ac:499: You should run autoupdate.
./lib/autoconf/general.m4:2920: AC_TRY_LINK is expanded from...
acinclude.m4:90: PAC_LIBXML2_LINK_CXX_FUNC is expanded from...
configure.ac:499: the top level
configure.ac:526: warning: The macro `AC_HELP_STRING' is obsolete.
configure.ac:526: You should run autoupdate.
./lib/autoconf/general.m4:204: AC_HELP_STRING is expanded from...
configure.ac:526: the top level
configure.ac:567: warning: The macro `AC_HELP_STRING' is obsolete.
configure.ac:567: You should run autoupdate.
./lib/autoconf/general.m4:204: AC_HELP_STRING is expanded from...
configure.ac:567: the top level
configure.ac:602: warning: The macro `AC_TRY_LINK' is obsolete.
configure.ac:602: You should run autoupdate.
./lib/autoconf/general.m4:2920: AC_TRY_LINK is expanded from...
acinclude.m4:158: PAC_BAGEL_QDP_LINK_CXX_FUNC is expanded from...
configure.ac:602: the top level
configure.ac:643: warning: The macro `AC_HELP_STRING' is obsolete.
configure.ac:643: You should run autoupdate.
./lib/autoconf/general.m4:204: AC_HELP_STRING is expanded from...
configure.ac:643: the top level
configure.ac:679: warning: The macro `AC_HELP_STRING' is obsolete.
configure.ac:679: You should run autoupdate.
./lib/autoconf/general.m4:204: AC_HELP_STRING is expanded from...
configure.ac:679: the top level
configure.ac:23: warning: The macro `AC_HELP_STRING' is obsolete.
configure.ac:23: You should run autoupdate.
./lib/autoconf/general.m4:204: AC_HELP_STRING is expanded from...
configure.ac:23: the top level
configure.ac:38: warning: The macro `AC_HELP_STRING' is obsolete.
configure.ac:38: You should run autoupdate.
./lib/autoconf/general.m4:204: AC_HELP_STRING is expanded from...
configure.ac:38: the top level
configure.ac:53: warning: The macro `AC_HELP_STRING' is obsolete.
configure.ac:53: You should run autoupdate.
./lib/autoconf/general.m4:204: AC_HELP_STRING is expanded from...
configure.ac:53: the top level
configure.ac:67: warning: The macro `AC_HELP_STRING' is obsolete.
configure.ac:67: You should run autoupdate.
./lib/autoconf/general.m4:204: AC_HELP_STRING is expanded from...
configure.ac:67: the top level
configure.ac:80: warning: The macro `AC_HELP_STRING' is obsolete.
configure.ac:80: You should run autoupdate.
./lib/autoconf/general.m4:204: AC_HELP_STRING is expanded from...
configure.ac:80: the top level
configure.ac:98: warning: The macro `AC_HELP_STRING' is obsolete.
configure.ac:98: You should run autoupdate.
./lib/autoconf/general.m4:204: AC_HELP_STRING is expanded from...
configure.ac:98: the top level
configure.ac:106: warning: The macro `AC_HELP_STRING' is obsolete.
configure.ac:106: You should run autoupdate.
./lib/autoconf/general.m4:204: AC_HELP_STRING is expanded from...
configure.ac:106: the top level
configure.ac:114: warning: The macro `AC_HELP_STRING' is obsolete.
configure.ac:114: You should run autoupdate.
./lib/autoconf/general.m4:204: AC_HELP_STRING is expanded from...
configure.ac:114: the top level
configure.ac:123: warning: The macro `AC_HELP_STRING' is obsolete.
configure.ac:123: You should run autoupdate.
./lib/autoconf/general.m4:204: AC_HELP_STRING is expanded from...
configure.ac:123: the top level
configure.ac:131: warning: The macro `AC_HELP_STRING' is obsolete.
configure.ac:131: You should run autoupdate.
./lib/autoconf/general.m4:204: AC_HELP_STRING is expanded from...
configure.ac:131: the top level
configure.ac:144: warning: The macro `AC_HELP_STRING' is obsolete.
configure.ac:144: You should run autoupdate.
./lib/autoconf/general.m4:204: AC_HELP_STRING is expanded from...
configure.ac:144: the top level
configure.ac:158: warning: The macro `AC_HELP_STRING' is obsolete.
configure.ac:158: You should run autoupdate.
./lib/autoconf/general.m4:204: AC_HELP_STRING is expanded from...
configure.ac:158: the top level
configure.ac:173: warning: The macro `AC_HELP_STRING' is obsolete.
configure.ac:173: You should run autoupdate.
./lib/autoconf/general.m4:204: AC_HELP_STRING is expanded from...
configure.ac:173: the top level
configure.ac:181: warning: The macro `AC_HELP_STRING' is obsolete.
configure.ac:181: You should run autoupdate.
./lib/autoconf/general.m4:204: AC_HELP_STRING is expanded from...
configure.ac:181: the top level
configure.ac:189: warning: The macro `AC_HELP_STRING' is obsolete.
configure.ac:189: You should run autoupdate.
./lib/autoconf/general.m4:204: AC_HELP_STRING is expanded from...
configure.ac:189: the top level
configure.ac:196: warning: The macro `AC_HELP_STRING' is obsolete.
configure.ac:196: You should run autoupdate.
./lib/autoconf/general.m4:204: AC_HELP_STRING is expanded from...
configure.ac:196: the top level
configure.ac:203: warning: The macro `AC_HELP_STRING' is obsolete.
configure.ac:203: You should run autoupdate.
./lib/autoconf/general.m4:204: AC_HELP_STRING is expanded from...
configure.ac:203: the top level
configure.ac:275: warning: The macro `AC_HELP_STRING' is obsolete.
configure.ac:275: You should run autoupdate.
./lib/autoconf/general.m4:204: AC_HELP_STRING is expanded from...
configure.ac:275: the top level
configure.ac:297: warning: The macro `AC_HELP_STRING' is obsolete.
configure.ac:297: You should run autoupdate.
./lib/autoconf/general.m4:204: AC_HELP_STRING is expanded from...
configure.ac:297: the top level
configure.ac:337: warning: The macro `AC_HELP_STRING' is obsolete.
configure.ac:337: You should run autoupdate.
./lib/autoconf/general.m4:204: AC_HELP_STRING is expanded from...
configure.ac:337: the top level
configure.ac:422: warning: The macro `AC_TRY_LINK' is obsolete.
configure.ac:422: You should run autoupdate.
./lib/autoconf/general.m4:2920: AC_TRY_LINK is expanded from...
acinclude.m4:29: PAC_QMP_LINK_CXX_FUNC is expanded from...
configure.ac:422: the top level
configure.ac:464: warning: The macro `AC_HELP_STRING' is obsolete.
configure.ac:464: You should run autoupdate.
./lib/autoconf/general.m4:204: AC_HELP_STRING is expanded from...
configure.ac:464: the top level
configure.ac:499: warning: The macro `AC_TRY_LINK' is obsolete.
configure.ac:499: You should run autoupdate.
./lib/autoconf/general.m4:2920: AC_TRY_LINK is expanded from...
acinclude.m4:90: PAC_LIBXML2_LINK_CXX_FUNC is expanded from...
configure.ac:499: the top level
configure.ac:526: warning: The macro `AC_HELP_STRING' is obsolete.
configure.ac:526: You should run autoupdate.
./lib/autoconf/general.m4:204: AC_HELP_STRING is expanded from...
configure.ac:526: the top level
configure.ac:567: warning: The macro `AC_HELP_STRING' is obsolete.
configure.ac:567: You should run autoupdate.
./lib/autoconf/general.m4:204: AC_HELP_STRING is expanded from...
configure.ac:567: the top level
configure.ac:602: warning: The macro `AC_TRY_LINK' is obsolete.
configure.ac:602: You should run autoupdate.
./lib/autoconf/general.m4:2920: AC_TRY_LINK is expanded from...
acinclude.m4:158: PAC_BAGEL_QDP_LINK_CXX_FUNC is expanded from...
configure.ac:602: the top level
configure.ac:643: warning: The macro `AC_HELP_STRING' is obsolete.
configure.ac:643: You should run autoupdate.
./lib/autoconf/general.m4:204: AC_HELP_STRING is expanded from...
configure.ac:643: the top level
configure.ac:679: warning: The macro `AC_HELP_STRING' is obsolete.
configure.ac:679: You should run autoupdate.
./lib/autoconf/general.m4:204: AC_HELP_STRING is expanded from...
configure.ac:679: the top level
configure.ac:74: warning: The macro `AC_HELP_STRING' is obsolete.
configure.ac:74: You should run autoupdate.
./lib/autoconf/general.m4:204: AC_HELP_STRING is expanded from...
configure.ac:74: the top level
configure.ac:85: warning: The macro `AC_HELP_STRING' is obsolete.
configure.ac:85: You should run autoupdate.
./lib/autoconf/general.m4:204: AC_HELP_STRING is expanded from...
configure.ac:85: the top level
configure.ac:6: warning: The macro `AC_CONFIG_HEADER' is obsolete.
configure.ac:6: You should run autoupdate.
./lib/autoconf/status.m4:719: AC_CONFIG_HEADER is expanded from...
configure.ac:6: the top level
configure.ac:41: warning: The macro `AC_HELP_STRING' is obsolete.
configure.ac:41: You should run autoupdate.
./lib/autoconf/general.m4:204: AC_HELP_STRING is expanded from...
configure.ac:41: the top level
configure.ac:55: warning: The macro `AC_HELP_STRING' is obsolete.
configure.ac:55: You should run autoupdate.
./lib/autoconf/general.m4:204: AC_HELP_STRING is expanded from...
configure.ac:55: the top level
configure.ac:6: warning: The macro `AC_CONFIG_HEADER' is obsolete.
configure.ac:6: You should run autoupdate.
./lib/autoconf/status.m4:719: AC_CONFIG_HEADER is expanded from...
configure.ac:6: the top level
configure.ac:17: warning: The macro `AC_HELP_STRING' is obsolete.
configure.ac:17: You should run autoupdate.
./lib/autoconf/general.m4:204: AC_HELP_STRING is expanded from...
configure.ac:17: the top level
configure.ac:28: warning: The macro `AC_HELP_STRING' is obsolete.
configure.ac:28: You should run autoupdate.
./lib/autoconf/general.m4:204: AC_HELP_STRING is expanded from...
configure.ac:28: the top level
configure.ac:38: warning: The macro `AC_HELP_STRING' is obsolete.
configure.ac:38: You should run autoupdate.
./lib/autoconf/general.m4:204: AC_HELP_STRING is expanded from...
configure.ac:38: the top level
configure.ac:49: warning: The macro `AC_HELP_STRING' is obsolete.
configure.ac:49: You should run autoupdate.
./lib/autoconf/general.m4:204: AC_HELP_STRING is expanded from...
configure.ac:49: the top level
configure.ac:62: warning: The macro `AC_HELP_STRING' is obsolete.
configure.ac:62: You should run autoupdate.
./lib/autoconf/general.m4:204: AC_HELP_STRING is expanded from...
configure.ac:62: the top level
configure.ac:74: warning: The macro `AC_HELP_STRING' is obsolete.
configure.ac:74: You should run autoupdate.
./lib/autoconf/general.m4:204: AC_HELP_STRING is expanded from...
configure.ac:74: the top level
configure.ac:91: warning: The macro `AC_HELP_STRING' is obsolete.
configure.ac:91: You should run autoupdate.
./lib/autoconf/general.m4:204: AC_HELP_STRING is expanded from...
configure.ac:91: the top level
configure.ac:176: warning: The macro `AC_HELP_STRING' is obsolete.
configure.ac:176: You should run autoupdate.
./lib/autoconf/general.m4:204: AC_HELP_STRING is expanded from...
configure.ac:176: the top level
configure.ac:197: warning: The macro `AC_LANG_C' is obsolete.
configure.ac:197: You should run autoupdate.
./lib/autoconf/c.m4:72: AC_LANG_C is expanded from...
acinclude.m4:26: PAC_QMP_LINK_CC_FUNC is expanded from...
configure.ac:197: the top level
configure.ac:197: warning: The macro `AC_TRY_LINK' is obsolete.
configure.ac:197: You should run autoupdate.
./lib/autoconf/general.m4:2920: AC_TRY_LINK is expanded from...
acinclude.m4:26: PAC_QMP_LINK_CC_FUNC is expanded from...
configure.ac:197: the top level
configure.ac:11: warning: The macro `AC_HELP_STRING' is obsolete.
configure.ac:11: You should run autoupdate.
./lib/autoconf/general.m4:204: AC_HELP_STRING is expanded from...
configure.ac:11: the top level
configure.ac:39: warning: The macro `AC_LANG_CPLUSPLUS' is obsolete.
configure.ac:39: You should run autoupdate.
./lib/autoconf/c.m4:262: AC_LANG_CPLUSPLUS is expanded from...
acinclude.m4:19: PAC_LIBXML2_LINK_CXX_FUNC is expanded from...
configure.ac:39: the top level
configure.ac:39: warning: The macro `AC_TRY_LINK' is obsolete.
configure.ac:39: You should run autoupdate.
./lib/autoconf/general.m4:2920: AC_TRY_LINK is expanded from...
acinclude.m4:19: PAC_LIBXML2_LINK_CXX_FUNC is expanded from...
configure.ac:39: the top level
configure.ac:23: warning: The macro `AC_HELP_STRING' is obsolete.
configure.ac:23: You should run autoupdate.
./lib/autoconf/general.m4:204: AC_HELP_STRING is expanded from...
configure.ac:23: the top level
configure.ac:38: warning: The macro `AC_HELP_STRING' is obsolete.
configure.ac:38: You should run autoupdate.
./lib/autoconf/general.m4:204: AC_HELP_STRING is expanded from...
configure.ac:38: the top level
configure.ac:53: warning: The macro `AC_HELP_STRING' is obsolete.
configure.ac:53: You should run autoupdate.
./lib/autoconf/general.m4:204: AC_HELP_STRING is expanded from...
configure.ac:53: the top level
configure.ac:67: warning: The macro `AC_HELP_STRING' is obsolete.
configure.ac:67: You should run autoupdate.
./lib/autoconf/general.m4:204: AC_HELP_STRING is expanded from...
configure.ac:67: the top level
configure.ac:80: warning: The macro `AC_HELP_STRING' is obsolete.
configure.ac:80: You should run autoupdate.
./lib/autoconf/general.m4:204: AC_HELP_STRING is expanded from...
configure.ac:80: the top level
configure.ac:98: warning: The macro `AC_HELP_STRING' is obsolete.
configure.ac:98: You should run autoupdate.
./lib/autoconf/general.m4:204: AC_HELP_STRING is expanded from...
configure.ac:98: the top level
configure.ac:106: warning: The macro `AC_HELP_STRING' is obsolete.
configure.ac:106: You should run autoupdate.
./lib/autoconf/general.m4:204: AC_HELP_STRING is expanded from...
configure.ac:106: the top level
configure.ac:114: warning: The macro `AC_HELP_STRING' is obsolete.
configure.ac:114: You should run autoupdate.
./lib/autoconf/general.m4:204: AC_HELP_STRING is expanded from...
configure.ac:114: the top level
configure.ac:123: warning: The macro `AC_HELP_STRING' is obsolete.
configure.ac:123: You should run autoupdate.
./lib/autoconf/general.m4:204: AC_HELP_STRING is expanded from...
configure.ac:123: the top level
configure.ac:131: warning: The macro `AC_HELP_STRING' is obsolete.
configure.ac:131: You should run autoupdate.
./lib/autoconf/general.m4:204: AC_HELP_STRING is expanded from...
configure.ac:131: the top level
configure.ac:144: warning: The macro `AC_HELP_STRING' is obsolete.
configure.ac:144: You should run autoupdate.
./lib/autoconf/general.m4:204: AC_HELP_STRING is expanded from...
configure.ac:144: the top level
configure.ac:158: warning: The macro `AC_HELP_STRING' is obsolete.
configure.ac:158: You should run autoupdate.
./lib/autoconf/general.m4:204: AC_HELP_STRING is expanded from...
configure.ac:158: the top level
configure.ac:173: warning: The macro `AC_HELP_STRING' is obsolete.
configure.ac:173: You should run autoupdate.
./lib/autoconf/general.m4:204: AC_HELP_STRING is expanded from...
configure.ac:173: the top level
configure.ac:181: warning: The macro `AC_HELP_STRING' is obsolete.
configure.ac:181: You should run autoupdate.
./lib/autoconf/general.m4:204: AC_HELP_STRING is expanded from...
configure.ac:181: the top level
configure.ac:189: warning: The macro `AC_HELP_STRING' is obsolete.
configure.ac:189: You should run autoupdate.
./lib/autoconf/general.m4:204: AC_HELP_STRING is expanded from...
configure.ac:189: the top level
configure.ac:196: warning: The macro `AC_HELP_STRING' is obsolete.
configure.ac:196: You should run autoupdate.
./lib/autoconf/general.m4:204: AC_HELP_STRING is expanded from...
configure.ac:196: the top level
configure.ac:203: warning: The macro `AC_HELP_STRING' is obsolete.
configure.ac:203: You should run autoupdate.
./lib/autoconf/general.m4:204: AC_HELP_STRING is expanded from...
configure.ac:203: the top level
configure.ac:275: warning: The macro `AC_HELP_STRING' is obsolete.
configure.ac:275: You should run autoupdate.
./lib/autoconf/general.m4:204: AC_HELP_STRING is expanded from...
configure.ac:275: the top level
configure.ac:297: warning: The macro `AC_HELP_STRING' is obsolete.
configure.ac:297: You should run autoupdate.
./lib/autoconf/general.m4:204: AC_HELP_STRING is expanded from...
configure.ac:297: the top level
configure.ac:337: warning: The macro `AC_HELP_STRING' is obsolete.
configure.ac:337: You should run autoupdate.
./lib/autoconf/general.m4:204: AC_HELP_STRING is expanded from...
configure.ac:337: the top level
configure.ac:422: warning: The macro `AC_TRY_LINK' is obsolete.
configure.ac:422: You should run autoupdate.
./lib/autoconf/general.m4:2920: AC_TRY_LINK is expanded from...
acinclude.m4:29: PAC_QMP_LINK_CXX_FUNC is expanded from...
configure.ac:422: the top level
configure.ac:464: warning: The macro `AC_HELP_STRING' is obsolete.
configure.ac:464: You should run autoupdate.
./lib/autoconf/general.m4:204: AC_HELP_STRING is expanded from...
configure.ac:464: the top level
configure.ac:499: warning: The macro `AC_TRY_LINK' is obsolete.
configure.ac:499: You should run autoupdate.
./lib/autoconf/general.m4:2920: AC_TRY_LINK is expanded from...
acinclude.m4:90: PAC_LIBXML2_LINK_CXX_FUNC is expanded from...
configure.ac:499: the top level
configure.ac:526: warning: The macro `AC_HELP_STRING' is obsolete.
configure.ac:526: You should run autoupdate.
./lib/autoconf/general.m4:204: AC_HELP_STRING is expanded from...
configure.ac:526: the top level
configure.ac:567: warning: The macro `AC_HELP_STRING' is obsolete.
configure.ac:567: You should run autoupdate.
./lib/autoconf/general.m4:204: AC_HELP_STRING is expanded from...
configure.ac:567: the top level
configure.ac:602: warning: The macro `AC_TRY_LINK' is obsolete.
configure.ac:602: You should run autoupdate.
./lib/autoconf/general.m4:2920: AC_TRY_LINK is expanded from...
acinclude.m4:158: PAC_BAGEL_QDP_LINK_CXX_FUNC is expanded from...
configure.ac:602: the top level
configure.ac:643: warning: The macro `AC_HELP_STRING' is obsolete.
configure.ac:643: You should run autoupdate.
./lib/autoconf/general.m4:204: AC_HELP_STRING is expanded from...
configure.ac:643: the top level
configure.ac:679: warning: The macro `AC_HELP_STRING' is obsolete.
configure.ac:679: You should run autoupdate.
./lib/autoconf/general.m4:204: AC_HELP_STRING is expanded from...
configure.ac:679: the top level
