configure.ac:6: warning: The macro `AC_CONFIG_HEADER' is obsolete.
configure.ac:6: You should run autoupdate.
./lib/autoconf/status.m4:719: AC_CONFIG_HEADER is expanded from...
configure.ac:6: the top level
configure.ac:41: warning: The macro `AC_HELP_STRING' is obsolete.
configure.ac:41: You should run autoupdate.
./lib/autoconf/general.m4:204: AC_HELP_STRING is expanded from...
configure.ac:41: the top level
configure.ac:55: warning: The macro `AC_HELP_STRING' is obsolete.
configure.ac:55: You should run autoupdate.
./lib/autoconf/general.m4:204: AC_HELP_STRING is expanded from...
configure.ac:55: the top level
configure.ac:6: warning: The macro `AC_CONFIG_HEADER' is obsolete.
configure.ac:6: You should run autoupdate.
./lib/autoconf/status.m4:719: AC_CONFIG_HEADER is expanded from...
configure.ac:6: the top level
configure.ac:41: warning: The macro `AC_HELP_STRING' is obsolete.
configure.ac:41: You should run autoupdate.
./lib/autoconf/general.m4:204: AC_HELP_STRING is expanded from...
configure.ac:41: the top level
configure.ac:55: warning: The macro `AC_HELP_STRING' is obsolete.
configure.ac:55: You should run autoupdate.
./lib/autoconf/general.m4:204: AC_HELP_STRING is expanded from...
configure.ac:55: the top level
configure.ac:6: warning: The macro `AC_CONFIG_HEADER' is obsolete.
configure.ac:6: You should run autoupdate.
./lib/autoconf/status.m4:719: AC_CONFIG_HEADER is expanded from...
configure.ac:6: the top level
configure.ac:41: warning: The macro `AC_HELP_STRING' is obsolete.
configure.ac:41: You should run autoupdate.
./lib/autoconf/general.m4:204: AC_HELP_STRING is expanded from...
configure.ac:41: the top level
configure.ac:55: warning: The macro `AC_HELP_STRING' is obsolete.
configure.ac:55: You should run autoupdate.
./lib/autoconf/general.m4:204: AC_HELP_STRING is expanded from...
configure.ac:55: the top level
configure.ac:6: warning: The macro `AC_CONFIG_HEADER' is obsolete.
configure.ac:6: You should run autoupdate.
./lib/autoconf/status.m4:719: AC_CONFIG_HEADER is expanded from...
configure.ac:6: the top level
configure.ac:41: warning: The macro `AC_HELP_STRING' is obsolete.
configure.ac:41: You should run autoupdate.
./lib/autoconf/general.m4:204: AC_HELP_STRING is expanded from...
configure.ac:41: the top level
configure.ac:55: warning: The macro `AC_HELP_STRING' is obsolete.
configure.ac:55: You should run autoupdate.
./lib/autoconf/general.m4:204: AC_HELP_STRING is expanded from...
configure.ac:55: the top level
