checking whether the C++ compiler works... yes
checking for C++ compiler default output file name... a.out
checking for suffix of executables... 
checking whether we are cross compiling... no
checking for suffix of object files... o
checking whether the compiler supports GNU C++... yes
checking whether /usr/bin/mpicxx accepts -g... yes
checking for /usr/bin/mpicxx option to enable C++11 features... none needed
checking for ranlib... ranlib
checking for ar... ar
checking for a BSD-compatible install... /usr/bin/install -c
checking whether build environment is sane... yes
checking for a race-free mkdir -p... /usr/bin/mkdir -p
checking for gawk... no
checking for mawk... mawk
checking whether make sets $(MAKE)... yes
checking whether make supports the include directive... yes (GNU style)
checking whether make supports nested variables... yes
checking dependency style of /usr/bin/mpicxx... gcc3
configure: Configuring QDP++ for Nd = 4
configure: Configuring QDP++ for Nc = 3
configure: Configuring QDP++ for Ns = 4
configure: Configuring QDP++ Alignment size=16
configure: Fallback to generic C routines if needed: yes
configure: Not Enabling BGQ Thread Binding
configure: Configuring for double precision  
configure: Configuring QDP++ with cb2 layout
configure:  Parscalar build! Checking for QMP 
checking for qmp-config... /home/jinchen/USQCD/install/qmp/bin/qmp-config
configure: Found QMP configuration program /home/jinchen/USQCD/install/qmp/bin/qmp-config
configure: QMP compile flags: -I/home/jinchen/USQCD/install/qmp/include
configure: QMP linking flags: -L/home/jinchen/USQCD/install/qmp/lib
configure: QMP libraries flags: -lqmp
checking if we can compile/link of a simple QMP C++ program... yes
Value of with_libxml2 is X/usrX
checking for xml2-config... /usr/bin/xml2-config
configure: Found libxml2 configuration program 
configure: libxml2 compile flags: -I/usr/include/libxml2
configure: libxml2 libraries flags: -lxml2
checking if we can compile/link a simple libxml2 program... yes
checking for h5dump... /usr/bin/h5dump
configure: Found hdf5 utility /usr/bin/h5dump
configure: hdf5 c-compile flags: -I/usr/include/hdf5/openmpi/include
configure: hdf5 c++-compile flags: -I/usr/include/hdf5/openmpi/include
configure: hdf5 ldflags: -L/usr/include/hdf5/openmpi/lib
configure: hdf5 libraries: -lhdf5 -lz -lm
configure: Configuring QDP++ with HDF5 enabled
configure: not using bagel_qdp
configure: Configuring to use FileDB routines
configure: Configuring OpenMP Threading
True
True
checking for latex... true
checking for dvips... true
checking for dvipdf... dvipdf
checking for doxygen... true
checking for gethostname... yes
checking for strnlen... yes
checking for QMP_abort... yes
checking for QMP_error_exit... no
checking for QMP_verbose... yes
checking that generated files are newer than configure... done
configure: creating ./config.status
config.status: creating Makefile
config.status: creating qdp++-config
config.status: creating FindQDPXX.cmake
config.status: creating lib/Makefile
config.status: creating other_libs/Makefile
config.status: creating include/Makefile
config.status: creating examples/Makefile
config.status: creating tests/Makefile
config.status: creating include/qdp_config_internal.h
config.status: include/qdp_config_internal.h is unchanged
config.status: executing depfiles commands
=== configuring in other_libs/filedb (/home/jinchen/USQCD/build/qdpxx/other_libs/filedb)
configure: running /bin/bash /home/jinchen/USQCD/source/qdpxx/other_libs/filedb/configure --disable-option-checking '--prefix=/home/jinchen/USQCD/install/qdpxx'  '--with-qmp=/home/jinchen/USQCD/install/qmp' '--with-libxml2=/usr' '--with-hdf5=/usr/include/hdf5/openmpi' '--enable-openmp' '--enable-precision=double' '--enable-largefile' '--enable-parallel-io' '--enable-db-lite' '--enable-parallel-arch=parscalar' 'CXX=/usr/bin/mpicxx' 'CXXFLAGS=-O3 -std=c++11 -march=broadwell -ffast-math -funroll-all-loops -fpermissive -fopenmp -I/usr/include/hdf5/openmpi' 'LDFLAGS= -L/usr/local/openmpi/lib -L/home/jinchen/USQCD/build/qdpxx/other_libs/qio/lib ' 'LIBS=' 'CPPFLAGS=' --cache-file=/dev/null --srcdir=/home/jinchen/USQCD/source/qdpxx/other_libs/filedb
configure: Configuring filedb
checking for a BSD-compatible install... /usr/bin/install -c
checking whether build environment is sane... yes
checking for a race-free mkdir -p... /usr/bin/mkdir -p
checking for gawk... no
checking for mawk... mawk
checking whether make sets $(MAKE)... yes
checking whether make supports nested variables... yes
checking build system type... x86_64-pc-linux-gnu
configure: This is a linux machine.
checking for gcc... /usr/bin/mpicc
checking whether the C compiler works... yes
checking for C compiler default output file name... a.out
checking for suffix of executables... 
checking whether we are cross compiling... no
checking for suffix of object files... o
checking whether the compiler supports GNU C... yes
checking whether /usr/bin/mpicc accepts -g... yes
checking for /usr/bin/mpicc option to enable C11 features... none needed
checking whether /usr/bin/mpicc understands -c and -o together... yes
checking whether make supports the include directive... yes (GNU style)
checking dependency style of /usr/bin/mpicc... gcc3
checking whether the compiler supports GNU C++... yes
checking whether /usr/bin/mpicxx accepts -g... yes
checking for /usr/bin/mpicxx option to enable C++11 features... none needed
checking dependency style of /usr/bin/mpicxx... gcc3
checking dependency style of /usr/bin/mpicc... gcc3
checking for ar... ar
checking the archiver (ar) interface... ar
checking for ranlib... ranlib
checking for ar... (cached) ar
checking for an ANSI C-conforming const... yes
checking for inline... inline
checking for working volatile... yes
checking for stdio.h... yes
checking for stdlib.h... yes
checking for string.h... yes
checking for inttypes.h... yes
checking for stdint.h... yes
checking for strings.h... yes
checking for sys/stat.h... yes
checking for sys/types.h... yes
checking for unistd.h... yes
checking whether byte ordering is bigendian... no
configure: Compile FileDB for little endian machines.
checking that generated files are newer than configure... done
configure: creating ./config.status
config.status: creating Makefile
config.status: creating filehash/Makefile
config.status: creating src/Makefile
config.status: creating src/filedb_config_internal.h
config.status: src/filedb_config_internal.h is unchanged
config.status: executing depfiles commands
=== configuring in other_libs/qio (/home/jinchen/USQCD/build/qdpxx/other_libs/qio)
configure: running /bin/bash /home/jinchen/USQCD/source/qdpxx/other_libs/qio/configure --disable-option-checking '--prefix=/home/jinchen/USQCD/install/qdpxx'  '--with-qmp=/home/jinchen/USQCD/install/qmp' '--with-libxml2=/usr' '--with-hdf5=/usr/include/hdf5/openmpi' '--enable-openmp' '--enable-precision=double' '--enable-largefile' '--enable-parallel-io' '--enable-db-lite' '--enable-parallel-arch=parscalar' 'CXX=/usr/bin/mpicxx' 'CXXFLAGS=-O3 -std=c++11 -march=broadwell -ffast-math -funroll-all-loops -fpermissive -fopenmp -I/usr/include/hdf5/openmpi' 'LDFLAGS= -L/usr/local/openmpi/lib -L/home/jinchen/USQCD/build/qdpxx/other_libs/qio/lib ' 'LIBS=' 'CPPFLAGS=' --cache-file=/dev/null --srcdir=/home/jinchen/USQCD/source/qdpxx/other_libs/qio
checking for a BSD-compatible install... /usr/bin/install -c
checking whether build environment is sane... yes
checking for a race-free mkdir -p... /usr/bin/mkdir -p
checking for gawk... no
checking for mawk... mawk
checking whether make sets $(MAKE)... yes
checking whether make supports nested variables... yes
configure: Disabled DML output buffering. Size only affects single site of data
configure: Setting DML_BUF_BYTES to 262144 bytes (256K) 
configure: Using Slow Route from Balint
configure: Checking for QMP 
checking for qmp-config... /home/jinchen/USQCD/install/qmp/bin/qmp-config
configure: Found QMP configuration program /home/jinchen/USQCD/install/qmp/bin/qmp-config
configure: QMP compile flags: -I/home/jinchen/USQCD/install/qmp/include
configure: QMP linking flags: -L/home/jinchen/USQCD/install/qmp/lib
configure: QMP libraries flags: -lqmp
checking whether make supports the include directive... yes (GNU style)
checking for gcc... /usr/bin/mpicc
checking whether the C compiler works... yes
checking for C compiler default output file name... a.out
checking for suffix of executables... 
checking whether we are cross compiling... no
checking for suffix of object files... o
checking whether the compiler supports GNU C... yes
checking whether /usr/bin/mpicc accepts -g... yes
checking for /usr/bin/mpicc option to enable C11 features... none needed
checking whether /usr/bin/mpicc understands -c and -o together... yes
checking dependency style of /usr/bin/mpicc... gcc3
configure: Enabling large file support.
checking for special C compiler options needed for large files... no
checking for _FILE_OFFSET_BITS value needed for large files... no
checking for gcc... (cached) /usr/bin/mpicc
checking whether the compiler supports GNU C... (cached) yes
checking whether /usr/bin/mpicc accepts -g... (cached) yes
checking for /usr/bin/mpicc option to enable C11 features... (cached) none needed
checking whether /usr/bin/mpicc understands -c and -o together... (cached) yes
checking dependency style of /usr/bin/mpicc... (cached) gcc3
checking for ranlib... ranlib
checking for ar... ar
checking if we can compile/link of a simple QMP C program... yes
checking for _LARGEFILE_SOURCE value needed for large files... no
checking for stdio.h... yes
checking for stdlib.h... yes
checking for string.h... yes
checking for inttypes.h... yes
checking for stdint.h... yes
checking for strings.h... yes
checking for sys/stat.h... yes
checking for sys/types.h... yes
checking for unistd.h... yes
checking for malloc.h... yes
checking for stdint.h... (cached) yes
checking for uint16_t... yes
checking for uint32_t... yes
checking for uint64_t... yes
checking for inttypes.h... (cached) yes
checking for uint16_t... (cached) yes
checking for uint32_t... (cached) yes
checking for uint64_t... (cached) yes
checking for QMP_route... no
configure: Parallel file-system extensions enabled
configure: Disabling use of QMP route - even if it exists
checking that generated files are newer than configure... done
configure: creating ./config.status
config.status: creating Makefile
config.status: creating other_libs/Makefile
config.status: creating include/Makefile
config.status: creating lib/Makefile
config.status: creating bin/Makefile
config.status: creating bin/qio-config
config.status: creating examples/Makefile
config.status: creating doc/Makefile
config.status: creating include/qio_config_internal.h
config.status: include/qio_config_internal.h is unchanged
config.status: executing depfiles commands
=== configuring in other_libs/c-lime (/home/jinchen/USQCD/build/qdpxx/other_libs/qio/other_libs/c-lime)
configure: running /bin/bash /home/jinchen/USQCD/source/qdpxx/other_libs/qio/other_libs/c-lime/configure --disable-option-checking '--prefix=/home/jinchen/USQCD/install/qdpxx'  '--with-qmp=/home/jinchen/USQCD/install/qmp' '--with-libxml2=/usr' '--with-hdf5=/usr/include/hdf5/openmpi' '--enable-openmp' '--enable-precision=double' '--enable-largefile' '--enable-parallel-io' '--enable-db-lite' '--enable-parallel-arch=parscalar' 'CXX=/usr/bin/mpicxx' 'CXXFLAGS=-O3 -std=c++11 -march=broadwell -ffast-math -funroll-all-loops -fpermissive -fopenmp -I/usr/include/hdf5/openmpi' 'LDFLAGS= -L/usr/local/openmpi/lib -L/home/jinchen/USQCD/build/qdpxx/other_libs/qio/lib ' 'LIBS=' 'CPPFLAGS=' 'CC=/usr/bin/mpicc' 'CFLAGS=-O3 -march=broadwell -fpermissive -fopenmp -I/usr/include/hdf5/openmpi' --cache-file=/dev/null --srcdir=/home/jinchen/USQCD/source/qdpxx/other_libs/qio/other_libs/c-lime
checking for a BSD-compatible install... /usr/bin/install -c
checking whether build environment is sane... yes
checking for a race-free mkdir -p... /usr/bin/mkdir -p
checking for gawk... no
checking for mawk... mawk
checking whether make sets $(MAKE)... yes
checking whether make supports nested variables... yes
checking for gcc... /usr/bin/mpicc
checking whether the C compiler works... yes
checking for C compiler default output file name... a.out
checking for suffix of executables... 
checking whether we are cross compiling... no
checking for suffix of object files... o
checking whether the compiler supports GNU C... yes
checking whether /usr/bin/mpicc accepts -g... yes
checking for /usr/bin/mpicc option to enable C11 features... none needed
checking whether /usr/bin/mpicc understands -c and -o together... yes
checking whether make supports the include directive... yes (GNU style)
checking dependency style of /usr/bin/mpicc... gcc3
checking for ranlib... ranlib
checking for ar... ar
checking for stdio.h... yes
checking for stdlib.h... yes
checking for string.h... yes
checking for inttypes.h... yes
checking for stdint.h... yes
checking for strings.h... yes
checking for sys/stat.h... yes
checking for sys/types.h... yes
checking for unistd.h... yes
checking for stdint.h... (cached) yes
checking for uint16_t... yes
checking for uint32_t... yes
checking for uint64_t... yes
configure: Enabling large file support.
checking for special C compiler options needed for large files... no
checking for _FILE_OFFSET_BITS value needed for large files... no
checking for _LARGEFILE_SOURCE value needed for large files... no
checking that generated files are newer than configure... done
configure: creating ./config.status
config.status: creating Makefile
config.status: creating include/Makefile
config.status: creating lib/Makefile
config.status: creating examples/Makefile
config.status: creating doc/Makefile
config.status: creating include/lime_config_internal.h
config.status: include/lime_config_internal.h is unchanged
config.status: executing depfiles commands
=== configuring in other_libs/xpath_reader (/home/jinchen/USQCD/build/qdpxx/other_libs/xpath_reader)
configure: running /bin/bash /home/jinchen/USQCD/source/qdpxx/other_libs/xpath_reader/configure --disable-option-checking '--prefix=/home/jinchen/USQCD/install/qdpxx'  '--with-qmp=/home/jinchen/USQCD/install/qmp' '--with-libxml2=/usr' '--with-hdf5=/usr/include/hdf5/openmpi' '--enable-openmp' '--enable-precision=double' '--enable-largefile' '--enable-parallel-io' '--enable-db-lite' '--enable-parallel-arch=parscalar' 'CXX=/usr/bin/mpicxx' 'CXXFLAGS=-O3 -std=c++11 -march=broadwell -ffast-math -funroll-all-loops -fpermissive -fopenmp -I/usr/include/hdf5/openmpi' 'LDFLAGS= -L/usr/local/openmpi/lib -L/home/jinchen/USQCD/build/qdpxx/other_libs/qio/lib ' 'LIBS=' 'CPPFLAGS=' --cache-file=/dev/null --srcdir=/home/jinchen/USQCD/source/qdpxx/other_libs/xpath_reader
checking whether the C++ compiler works... yes
checking for C++ compiler default output file name... a.out
checking for suffix of executables... 
checking whether we are cross compiling... no
checking for suffix of object files... o
checking whether the compiler supports GNU C++... yes
checking whether /usr/bin/mpicxx accepts -g... yes
checking for /usr/bin/mpicxx option to enable C++11 features... none needed
checking for ranlib... ranlib
checking for ar... ar
checking for a BSD-compatible install... /usr/bin/install -c
checking whether build environment is sane... yes
checking for a race-free mkdir -p... /usr/bin/mkdir -p
checking for gawk... no
checking for mawk... mawk
checking whether make sets $(MAKE)... yes
checking whether make supports the include directive... yes (GNU style)
checking whether make supports nested variables... yes
checking dependency style of /usr/bin/mpicxx... gcc3
/usr
checking for xml2-config... /usr/bin/xml2-config
configure: Found libxml2 configuration program 
configure: libxml2 compile flags: -I/usr/include/libxml2
configure: libxml2 libraries flags: -lxml2
checking if we can compile/link a simple libxml2 program... yes
checking that generated files are newer than configure... done
configure: creating ./config.status
config.status: creating Makefile
config.status: creating lib/Makefile
config.status: creating include/Makefile
config.status: creating examples/Makefile
config.status: creating include/xpath_reader_config_internal.h
config.status: include/xpath_reader_config_internal.h is unchanged
config.status: executing depfiles commands
