Making install in lib
make[1]: Entering directory '/home/jinchen/USQCD/build/qdpxx/lib'
make[2]: Entering directory '/home/jinchen/USQCD/build/qdpxx/lib'
make[2]: Nothing to be done for 'install-data-am'.
 /usr/bin/mkdir -p '/home/jinchen/USQCD/install/qdpxx/lib'
 /usr/bin/install -c -m 644  libqdp.a '/home/jinchen/USQCD/install/qdpxx/lib'
 ( cd '/home/jinchen/USQCD/install/qdpxx/lib' && ranlib libqdp.a )
make[2]: Leaving directory '/home/jinchen/USQCD/build/qdpxx/lib'
make[1]: Leaving directory '/home/jinchen/USQCD/build/qdpxx/lib'
Making install in examples
make[1]: Entering directory '/home/jinchen/USQCD/build/qdpxx/examples'
make[2]: Entering directory '/home/jinchen/USQCD/build/qdpxx/examples'
make[2]: Nothing to be done for 'install-exec-am'.
make[2]: Nothing to be done for 'install-data-am'.
make[2]: Leaving directory '/home/jinchen/USQCD/build/qdpxx/examples'
make[1]: Leaving directory '/home/jinchen/USQCD/build/qdpxx/examples'
Making install in include
make[1]: Entering directory '/home/jinchen/USQCD/build/qdpxx/include'
make[2]: Entering directory '/home/jinchen/USQCD/build/qdpxx/include'
make[2]: Nothing to be done for 'install-exec-am'.
 /usr/bin/mkdir -p '/home/jinchen/USQCD/install/qdpxx/include'
 /usr/bin/mkdir -p '/home/jinchen/USQCD/install/qdpxx/include'
 /usr/bin/install -c -m 644 qdp_config_internal.h '/home/jinchen/USQCD/install/qdpxx/include'
 /usr/bin/install -c -m 644  /home/jinchen/USQCD/source/qdpxx/include/qdp_config.h /home/jinchen/USQCD/source/qdpxx/include/qdp_diagnostics.h /home/jinchen/USQCD/source/qdpxx/include/qdp_forward.h /home/jinchen/USQCD/source/qdpxx/include/qdp_globalfuncs.h /home/jinchen/USQCD/source/qdpxx/include/qdp_globalfuncs_subtype.h /home/jinchen/USQCD/source/qdpxx/include/qdp_inner.h /home/jinchen/USQCD/source/qdpxx/include/qdp_init.h /home/jinchen/USQCD/source/qdpxx/include/qdp_io.h /home/jinchen/USQCD/source/qdpxx/include/qdp_stdio.h /home/jinchen/USQCD/source/qdpxx/include/qdp_layout.h /home/jinchen/USQCD/source/qdpxx/include/qdp_map.h /home/jinchen/USQCD/source/qdpxx/include/qdp_multi.h /home/jinchen/USQCD/source/qdpxx/include/qdp_arrays.h /home/jinchen/USQCD/source/qdpxx/include/qdp_newops.h /home/jinchen/USQCD/source/qdpxx/include/qdp_optops.h /home/jinchen/USQCD/source/qdpxx/include/qdp_outer.h /home/jinchen/USQCD/source/qdpxx/include/qdp_outersubtype.h /home/jinchen/USQCD/source/qdpxx/include/qdp_params.h /home/jinchen/USQCD/source/qdpxx/include/qdp_precision.h /home/jinchen/USQCD/source/qdpxx/include/qdp_primcolormat.h /home/jinchen/USQCD/source/qdpxx/include/qdp_primcolorvec.h /home/jinchen/USQCD/source/qdpxx/include/qdp_primgamma.h /home/jinchen/USQCD/source/qdpxx/include/qdp_primitive.h /home/jinchen/USQCD/source/qdpxx/include/qdp_primmatrix.h /home/jinchen/USQCD/source/qdpxx/include/qdp_primscalar.h /home/jinchen/USQCD/source/qdpxx/include/qdp_primseed.h /home/jinchen/USQCD/source/qdpxx/include/qdp_primspinmat.h /home/jinchen/USQCD/source/qdpxx/include/qdp_primspinvec.h /home/jinchen/USQCD/source/qdpxx/include/qdp_primvector.h /home/jinchen/USQCD/source/qdpxx/include/qdp_profile.h /home/jinchen/USQCD/source/qdpxx/include/qdp_stopwatch.h /home/jinchen/USQCD/source/qdpxx/include/qdp_flopcount.h /home/jinchen/USQCD/source/qdpxx/include/qdp_iogauge.h /home/jinchen/USQCD/source/qdpxx/include/qdp_crc32.h /home/jinchen/USQCD/source/qdpxx/include/qdp_byteorder.h /home/jinchen/USQCD/source/qdpxx/include/qdp_util.h /home/jinchen/USQCD/source/qdpxx/include/qdp_xmlio.h /home/jinchen/USQCD/source/qdpxx/include/qdp_qdpexpr.h /home/jinchen/USQCD/source/qdpxx/include/qdp.h /home/jinchen/USQCD/source/qdpxx/include/qdp_qdpio.h '/home/jinchen/USQCD/install/qdpxx/include/.'
 /usr/bin/mkdir -p '/home/jinchen/USQCD/install/qdpxx/include/scalarsite_generic'
 /usr/bin/install -c -m 644  /home/jinchen/USQCD/source/qdpxx/include/scalarsite_generic/generic_addvec.h /home/jinchen/USQCD/source/qdpxx/include/scalarsite_generic/generic_adj_mat_vec.h /home/jinchen/USQCD/source/qdpxx/include/scalarsite_generic/generic_mat_vec.h /home/jinchen/USQCD/source/qdpxx/include/scalarsite_generic/generic_mult_aa.h /home/jinchen/USQCD/source/qdpxx/include/scalarsite_generic/generic_mult_an.h /home/jinchen/USQCD/source/qdpxx/include/scalarsite_generic/generic_mult_na.h /home/jinchen/USQCD/source/qdpxx/include/scalarsite_generic/generic_mult_nn.h /home/jinchen/USQCD/source/qdpxx/include/scalarsite_generic/generic_blas_local_sumsq.h /home/jinchen/USQCD/source/qdpxx/include/scalarsite_generic/generic_blas_vadd.h /home/jinchen/USQCD/source/qdpxx/include/scalarsite_generic/generic_blas_vaxmby3.h /home/jinchen/USQCD/source/qdpxx/include/scalarsite_generic/generic_blas_vaxmby3_norm.h /home/jinchen/USQCD/source/qdpxx/include/scalarsite_generic/generic_blas_vaxmy3.h /home/jinchen/USQCD/source/qdpxx/include/scalarsite_generic/generic_blas_vaxpby3.h /home/jinchen/USQCD/source/qdpxx/include/scalarsite_generic/generic_blas_vaxpy3.h /home/jinchen/USQCD/source/qdpxx/include/scalarsite_generic/generic_blas_vaxpy3_norm.h /home/jinchen/USQCD/source/qdpxx/include/scalarsite_generic/generic_blas_vscal.h /home/jinchen/USQCD/source/qdpxx/include/scalarsite_generic/generic_blas_vsub.h /home/jinchen/USQCD/source/qdpxx/include/scalarsite_generic/generic_blas_vcscal.h /home/jinchen/USQCD/source/qdpxx/include/scalarsite_generic/generic_blas_vcaxpy3.h /home/jinchen/USQCD/source/qdpxx/include/scalarsite_generic/generic_blas_vcaxmy3.h /home/jinchen/USQCD/source/qdpxx/include/scalarsite_generic/generic_blas_vcaxpby3.h /home/jinchen/USQCD/source/qdpxx/include/scalarsite_generic/generic_blas_vcaxmby3.h /home/jinchen/USQCD/source/qdpxx/include/scalarsite_generic/generic_blas_local_vcdot.h /home/jinchen/USQCD/source/qdpxx/include/scalarsite_generic/generic_blas_local_vcdot_real.h /home/jinchen/USQCD/source/qdpxx/include/scalarsite_generic/qdp_scalarsite_generic_linalg.h /home/jinchen/USQCD/source/qdpxx/include/scalarsite_generic/qdp_scalarsite_generic_blas.h /home/jinchen/USQCD/source/qdpxx/include/scalarsite_generic/qdp_scalarsite_generic_cblas.h /home/jinchen/USQCD/source/qdpxx/include/scalarsite_generic/qdp_scalarsite_generic_blas_g5.h /home/jinchen/USQCD/source/qdpxx/include/scalarsite_generic/generic_blas_vadd3_g5.h /home/jinchen/USQCD/source/qdpxx/include/scalarsite_generic/generic_blas_vscal_g5.h /home/jinchen/USQCD/source/qdpxx/include/scalarsite_generic/generic_blas_vaxpy3_g5.h /home/jinchen/USQCD/source/qdpxx/include/scalarsite_generic/generic_blas_vaypx3_g5.h /home/jinchen/USQCD/source/qdpxx/include/scalarsite_generic/generic_blas_vaxpby3_g5.h /home/jinchen/USQCD/source/qdpxx/include/scalarsite_generic/generic_blas_g5.h /home/jinchen/USQCD/source/qdpxx/include/scalarsite_generic/generic_mv_switchbox.h /home/jinchen/USQCD/source/qdpxx/include/scalarsite_generic/generic_spin_proj_inlines.h /home/jinchen/USQCD/source/qdpxx/include/scalarsite_generic/generic_spin_recon_inlines.h /home/jinchen/USQCD/source/qdpxx/include/scalarsite_generic/generic_spin_proj.h /home/jinchen/USQCD/source/qdpxx/include/scalarsite_generic/generic_spin_recon.h /home/jinchen/USQCD/source/qdpxx/include/scalarsite_generic/generic_fused_spin_proj.h '/home/jinchen/USQCD/install/qdpxx/include/scalarsite_generic'
 /usr/bin/mkdir -p '/home/jinchen/USQCD/install/qdpxx/include/PETE'
 /usr/bin/install -c -m 644  /home/jinchen/USQCD/source/qdpxx/include/PETE/Combiners.h /home/jinchen/USQCD/source/qdpxx/include/PETE/Functors.h /home/jinchen/USQCD/source/qdpxx/include/PETE/PETE.h /home/jinchen/USQCD/source/qdpxx/include/PETE/TreeNodes.h /home/jinchen/USQCD/source/qdpxx/include/PETE/CreateLeaf.h /home/jinchen/USQCD/source/qdpxx/include/PETE/ForEach.h /home/jinchen/USQCD/source/qdpxx/include/PETE/ForEachInOrder.h /home/jinchen/USQCD/source/qdpxx/include/PETE/OperatorTags.h /home/jinchen/USQCD/source/qdpxx/include/PETE/Scalar.h /home/jinchen/USQCD/source/qdpxx/include/PETE/TypeComputations.h '/home/jinchen/USQCD/install/qdpxx/include/PETE'
 /usr/bin/mkdir -p '/home/jinchen/USQCD/install/qdpxx/include/scalarsite_sse'
 /usr/bin/install -c -m 644  /home/jinchen/USQCD/source/qdpxx/include/scalarsite_sse/qdp_scalarsite_sse_linalg.h /home/jinchen/USQCD/source/qdpxx/include/scalarsite_sse/qdp_scalarsite_sse_blas.h /home/jinchen/USQCD/source/qdpxx/include/scalarsite_sse/qdp_scalarsite_sse_blas_g5.h /home/jinchen/USQCD/source/qdpxx/include/scalarsite_sse/qdp_scalarsite_sse_blas_g5_includes.h /home/jinchen/USQCD/source/qdpxx/include/scalarsite_sse/sse_blas_vadd3_g5.h /home/jinchen/USQCD/source/qdpxx/include/scalarsite_sse/sse_blas_vscal3_g5.h /home/jinchen/USQCD/source/qdpxx/include/scalarsite_sse/sse_blas_vaxpy3_g5.h /home/jinchen/USQCD/source/qdpxx/include/scalarsite_sse/sse_blas_vaypx3_g5.h /home/jinchen/USQCD/source/qdpxx/include/scalarsite_sse/sse_blas_vaxpby3_g5.h /home/jinchen/USQCD/source/qdpxx/include/scalarsite_sse/sse_spin_aggregate.h /home/jinchen/USQCD/source/qdpxx/include/scalarsite_sse/sse_spin_proj_inlines.h /home/jinchen/USQCD/source/qdpxx/include/scalarsite_sse/sse_spin_recon_inlines.h /home/jinchen/USQCD/source/qdpxx/include/scalarsite_sse/sse_spin_proj.h /home/jinchen/USQCD/source/qdpxx/include/scalarsite_sse/sse_spin_recon.h /home/jinchen/USQCD/source/qdpxx/include/scalarsite_sse/sse_fused_spin_proj.h /home/jinchen/USQCD/source/qdpxx/include/scalarsite_sse/sse_fused_spin_recon.h /home/jinchen/USQCD/source/qdpxx/include/scalarsite_sse/qdp_sse_spin_evaluates.h /home/jinchen/USQCD/source/qdpxx/include/scalarsite_sse/qdp_sse_fused_spin_proj_evaluates.h /home/jinchen/USQCD/source/qdpxx/include/scalarsite_sse/qdp_sse_fused_spin_recon_evaluates.h /home/jinchen/USQCD/source/qdpxx/include/scalarsite_sse/qdp_scalarsite_sse_blas_double.h /home/jinchen/USQCD/source/qdpxx/include/scalarsite_sse/sse_blas_local_sumsq_double.h /home/jinchen/USQCD/source/qdpxx/include/scalarsite_sse/sse_blas_local_vcdot_double.h /home/jinchen/USQCD/source/qdpxx/include/scalarsite_sse/sse_blas_local_vcdot_real_double.h /home/jinchen/USQCD/source/qdpxx/include/scalarsite_sse/sse_blas_vaxmbyz4_double.h /home/jinchen/USQCD/source/qdpxx/include/scalarsite_sse/sse_blas_vaxpbyz4_double.h /home/jinchen/USQCD/source/qdpxx/include/scalarsite_sse/sse_blas_vaxmyz4_double.h /home/jinchen/USQCD/source/qdpxx/include/scalarsite_sse/sse_blas_vaxpy4_double.h /home/jinchen/USQCD/source/qdpxx/include/scalarsite_sse/sse_blas_vaypx4_double.h /home/jinchen/USQCD/source/qdpxx/include/scalarsite_sse/sse_blas_vscal4_double.h /home/jinchen/USQCD/source/qdpxx/include/scalarsite_sse/sse_linalg_mm_su3_double.h /home/jinchen/USQCD/source/qdpxx/include/scalarsite_sse/qdp_scalarsite_sse_linalg_double.h /home/jinchen/USQCD/source/qdpxx/include/scalarsite_sse/sse_dcomplex_mult_macros.h /home/jinchen/USQCD/source/qdpxx/include/scalarsite_sse/sse_prefetch.h /home/jinchen/USQCD/source/qdpxx/include/scalarsite_sse/qdp_scalarsite_sse_blas_wrapper.h /home/jinchen/USQCD/source/qdpxx/include/scalarsite_sse/qdp_scalarsite_sse_blas_double_wrapper.h /home/jinchen/USQCD/source/qdpxx/include/scalarsite_sse/qdp_sse_spin_evaluates_wrapper.h /home/jinchen/USQCD/source/qdpxx/include/scalarsite_sse/qdp_sse_fused_spin_proj_evaluates_wrapper.h /home/jinchen/USQCD/source/qdpxx/include/scalarsite_sse/qdp_sse_fused_spin_recon_evaluates_wrapper.h '/home/jinchen/USQCD/install/qdpxx/include/scalarsite_sse'
 /usr/bin/mkdir -p '/home/jinchen/USQCD/install/qdpxx/include/scalarvecsite_sse'
 /usr/bin/install -c -m 644  /home/jinchen/USQCD/source/qdpxx/include/scalarvecsite_sse/ssevec_mult_nn.h /home/jinchen/USQCD/source/qdpxx/include/scalarvecsite_sse/qdp_scalarvecsite_sse_linalg.h /home/jinchen/USQCD/source/qdpxx/include/scalarvecsite_sse/qdp_scalarvecsite_sse_blas.h '/home/jinchen/USQCD/install/qdpxx/include/scalarvecsite_sse'
 /usr/bin/mkdir -p '/home/jinchen/USQCD/install/qdpxx/include/scalarsite_generic'
 /usr/bin/install -c -m 644  /home/jinchen/USQCD/source/qdpxx/include/scalarsite_generic/generic_fused_spin_recon.h /home/jinchen/USQCD/source/qdpxx/include/scalarsite_generic/qdp_generic_spin_project_evaluates.h /home/jinchen/USQCD/source/qdpxx/include/scalarsite_generic/qdp_generic_fused_spin_proj_evaluates.h /home/jinchen/USQCD/source/qdpxx/include/scalarsite_generic/qdp_generic_fused_spin_recon_evaluates.h /home/jinchen/USQCD/source/qdpxx/include/scalarsite_generic/generic_spin_aggregate.h /home/jinchen/USQCD/source/qdpxx/include/scalarsite_generic/qdp_scalarsite_generic_blas_wrapper.h /home/jinchen/USQCD/source/qdpxx/include/scalarsite_generic/qdp_scalarsite_generic_cblas_wrapper.h /home/jinchen/USQCD/source/qdpxx/include/scalarsite_generic/qdp_scalarsite_generic_blas_g5_wrapper.h /home/jinchen/USQCD/source/qdpxx/include/scalarsite_generic/qdp_generic_spin_project_evaluates_wrapper.h /home/jinchen/USQCD/source/qdpxx/include/scalarsite_generic/qdp_generic_fused_spin_proj_evaluates_wrapper.h /home/jinchen/USQCD/source/qdpxx/include/scalarsite_generic/qdp_generic_fused_spin_recon_evaluates_wrapper.h /home/jinchen/USQCD/source/qdpxx/include/scalarsite_generic/qdp_scalarsite_generic_linalg_wrapper.h '/home/jinchen/USQCD/install/qdpxx/include/scalarsite_generic'
 /usr/bin/mkdir -p '/home/jinchen/USQCD/install/qdpxx/include/scalarsite_bagel_qdp'
 /usr/bin/install -c -m 644  /home/jinchen/USQCD/source/qdpxx/include/scalarsite_bagel_qdp/qdp_scalarsite_bagel_qdp_linalg.h /home/jinchen/USQCD/source/qdpxx/include/scalarsite_bagel_qdp/qdp_scalarsite_bagel_qdp_blas.h /home/jinchen/USQCD/source/qdpxx/include/scalarsite_bagel_qdp/qdp_scalarsite_bagel_qdp_blas_g5.h '/home/jinchen/USQCD/install/qdpxx/include/scalarsite_bagel_qdp'
 /usr/bin/install -c -m 644  /home/jinchen/USQCD/source/qdpxx/include/QDPOperators.h /home/jinchen/USQCD/source/qdpxx/include/qdp_qdpsubtype.h /home/jinchen/USQCD/source/qdpxx/include/qdp_qdptype.h /home/jinchen/USQCD/source/qdpxx/include/qdp_random.h /home/jinchen/USQCD/source/qdpxx/include/qdp_rannyu.h /home/jinchen/USQCD/source/qdpxx/include/qdp_reality.h /home/jinchen/USQCD/source/qdpxx/include/qdp_simpleword.h /home/jinchen/USQCD/source/qdpxx/include/qdp_specializations.h /home/jinchen/USQCD/source/qdpxx/include/qdp_subset.h /home/jinchen/USQCD/source/qdpxx/include/qdp_traits.h /home/jinchen/USQCD/source/qdpxx/include/qdp_word.h /home/jinchen/USQCD/source/qdpxx/include/qdp_dispatch.h /home/jinchen/USQCD/source/qdpxx/include/qdp_scalar_specific.h /home/jinchen/USQCD/source/qdpxx/include/qdp_parscalar_specific.h /home/jinchen/USQCD/source/qdpxx/include/qdp_scalarvec_specific.h /home/jinchen/USQCD/source/qdpxx/include/qdp_parscalarvec_specific.h /home/jinchen/USQCD/source/qdpxx/include/qdp_defs.h /home/jinchen/USQCD/source/qdpxx/include/qdp_scalarsite_defs.h /home/jinchen/USQCD/source/qdpxx/include/qdp_scalarvecsite_defs.h /home/jinchen/USQCD/source/qdpxx/include/qdp_strnlen.h /home/jinchen/USQCD/source/qdpxx/include/qdp_db.h /home/jinchen/USQCD/source/qdpxx/include/qdp_db_imp.h /home/jinchen/USQCD/source/qdpxx/include/qdp_db_stub.h /home/jinchen/USQCD/source/qdpxx/include/qdp_map_obj.h /home/jinchen/USQCD/source/qdpxx/include/qdp_map_obj_null.h /home/jinchen/USQCD/source/qdpxx/include/qdp_map_obj_memory.h /home/jinchen/USQCD/source/qdpxx/include/qdp_map_obj_disk.h /home/jinchen/USQCD/source/qdpxx/include/qdp_map_obj_disk_multiple.h /home/jinchen/USQCD/source/qdpxx/include/qdp_disk_map_slice.h /home/jinchen/USQCD/source/qdpxx/include/qdp_hdf5.h /home/jinchen/USQCD/source/qdpxx/include/qdp_threadbind.h /home/jinchen/USQCD/source/qdpxx/include/qdp_scalarsite_generic.h /home/jinchen/USQCD/source/qdpxx/include/qdp_allocator.h /home/jinchen/USQCD/source/qdpxx/include/qdp_singleton.h /home/jinchen/USQCD/source/qdpxx/include/qdp_default_allocator.h /home/jinchen/USQCD/source/qdpxx/include/qdp_scalarsite_sse.h /home/jinchen/USQCD/source/qdpxx/include/qdp_sse_intrin.h /home/jinchen/USQCD/source/qdpxx/include/qdp_scalarvecsite_sse.h /home/jinchen/USQCD/source/qdpxx/include/qdp_scalarsite_bagel_qdp.h '/home/jinchen/USQCD/install/qdpxx/include/.'
make[2]: Leaving directory '/home/jinchen/USQCD/build/qdpxx/include'
make[1]: Leaving directory '/home/jinchen/USQCD/build/qdpxx/include'
Making install in other_libs
make[1]: Entering directory '/home/jinchen/USQCD/build/qdpxx/other_libs'
Making install in filedb
make[2]: Entering directory '/home/jinchen/USQCD/build/qdpxx/other_libs/filedb'
Making install in filehash
make[3]: Entering directory '/home/jinchen/USQCD/build/qdpxx/other_libs/filedb/filehash'
make[4]: Entering directory '/home/jinchen/USQCD/build/qdpxx/other_libs/filedb/filehash'
 /usr/bin/mkdir -p '/home/jinchen/USQCD/install/qdpxx/lib'
 /usr/bin/mkdir -p '/home/jinchen/USQCD/install/qdpxx/include'
 /usr/bin/install -c -m 644  libfilehash.a '/home/jinchen/USQCD/install/qdpxx/lib'
 /usr/bin/install -c -m 644 /home/jinchen/USQCD/source/qdpxx/other_libs/filedb/filehash/ffdb_db.h '/home/jinchen/USQCD/install/qdpxx/include'
 ( cd '/home/jinchen/USQCD/install/qdpxx/lib' && ranlib libfilehash.a )
make[4]: Leaving directory '/home/jinchen/USQCD/build/qdpxx/other_libs/filedb/filehash'
make[3]: Leaving directory '/home/jinchen/USQCD/build/qdpxx/other_libs/filedb/filehash'
Making install in src
make[3]: Entering directory '/home/jinchen/USQCD/build/qdpxx/other_libs/filedb/src'
make[4]: Entering directory '/home/jinchen/USQCD/build/qdpxx/other_libs/filedb/src'
 /usr/bin/mkdir -p '/home/jinchen/USQCD/install/qdpxx/lib'
 /usr/bin/mkdir -p '/home/jinchen/USQCD/install/qdpxx/include'
 /usr/bin/install -c -m 644  libfiledb.a '/home/jinchen/USQCD/install/qdpxx/lib'
 /usr/bin/mkdir -p '/home/jinchen/USQCD/install/qdpxx/include'
 /usr/bin/install -c -m 644 /home/jinchen/USQCD/source/qdpxx/other_libs/filedb/src/filedb_config.h /home/jinchen/USQCD/source/qdpxx/other_libs/filedb/src/FileDB.h /home/jinchen/USQCD/source/qdpxx/other_libs/filedb/src/Serializable.h /home/jinchen/USQCD/source/qdpxx/other_libs/filedb/src/DBKey.h /home/jinchen/USQCD/source/qdpxx/other_libs/filedb/src/DBData.h /home/jinchen/USQCD/source/qdpxx/other_libs/filedb/src/DBCursor.h /home/jinchen/USQCD/source/qdpxx/other_libs/filedb/src/DBFunc.h /home/jinchen/USQCD/source/qdpxx/other_libs/filedb/src/DBString.h /home/jinchen/USQCD/source/qdpxx/other_libs/filedb/src/ConfDataStoreDB.h /home/jinchen/USQCD/source/qdpxx/other_libs/filedb/src/ConfDataStoreMultipleDB.h /home/jinchen/USQCD/source/qdpxx/other_libs/filedb/src/AllConfStoreDB.h /home/jinchen/USQCD/source/qdpxx/other_libs/filedb/src/AllConfStoreMultipleDB.h /home/jinchen/USQCD/source/qdpxx/other_libs/filedb/src/ConfDataDBMerger.h /home/jinchen/USQCD/source/qdpxx/other_libs/filedb/src/ConfigInfo.h /home/jinchen/USQCD/source/qdpxx/other_libs/filedb/src/HashFunc.h '/home/jinchen/USQCD/install/qdpxx/include'
 /usr/bin/install -c -m 644 filedb_config_internal.h '/home/jinchen/USQCD/install/qdpxx/include'
 ( cd '/home/jinchen/USQCD/install/qdpxx/lib' && ranlib libfiledb.a )
make[4]: Leaving directory '/home/jinchen/USQCD/build/qdpxx/other_libs/filedb/src'
make[3]: Leaving directory '/home/jinchen/USQCD/build/qdpxx/other_libs/filedb/src'
make[3]: Entering directory '/home/jinchen/USQCD/build/qdpxx/other_libs/filedb'
make[4]: Entering directory '/home/jinchen/USQCD/build/qdpxx/other_libs/filedb'
make[4]: Nothing to be done for 'install-exec-am'.
make[4]: Nothing to be done for 'install-data-am'.
make[4]: Leaving directory '/home/jinchen/USQCD/build/qdpxx/other_libs/filedb'
make[3]: Leaving directory '/home/jinchen/USQCD/build/qdpxx/other_libs/filedb'
make[2]: Leaving directory '/home/jinchen/USQCD/build/qdpxx/other_libs/filedb'
Making install in qio
make[2]: Entering directory '/home/jinchen/USQCD/build/qdpxx/other_libs/qio'
Making install in other_libs
make[3]: Entering directory '/home/jinchen/USQCD/build/qdpxx/other_libs/qio/other_libs'
Making install in c-lime
make[4]: Entering directory '/home/jinchen/USQCD/build/qdpxx/other_libs/qio/other_libs/c-lime'
Making install in include
make[5]: Entering directory '/home/jinchen/USQCD/build/qdpxx/other_libs/qio/other_libs/c-lime/include'
make[6]: Entering directory '/home/jinchen/USQCD/build/qdpxx/other_libs/qio/other_libs/c-lime/include'
make[6]: Nothing to be done for 'install-exec-am'.
 /usr/bin/mkdir -p '/home/jinchen/USQCD/install/qdpxx/include'
 /usr/bin/mkdir -p '/home/jinchen/USQCD/install/qdpxx/include'
 /usr/bin/install -c -m 644 /home/jinchen/USQCD/source/qdpxx/other_libs/qio/other_libs/c-lime/include/lime.h /home/jinchen/USQCD/source/qdpxx/other_libs/qio/other_libs/c-lime/include/lime_binary_header.h /home/jinchen/USQCD/source/qdpxx/other_libs/qio/other_libs/c-lime/include/lime_defs.h /home/jinchen/USQCD/source/qdpxx/other_libs/qio/other_libs/c-lime/include/lime_fixed_types.h /home/jinchen/USQCD/source/qdpxx/other_libs/qio/other_libs/c-lime/include/lime_header.h /home/jinchen/USQCD/source/qdpxx/other_libs/qio/other_libs/c-lime/include/lime_reader.h /home/jinchen/USQCD/source/qdpxx/other_libs/qio/other_libs/c-lime/include/lime_utils.h /home/jinchen/USQCD/source/qdpxx/other_libs/qio/other_libs/c-lime/include/lime_writer.h /home/jinchen/USQCD/source/qdpxx/other_libs/qio/other_libs/c-lime/include/lime_fseeko.h /home/jinchen/USQCD/source/qdpxx/other_libs/qio/other_libs/c-lime/include/lime_config.h /home/jinchen/USQCD/source/qdpxx/other_libs/qio/other_libs/c-lime/include/dcap-overload.h '/home/jinchen/USQCD/install/qdpxx/include'
 /usr/bin/install -c -m 644 lime_config_internal.h '/home/jinchen/USQCD/install/qdpxx/include'
make[6]: Leaving directory '/home/jinchen/USQCD/build/qdpxx/other_libs/qio/other_libs/c-lime/include'
make[5]: Leaving directory '/home/jinchen/USQCD/build/qdpxx/other_libs/qio/other_libs/c-lime/include'
Making install in lib
make[5]: Entering directory '/home/jinchen/USQCD/build/qdpxx/other_libs/qio/other_libs/c-lime/lib'
make[6]: Entering directory '/home/jinchen/USQCD/build/qdpxx/other_libs/qio/other_libs/c-lime/lib'
make[6]: Nothing to be done for 'install-data-am'.
 /usr/bin/mkdir -p '/home/jinchen/USQCD/install/qdpxx/lib'
 /usr/bin/install -c -m 644  liblime.a '/home/jinchen/USQCD/install/qdpxx/lib'
 ( cd '/home/jinchen/USQCD/install/qdpxx/lib' && ranlib liblime.a )
make[6]: Leaving directory '/home/jinchen/USQCD/build/qdpxx/other_libs/qio/other_libs/c-lime/lib'
make[5]: Leaving directory '/home/jinchen/USQCD/build/qdpxx/other_libs/qio/other_libs/c-lime/lib'
Making install in examples
make[5]: Entering directory '/home/jinchen/USQCD/build/qdpxx/other_libs/qio/other_libs/c-lime/examples'
make[6]: Entering directory '/home/jinchen/USQCD/build/qdpxx/other_libs/qio/other_libs/c-lime/examples'
make[6]: Nothing to be done for 'install-data-am'.
 /usr/bin/mkdir -p '/home/jinchen/USQCD/install/qdpxx/bin'
  /usr/bin/install -c lime_contents lime_extract_record lime_extract_type lime_pack lime_unpack '/home/jinchen/USQCD/install/qdpxx/bin'
make[6]: Leaving directory '/home/jinchen/USQCD/build/qdpxx/other_libs/qio/other_libs/c-lime/examples'
make[5]: Leaving directory '/home/jinchen/USQCD/build/qdpxx/other_libs/qio/other_libs/c-lime/examples'
Making install in doc
make[5]: Entering directory '/home/jinchen/USQCD/build/qdpxx/other_libs/qio/other_libs/c-lime/doc'
make[6]: Entering directory '/home/jinchen/USQCD/build/qdpxx/other_libs/qio/other_libs/c-lime/doc'
make[6]: Nothing to be done for 'install-exec-am'.
make[6]: Nothing to be done for 'install-data-am'.
make[6]: Leaving directory '/home/jinchen/USQCD/build/qdpxx/other_libs/qio/other_libs/c-lime/doc'
make[5]: Leaving directory '/home/jinchen/USQCD/build/qdpxx/other_libs/qio/other_libs/c-lime/doc'
make[5]: Entering directory '/home/jinchen/USQCD/build/qdpxx/other_libs/qio/other_libs/c-lime'
make[6]: Entering directory '/home/jinchen/USQCD/build/qdpxx/other_libs/qio/other_libs/c-lime'
make[6]: Nothing to be done for 'install-exec-am'.
make[6]: Nothing to be done for 'install-data-am'.
make[6]: Leaving directory '/home/jinchen/USQCD/build/qdpxx/other_libs/qio/other_libs/c-lime'
make[5]: Leaving directory '/home/jinchen/USQCD/build/qdpxx/other_libs/qio/other_libs/c-lime'
make[4]: Leaving directory '/home/jinchen/USQCD/build/qdpxx/other_libs/qio/other_libs/c-lime'
make[4]: Entering directory '/home/jinchen/USQCD/build/qdpxx/other_libs/qio/other_libs'
make[5]: Entering directory '/home/jinchen/USQCD/build/qdpxx/other_libs/qio/other_libs'
make[5]: Nothing to be done for 'install-exec-am'.
make[5]: Nothing to be done for 'install-data-am'.
make[5]: Leaving directory '/home/jinchen/USQCD/build/qdpxx/other_libs/qio/other_libs'
make[4]: Leaving directory '/home/jinchen/USQCD/build/qdpxx/other_libs/qio/other_libs'
make[3]: Leaving directory '/home/jinchen/USQCD/build/qdpxx/other_libs/qio/other_libs'
Making install in lib
make[3]: Entering directory '/home/jinchen/USQCD/build/qdpxx/other_libs/qio/lib'
make[4]: Entering directory '/home/jinchen/USQCD/build/qdpxx/other_libs/qio/lib'
make[4]: Nothing to be done for 'install-data-am'.
 /usr/bin/mkdir -p '/home/jinchen/USQCD/install/qdpxx/lib'
 /usr/bin/install -c -m 644  libqio.a '/home/jinchen/USQCD/install/qdpxx/lib'
 ( cd '/home/jinchen/USQCD/install/qdpxx/lib' && ranlib libqio.a )
make[4]: Leaving directory '/home/jinchen/USQCD/build/qdpxx/other_libs/qio/lib'
make[3]: Leaving directory '/home/jinchen/USQCD/build/qdpxx/other_libs/qio/lib'
Making install in include
make[3]: Entering directory '/home/jinchen/USQCD/build/qdpxx/other_libs/qio/include'
make[4]: Entering directory '/home/jinchen/USQCD/build/qdpxx/other_libs/qio/include'
make[4]: Nothing to be done for 'install-exec-am'.
 /usr/bin/mkdir -p '/home/jinchen/USQCD/install/qdpxx/include'
 /usr/bin/mkdir -p '/home/jinchen/USQCD/install/qdpxx/include'
 /usr/bin/install -c -m 644 /home/jinchen/USQCD/source/qdpxx/other_libs/qio/include/qio.h /home/jinchen/USQCD/source/qdpxx/other_libs/qio/include/qioxml.h /home/jinchen/USQCD/source/qdpxx/other_libs/qio/include/qioxml_internal.h /home/jinchen/USQCD/source/qdpxx/other_libs/qio/include/qioxml_private.h /home/jinchen/USQCD/source/qdpxx/other_libs/qio/include/qioxml_ildg_record.h /home/jinchen/USQCD/source/qdpxx/other_libs/qio/include/qioxml_usqcd_prop.h /home/jinchen/USQCD/source/qdpxx/other_libs/qio/include/qioxml_usqcd_gauge.h /home/jinchen/USQCD/source/qdpxx/other_libs/qio/include/qioxml_usqcd_ksprop.h /home/jinchen/USQCD/source/qdpxx/other_libs/qio/include/dml.h /home/jinchen/USQCD/source/qdpxx/other_libs/qio/include/lrl.h /home/jinchen/USQCD/source/qdpxx/other_libs/qio/include/qio_string.h /home/jinchen/USQCD/source/qdpxx/other_libs/qio/include/qio_stdint.h '/home/jinchen/USQCD/install/qdpxx/include'
 /usr/bin/mkdir -p '/home/jinchen/USQCD/install/qdpxx/include'
 /usr/bin/install -c -m 644  /home/jinchen/USQCD/source/qdpxx/other_libs/qio/include/qio_config.h '/home/jinchen/USQCD/install/qdpxx/include/.'
 /usr/bin/install -c -m 644 qio_config_internal.h '/home/jinchen/USQCD/install/qdpxx/include'
make[4]: Leaving directory '/home/jinchen/USQCD/build/qdpxx/other_libs/qio/include'
make[3]: Leaving directory '/home/jinchen/USQCD/build/qdpxx/other_libs/qio/include'
Making install in bin
make[3]: Entering directory '/home/jinchen/USQCD/build/qdpxx/other_libs/qio/bin'
make[4]: Entering directory '/home/jinchen/USQCD/build/qdpxx/other_libs/qio/bin'
make[4]: Nothing to be done for 'install-data-am'.
 /usr/bin/mkdir -p '/home/jinchen/USQCD/install/qdpxx/bin'
 /usr/bin/install -c qio-config '/home/jinchen/USQCD/install/qdpxx/bin'
make[4]: Leaving directory '/home/jinchen/USQCD/build/qdpxx/other_libs/qio/bin'
make[3]: Leaving directory '/home/jinchen/USQCD/build/qdpxx/other_libs/qio/bin'
Making install in examples
make[3]: Entering directory '/home/jinchen/USQCD/build/qdpxx/other_libs/qio/examples'
make[4]: Entering directory '/home/jinchen/USQCD/build/qdpxx/other_libs/qio/examples'
make[4]: Nothing to be done for 'install-data-am'.
 /usr/bin/mkdir -p '/home/jinchen/USQCD/install/qdpxx/bin'
  /usr/bin/install -c qio-convert-mesh-ppfs qio-copy-mesh-ppfs '/home/jinchen/USQCD/install/qdpxx/bin'
make[4]: Leaving directory '/home/jinchen/USQCD/build/qdpxx/other_libs/qio/examples'
make[3]: Leaving directory '/home/jinchen/USQCD/build/qdpxx/other_libs/qio/examples'
Making install in doc
make[3]: Entering directory '/home/jinchen/USQCD/build/qdpxx/other_libs/qio/doc'
make[4]: Entering directory '/home/jinchen/USQCD/build/qdpxx/other_libs/qio/doc'
make[4]: Nothing to be done for 'install-exec-am'.
make[4]: Nothing to be done for 'install-data-am'.
make[4]: Leaving directory '/home/jinchen/USQCD/build/qdpxx/other_libs/qio/doc'
make[3]: Leaving directory '/home/jinchen/USQCD/build/qdpxx/other_libs/qio/doc'
make[3]: Entering directory '/home/jinchen/USQCD/build/qdpxx/other_libs/qio'
make[4]: Entering directory '/home/jinchen/USQCD/build/qdpxx/other_libs/qio'
make[4]: Nothing to be done for 'install-exec-am'.
make[4]: Nothing to be done for 'install-data-am'.
make[4]: Leaving directory '/home/jinchen/USQCD/build/qdpxx/other_libs/qio'
make[3]: Leaving directory '/home/jinchen/USQCD/build/qdpxx/other_libs/qio'
make[2]: Leaving directory '/home/jinchen/USQCD/build/qdpxx/other_libs/qio'
Making install in xpath_reader
make[2]: Entering directory '/home/jinchen/USQCD/build/qdpxx/other_libs/xpath_reader'
Making install in lib
make[3]: Entering directory '/home/jinchen/USQCD/build/qdpxx/other_libs/xpath_reader/lib'
make[4]: Entering directory '/home/jinchen/USQCD/build/qdpxx/other_libs/xpath_reader/lib'
make[4]: Nothing to be done for 'install-data-am'.
 /usr/bin/mkdir -p '/home/jinchen/USQCD/install/qdpxx/lib'
 /usr/bin/install -c -m 644  libXPathReader.a libxmlWriter.a '/home/jinchen/USQCD/install/qdpxx/lib'
 ( cd '/home/jinchen/USQCD/install/qdpxx/lib' && ranlib libXPathReader.a )
 ( cd '/home/jinchen/USQCD/install/qdpxx/lib' && ranlib libxmlWriter.a )
make[4]: Leaving directory '/home/jinchen/USQCD/build/qdpxx/other_libs/xpath_reader/lib'
make[3]: Leaving directory '/home/jinchen/USQCD/build/qdpxx/other_libs/xpath_reader/lib'
Making install in examples
make[3]: Entering directory '/home/jinchen/USQCD/build/qdpxx/other_libs/xpath_reader/examples'
cd ../lib ; make
make[4]: Entering directory '/home/jinchen/USQCD/build/qdpxx/other_libs/xpath_reader/lib'
make[4]: Nothing to be done for 'all'.
make[4]: Leaving directory '/home/jinchen/USQCD/build/qdpxx/other_libs/xpath_reader/lib'
/usr/bin/mpicxx -I/home/jinchen/USQCD/source/qdpxx/other_libs/xpath_reader/include -I/usr/include/libxml2 -O3 -std=c++11 -march=broadwell -ffast-math -funroll-all-loops -fpermissive -fopenmp -I/usr/include/hdf5/openmpi -L../lib -L/usr/local/openmpi/lib -L/home/jinchen/USQCD/build/qdpxx/other_libs/qio/lib  -o print_xpath print_xpath.o -lXPathReader -lxmlWriter  -lxml2  
/usr/bin/mpicxx -I/home/jinchen/USQCD/source/qdpxx/other_libs/xpath_reader/include -I/usr/include/libxml2 -O3 -std=c++11 -march=broadwell -ffast-math -funroll-all-loops -fpermissive -fopenmp -I/usr/include/hdf5/openmpi -L../lib -L/usr/local/openmpi/lib -L/home/jinchen/USQCD/build/qdpxx/other_libs/qio/lib  -o replace_xpath replace_xpath.o -lXPathReader -lxmlWriter  -lxml2  
/usr/bin/mpicxx -I/home/jinchen/USQCD/source/qdpxx/other_libs/xpath_reader/include -I/usr/include/libxml2 -O3 -std=c++11 -march=broadwell -ffast-math -funroll-all-loops -fpermissive -fopenmp -I/usr/include/hdf5/openmpi -L../lib -L/usr/local/openmpi/lib -L/home/jinchen/USQCD/build/qdpxx/other_libs/qio/lib  -o print_nodeset print_nodeset.o -lXPathReader -lxmlWriter  -lxml2  
make[4]: Entering directory '/home/jinchen/USQCD/build/qdpxx/other_libs/xpath_reader/examples'
cd ../lib ; make
make[4]: Nothing to be done for 'install-data-am'.
make[5]: Entering directory '/home/jinchen/USQCD/build/qdpxx/other_libs/xpath_reader/lib'
make[5]: Nothing to be done for 'all'.
make[5]: Leaving directory '/home/jinchen/USQCD/build/qdpxx/other_libs/xpath_reader/lib'
/usr/bin/mpicxx -I/home/jinchen/USQCD/source/qdpxx/other_libs/xpath_reader/include -I/usr/include/libxml2 -O3 -std=c++11 -march=broadwell -ffast-math -funroll-all-loops -fpermissive -fopenmp -I/usr/include/hdf5/openmpi -L../lib -L/usr/local/openmpi/lib -L/home/jinchen/USQCD/build/qdpxx/other_libs/qio/lib  -o print_xpath print_xpath.o -lXPathReader -lxmlWriter  -lxml2  
/usr/bin/mpicxx -I/home/jinchen/USQCD/source/qdpxx/other_libs/xpath_reader/include -I/usr/include/libxml2 -O3 -std=c++11 -march=broadwell -ffast-math -funroll-all-loops -fpermissive -fopenmp -I/usr/include/hdf5/openmpi -L../lib -L/usr/local/openmpi/lib -L/home/jinchen/USQCD/build/qdpxx/other_libs/qio/lib  -o print_nodeset print_nodeset.o -lXPathReader -lxmlWriter  -lxml2  
/usr/bin/mpicxx -I/home/jinchen/USQCD/source/qdpxx/other_libs/xpath_reader/include -I/usr/include/libxml2 -O3 -std=c++11 -march=broadwell -ffast-math -funroll-all-loops -fpermissive -fopenmp -I/usr/include/hdf5/openmpi -L../lib -L/usr/local/openmpi/lib -L/home/jinchen/USQCD/build/qdpxx/other_libs/qio/lib  -o replace_xpath replace_xpath.o -lXPathReader -lxmlWriter  -lxml2  
 /usr/bin/mkdir -p '/home/jinchen/USQCD/install/qdpxx/bin'
  /usr/bin/install -c print_xpath print_nodeset replace_xpath '/home/jinchen/USQCD/install/qdpxx/bin'
make[4]: Leaving directory '/home/jinchen/USQCD/build/qdpxx/other_libs/xpath_reader/examples'
make[3]: Leaving directory '/home/jinchen/USQCD/build/qdpxx/other_libs/xpath_reader/examples'
Making install in include
make[3]: Entering directory '/home/jinchen/USQCD/build/qdpxx/other_libs/xpath_reader/include'
make[4]: Entering directory '/home/jinchen/USQCD/build/qdpxx/other_libs/xpath_reader/include'
make[4]: Nothing to be done for 'install-exec-am'.
 /usr/bin/mkdir -p '/home/jinchen/USQCD/install/qdpxx/include'
 /usr/bin/mkdir -p '/home/jinchen/USQCD/install/qdpxx/include'
 /usr/bin/install -c -m 644 /home/jinchen/USQCD/source/qdpxx/other_libs/xpath_reader/include/xpath_reader_config.h /home/jinchen/USQCD/source/qdpxx/other_libs/xpath_reader/include/xpath_reader.h /home/jinchen/USQCD/source/qdpxx/other_libs/xpath_reader/include/basic_xpath_reader.h /home/jinchen/USQCD/source/qdpxx/other_libs/xpath_reader/include/xml_tcomplex.h /home/jinchen/USQCD/source/qdpxx/other_libs/xpath_reader/include/xml_array.h /home/jinchen/USQCD/source/qdpxx/other_libs/xpath_reader/include/xml_array2d.h /home/jinchen/USQCD/source/qdpxx/other_libs/xpath_reader/include/xml_array3d.h /home/jinchen/USQCD/source/qdpxx/other_libs/xpath_reader/include/xml_array4d.h /home/jinchen/USQCD/source/qdpxx/other_libs/xpath_reader/include/xml_document.h /home/jinchen/USQCD/source/qdpxx/other_libs/xpath_reader/include/xml_attribute.h /home/jinchen/USQCD/source/qdpxx/other_libs/xpath_reader/include/xml_writer.h /home/jinchen/USQCD/source/qdpxx/other_libs/xpath_reader/include/xml_simplewriter.h /home/jinchen/USQCD/source/qdpxx/other_libs/xpath_reader/include/xml_simpleschemawriter.h /home/jinchen/USQCD/source/qdpxx/other_libs/xpath_reader/include/xml_struct_writer.h /home/jinchen/USQCD/source/qdpxx/other_libs/xpath_reader/include/xml_array_writer.h /home/jinchen/USQCD/source/qdpxx/other_libs/xpath_reader/include/xml_array_type.h /home/jinchen/USQCD/source/qdpxx/other_libs/xpath_reader/include/xml_schemawriter.h '/home/jinchen/USQCD/install/qdpxx/include'
 /usr/bin/install -c -m 644 xpath_reader_config_internal.h '/home/jinchen/USQCD/install/qdpxx/include'
make[4]: Leaving directory '/home/jinchen/USQCD/build/qdpxx/other_libs/xpath_reader/include'
make[3]: Leaving directory '/home/jinchen/USQCD/build/qdpxx/other_libs/xpath_reader/include'
make[3]: Entering directory '/home/jinchen/USQCD/build/qdpxx/other_libs/xpath_reader'
make[4]: Entering directory '/home/jinchen/USQCD/build/qdpxx/other_libs/xpath_reader'
make[4]: Nothing to be done for 'install-exec-am'.
make[4]: Nothing to be done for 'install-data-am'.
make[4]: Leaving directory '/home/jinchen/USQCD/build/qdpxx/other_libs/xpath_reader'
make[3]: Leaving directory '/home/jinchen/USQCD/build/qdpxx/other_libs/xpath_reader'
make[2]: Leaving directory '/home/jinchen/USQCD/build/qdpxx/other_libs/xpath_reader'
make[2]: Entering directory '/home/jinchen/USQCD/build/qdpxx/other_libs'
make[3]: Entering directory '/home/jinchen/USQCD/build/qdpxx/other_libs'
make[3]: Nothing to be done for 'install-exec-am'.
make[3]: Nothing to be done for 'install-data-am'.
make[3]: Leaving directory '/home/jinchen/USQCD/build/qdpxx/other_libs'
make[2]: Leaving directory '/home/jinchen/USQCD/build/qdpxx/other_libs'
make[1]: Leaving directory '/home/jinchen/USQCD/build/qdpxx/other_libs'
Making install in tests
make[1]: Entering directory '/home/jinchen/USQCD/build/qdpxx/tests'
make[2]: Entering directory '/home/jinchen/USQCD/build/qdpxx/tests'
make[2]: Nothing to be done for 'install-exec-am'.
make[2]: Nothing to be done for 'install-data-am'.
make[2]: Leaving directory '/home/jinchen/USQCD/build/qdpxx/tests'
make[1]: Leaving directory '/home/jinchen/USQCD/build/qdpxx/tests'
make[1]: Entering directory '/home/jinchen/USQCD/build/qdpxx'
make[2]: Entering directory '/home/jinchen/USQCD/build/qdpxx'
 /usr/bin/mkdir -p '/home/jinchen/USQCD/install/qdpxx/bin'
 /usr/bin/mkdir -p '/home/jinchen/USQCD/install/qdpxx/share'
 /usr/bin/install -c qdp++-config '/home/jinchen/USQCD/install/qdpxx/bin'
 /usr/bin/install -c -m 644 FindQDPXX.cmake '/home/jinchen/USQCD/install/qdpxx/share'
make[2]: Leaving directory '/home/jinchen/USQCD/build/qdpxx'
make[1]: Leaving directory '/home/jinchen/USQCD/build/qdpxx'
